MRNG Results
Query: 0
Nearest neighbor-1: 9924
distanceApproxmiate: 1988.16
distanceTrue: 676.584
Query: 1
Nearest neighbor-1: 42723
distanceApproxmiate: 2025.16
distanceTrue: 1162.93
Query: 2
Nearest neighbor-1: 58741
distanceApproxmiate: 321.663
distanceTrue: 321.663
Query: 3
Nearest neighbor-1: 42173
distanceApproxmiate: 2502.56
distanceTrue: 1221.58
Query: 4
Nearest neighbor-1: 39886
distanceApproxmiate: 2159.98
distanceTrue: 1092.53
Query: 5
Nearest neighbor-1: 51900
distanceApproxmiate: 312.122
distanceTrue: 298.124
Query: 6
Nearest neighbor-1: 39720
distanceApproxmiate: 1515.42
distanceTrue: 1302.71
Query: 7
Nearest neighbor-1: 34962
distanceApproxmiate: 1477.58
distanceTrue: 1289.7
Query: 8
Nearest neighbor-1: 9924
distanceApproxmiate: 2351.58
distanceTrue: 1735.34
Query: 9
Nearest neighbor-1: 5044
distanceApproxmiate: 991.598
distanceTrue: 991.598
Query: 10
Nearest neighbor-1: 9924
distanceApproxmiate: 1988.16
distanceTrue: 676.584
Query: 11
Nearest neighbor-1: 42723
distanceApproxmiate: 2025.16
distanceTrue: 1162.93
Query: 12
Nearest neighbor-1: 58741
distanceApproxmiate: 321.663
distanceTrue: 321.663
Query: 13
Nearest neighbor-1: 42173
distanceApproxmiate: 2502.56
distanceTrue: 1221.58
Query: 14
Nearest neighbor-1: 39886
distanceApproxmiate: 2159.98
distanceTrue: 1092.53
Query: 15
Nearest neighbor-1: 51900
distanceApproxmiate: 312.122
distanceTrue: 298.124
Query: 16
Nearest neighbor-1: 39720
distanceApproxmiate: 1515.42
distanceTrue: 1302.71
Query: 17
Nearest neighbor-1: 34962
distanceApproxmiate: 1477.58
distanceTrue: 1289.7
Query: 18
Nearest neighbor-1: 9924
distanceApproxmiate: 2351.58
distanceTrue: 1735.34
Query: 19
Nearest neighbor-1: 5044
distanceApproxmiate: 991.598
distanceTrue: 991.598
Query: 20
Nearest neighbor-1: 9924
distanceApproxmiate: 1988.16
distanceTrue: 676.584
Query: 21
Nearest neighbor-1: 42723
distanceApproxmiate: 2025.16
distanceTrue: 1162.93
Query: 22
Nearest neighbor-1: 58741
distanceApproxmiate: 321.663
distanceTrue: 321.663
Query: 23
Nearest neighbor-1: 42173
distanceApproxmiate: 2502.56
distanceTrue: 1221.58
Query: 24
Nearest neighbor-1: 39886
distanceApproxmiate: 2159.98
distanceTrue: 1092.53
Query: 25
Nearest neighbor-1: 51900
distanceApproxmiate: 312.122
distanceTrue: 298.124
Query: 26
Nearest neighbor-1: 39720
distanceApproxmiate: 1515.42
distanceTrue: 1302.71
Query: 27
Nearest neighbor-1: 34962
distanceApproxmiate: 1477.58
distanceTrue: 1289.7
Query: 28
Nearest neighbor-1: 9924
distanceApproxmiate: 2351.58
distanceTrue: 1735.34
Query: 29
Nearest neighbor-1: 5044
distanceApproxmiate: 991.598
distanceTrue: 991.598
Query: 30
Nearest neighbor-1: 9924
distanceApproxmiate: 1988.16
distanceTrue: 676.584
Query: 31
Nearest neighbor-1: 42723
distanceApproxmiate: 2025.16
distanceTrue: 1162.93
Query: 32
Nearest neighbor-1: 58741
distanceApproxmiate: 321.663
distanceTrue: 321.663
Query: 33
Nearest neighbor-1: 42173
distanceApproxmiate: 2502.56
distanceTrue: 1221.58
Query: 34
Nearest neighbor-1: 39886
distanceApproxmiate: 2159.98
distanceTrue: 1092.53
Query: 35
Nearest neighbor-1: 51900
distanceApproxmiate: 312.122
distanceTrue: 298.124
Query: 36
Nearest neighbor-1: 39720
distanceApproxmiate: 1515.42
distanceTrue: 1302.71
Query: 37
Nearest neighbor-1: 34962
distanceApproxmiate: 1477.58
distanceTrue: 1289.7
Query: 38
Nearest neighbor-1: 9924
distanceApproxmiate: 2351.58
distanceTrue: 1735.34
Query: 39
Nearest neighbor-1: 5044
distanceApproxmiate: 991.598
distanceTrue: 991.598
Query: 40
Nearest neighbor-1: 9924
distanceApproxmiate: 1988.16
distanceTrue: 676.584
Query: 41
Nearest neighbor-1: 42723
distanceApproxmiate: 2025.16
distanceTrue: 1162.93
Query: 42
Nearest neighbor-1: 58741
distanceApproxmiate: 321.663
distanceTrue: 321.663
Query: 43
Nearest neighbor-1: 42173
distanceApproxmiate: 2502.56
distanceTrue: 1221.58
Query: 44
Nearest neighbor-1: 39886
distanceApproxmiate: 2159.98
distanceTrue: 1092.53
Query: 45
Nearest neighbor-1: 51900
distanceApproxmiate: 312.122
distanceTrue: 298.124
Query: 46
Nearest neighbor-1: 39720
distanceApproxmiate: 1515.42
distanceTrue: 1302.71
Query: 47
Nearest neighbor-1: 34962
distanceApproxmiate: 1477.58
distanceTrue: 1289.7
Query: 48
Nearest neighbor-1: 9924
distanceApproxmiate: 2351.58
distanceTrue: 1735.34
Query: 49
Nearest neighbor-1: 5044
distanceApproxmiate: 991.598
distanceTrue: 991.598
Query: 50
Nearest neighbor-1: 9924
distanceApproxmiate: 1988.16
distanceTrue: 676.584
Query: 51
Nearest neighbor-1: 42723
distanceApproxmiate: 2025.16
distanceTrue: 1162.93
Query: 52
Nearest neighbor-1: 58741
distanceApproxmiate: 321.663
distanceTrue: 321.663
Query: 53
Nearest neighbor-1: 42173
distanceApproxmiate: 2502.56
distanceTrue: 1221.58
Query: 54
Nearest neighbor-1: 39886
distanceApproxmiate: 2159.98
distanceTrue: 1092.53
Query: 55
Nearest neighbor-1: 51900
distanceApproxmiate: 312.122
distanceTrue: 298.124
Query: 56
Nearest neighbor-1: 39720
distanceApproxmiate: 1515.42
distanceTrue: 1302.71
Query: 57
Nearest neighbor-1: 34962
distanceApproxmiate: 1477.58
distanceTrue: 1289.7
Query: 58
Nearest neighbor-1: 9924
distanceApproxmiate: 2351.58
distanceTrue: 1735.34
Query: 59
Nearest neighbor-1: 5044
distanceApproxmiate: 991.598
distanceTrue: 991.598
Query: 60
Nearest neighbor-1: 9924
distanceApproxmiate: 1988.16
distanceTrue: 676.584
Query: 61
Nearest neighbor-1: 42723
distanceApproxmiate: 2025.16
distanceTrue: 1162.93
Query: 62
Nearest neighbor-1: 58741
distanceApproxmiate: 321.663
distanceTrue: 321.663
Query: 63
Nearest neighbor-1: 42173
distanceApproxmiate: 2502.56
distanceTrue: 1221.58
Query: 64
Nearest neighbor-1: 39886
distanceApproxmiate: 2159.98
distanceTrue: 1092.53
Query: 65
Nearest neighbor-1: 51900
distanceApproxmiate: 312.122
distanceTrue: 298.124
Query: 66
Nearest neighbor-1: 39720
distanceApproxmiate: 1515.42
distanceTrue: 1302.71
Query: 67
Nearest neighbor-1: 34962
distanceApproxmiate: 1477.58
distanceTrue: 1289.7
Query: 68
Nearest neighbor-1: 9924
distanceApproxmiate: 2351.58
distanceTrue: 1735.34
Query: 69
Nearest neighbor-1: 5044
distanceApproxmiate: 991.598
distanceTrue: 991.598
Query: 70
Nearest neighbor-1: 9924
distanceApproxmiate: 1988.16
distanceTrue: 676.584
Query: 71
Nearest neighbor-1: 42723
distanceApproxmiate: 2025.16
distanceTrue: 1162.93
Query: 72
Nearest neighbor-1: 58741
distanceApproxmiate: 321.663
distanceTrue: 321.663
Query: 73
Nearest neighbor-1: 42173
distanceApproxmiate: 2502.56
distanceTrue: 1221.58
Query: 74
Nearest neighbor-1: 39886
distanceApproxmiate: 2159.98
distanceTrue: 1092.53
Query: 75
Nearest neighbor-1: 51900
distanceApproxmiate: 312.122
distanceTrue: 298.124
Query: 76
Nearest neighbor-1: 39720
distanceApproxmiate: 1515.42
distanceTrue: 1302.71
Query: 77
Nearest neighbor-1: 34962
distanceApproxmiate: 1477.58
distanceTrue: 1289.7
Query: 78
Nearest neighbor-1: 9924
distanceApproxmiate: 2351.58
distanceTrue: 1735.34
Query: 79
Nearest neighbor-1: 5044
distanceApproxmiate: 991.598
distanceTrue: 991.598
Query: 80
Nearest neighbor-1: 9924
distanceApproxmiate: 1988.16
distanceTrue: 676.584
Query: 81
Nearest neighbor-1: 42723
distanceApproxmiate: 2025.16
distanceTrue: 1162.93
Query: 82
Nearest neighbor-1: 58741
distanceApproxmiate: 321.663
distanceTrue: 321.663
Query: 83
Nearest neighbor-1: 42173
distanceApproxmiate: 2502.56
distanceTrue: 1221.58
Query: 84
Nearest neighbor-1: 39886
distanceApproxmiate: 2159.98
distanceTrue: 1092.53
Query: 85
Nearest neighbor-1: 51900
distanceApproxmiate: 312.122
distanceTrue: 298.124
Query: 86
Nearest neighbor-1: 39720
distanceApproxmiate: 1515.42
distanceTrue: 1302.71
Query: 87
Nearest neighbor-1: 34962
distanceApproxmiate: 1477.58
distanceTrue: 1289.7
Query: 88
Nearest neighbor-1: 9924
distanceApproxmiate: 2351.58
distanceTrue: 1735.34
Query: 89
Nearest neighbor-1: 5044
distanceApproxmiate: 991.598
distanceTrue: 991.598
Query: 90
Nearest neighbor-1: 9924
distanceApproxmiate: 1988.16
distanceTrue: 676.584
Query: 91
Nearest neighbor-1: 42723
distanceApproxmiate: 2025.16
distanceTrue: 1162.93
Query: 92
Nearest neighbor-1: 58741
distanceApproxmiate: 321.663
distanceTrue: 321.663
Query: 93
Nearest neighbor-1: 42173
distanceApproxmiate: 2502.56
distanceTrue: 1221.58
Query: 94
Nearest neighbor-1: 39886
distanceApproxmiate: 2159.98
distanceTrue: 1092.53
Query: 95
Nearest neighbor-1: 51900
distanceApproxmiate: 312.122
distanceTrue: 298.124
Query: 96
Nearest neighbor-1: 39720
distanceApproxmiate: 1515.42
distanceTrue: 1302.71
Query: 97
Nearest neighbor-1: 34962
distanceApproxmiate: 1477.58
distanceTrue: 1289.7
Query: 98
Nearest neighbor-1: 9924
distanceApproxmiate: 2351.58
distanceTrue: 1735.34
Query: 99
Nearest neighbor-1: 5044
distanceApproxmiate: 991.598
distanceTrue: 991.598
tAverageApproximate: 4419
tAverageTrue: 875300
MAF: 2.93853
AAF: 1.54166
