MRNG Results
Query: 0
Nearest neighbor-1: 29210
distanceApproxmiate: 1586.32
distanceTrue: 670.112
Query: 1
Nearest neighbor-1: 24650
distanceApproxmiate: 2422.81
distanceTrue: 1162.93
Query: 2
Nearest neighbor-1: 44038
distanceApproxmiate: 377.33
distanceTrue: 321.663
Query: 3
Nearest neighbor-1: 49009
distanceApproxmiate: 2344.05
distanceTrue: 1221.58
Query: 4
Nearest neighbor-1: 40706
distanceApproxmiate: 2459.93
distanceTrue: 1092.53
Query: 5
Nearest neighbor-1: 18051
distanceApproxmiate: 2031.08
distanceTrue: 298.124
Query: 6
Nearest neighbor-1: 53226
distanceApproxmiate: 1854.66
distanceTrue: 1302.71
Query: 7
Nearest neighbor-1: 48899
distanceApproxmiate: 2379.15
distanceTrue: 1249.16
Query: 8
Nearest neighbor-1: 18573
distanceApproxmiate: 2505.12
distanceTrue: 1735.34
Query: 9
Nearest neighbor-1: 49469
distanceApproxmiate: 1377.73
distanceTrue: 985.211
Query: 10
Nearest neighbor-1: 12924
distanceApproxmiate: 2056.54
distanceTrue: 1100.89
Query: 11
Nearest neighbor-1: 48899
distanceApproxmiate: 2622.06
distanceTrue: 1464.38
Query: 12
Nearest neighbor-1: 48933
distanceApproxmiate: 2184.02
distanceTrue: 804.688
Query: 13
Nearest neighbor-1: 32899
distanceApproxmiate: 896.576
distanceTrue: 896.576
Query: 14
Nearest neighbor-1: 50286
distanceApproxmiate: 2115.77
distanceTrue: 621.283
Query: 15
Nearest neighbor-1: 39412
distanceApproxmiate: 1959.88
distanceTrue: 1416.47
Query: 16
Nearest neighbor-1: 48933
distanceApproxmiate: 2460.46
distanceTrue: 881.039
Query: 17
Nearest neighbor-1: 29919
distanceApproxmiate: 1479.82
distanceTrue: 778.145
Query: 18
Nearest neighbor-1: 37464
distanceApproxmiate: 1807.05
distanceTrue: 1634.4
Query: 19
Nearest neighbor-1: 40706
distanceApproxmiate: 1857.55
distanceTrue: 912.137
Query: 20
Nearest neighbor-1: 41503
distanceApproxmiate: 1004.34
distanceTrue: 945.913
Query: 21
Nearest neighbor-1: 13940
distanceApproxmiate: 1765.43
distanceTrue: 951.667
Query: 22
Nearest neighbor-1: 49009
distanceApproxmiate: 2506.17
distanceTrue: 1211.48
Query: 23
Nearest neighbor-1: 45886
distanceApproxmiate: 2008.84
distanceTrue: 1212.81
Query: 24
Nearest neighbor-1: 40706
distanceApproxmiate: 2029.41
distanceTrue: 1114.46
Query: 25
Nearest neighbor-1: 49009
distanceApproxmiate: 3126.48
distanceTrue: 1388.34
Query: 26
Nearest neighbor-1: 48933
distanceApproxmiate: 2364.48
distanceTrue: 915.757
Query: 27
Nearest neighbor-1: 40706
distanceApproxmiate: 2101.52
distanceTrue: 1039.88
Query: 28
Nearest neighbor-1: 43776
distanceApproxmiate: 2190.77
distanceTrue: 1153.52
Query: 29
Nearest neighbor-1: 15532
distanceApproxmiate: 1903.81
distanceTrue: 489.344
Query: 30
Nearest neighbor-1: 16763
distanceApproxmiate: 1639.82
distanceTrue: 1217.13
Query: 31
Nearest neighbor-1: 38322
distanceApproxmiate: 1741.32
distanceTrue: 431.441
Query: 32
Nearest neighbor-1: 14738
distanceApproxmiate: 1641.96
distanceTrue: 804.497
Query: 33
Nearest neighbor-1: 18573
distanceApproxmiate: 2615.95
distanceTrue: 1384.31
Query: 34
Nearest neighbor-1: 20452
distanceApproxmiate: 1245.63
distanceTrue: 804.335
Query: 35
Nearest neighbor-1: 50403
distanceApproxmiate: 2931.08
distanceTrue: 1530.99
Query: 36
Nearest neighbor-1: 20588
distanceApproxmiate: 2008.54
distanceTrue: 1238.68
Query: 37
Nearest neighbor-1: 50286
distanceApproxmiate: 2275.7
distanceTrue: 321.93
Query: 38
Nearest neighbor-1: 50658
distanceApproxmiate: 1960.47
distanceTrue: 1280.14
Query: 39
Nearest neighbor-1: 18051
distanceApproxmiate: 2238.92
distanceTrue: 480.162
Query: 40
Nearest neighbor-1: 48708
distanceApproxmiate: 1451.21
distanceTrue: 439.772
Query: 41
Nearest neighbor-1: 18051
distanceApproxmiate: 2182.01
distanceTrue: 1007.95
Query: 42
Nearest neighbor-1: 18051
distanceApproxmiate: 2324.52
distanceTrue: 1040.68
Query: 43
Nearest neighbor-1: 25023
distanceApproxmiate: 2244.3
distanceTrue: 1500.39
Query: 44
Nearest neighbor-1: 7660
distanceApproxmiate: 1769.77
distanceTrue: 1131.74
Query: 45
Nearest neighbor-1: 6282
distanceApproxmiate: 1583.24
distanceTrue: 1263.78
Query: 46
Nearest neighbor-1: 15532
distanceApproxmiate: 1886.3
distanceTrue: 635.8
Query: 47
Nearest neighbor-1: 49009
distanceApproxmiate: 2404.81
distanceTrue: 1312.14
Query: 48
Nearest neighbor-1: 22241
distanceApproxmiate: 2235.6
distanceTrue: 1272.27
Query: 49
Nearest neighbor-1: 11108
distanceApproxmiate: 2192.28
distanceTrue: 1054.42
Query: 50
Nearest neighbor-1: 7543
distanceApproxmiate: 1462.64
distanceTrue: 953.655
Query: 51
Nearest neighbor-1: 16763
distanceApproxmiate: 2180.84
distanceTrue: 1285.62
Query: 52
Nearest neighbor-1: 40733
distanceApproxmiate: 1961.49
distanceTrue: 1219.93
Query: 53
Nearest neighbor-1: 57821
distanceApproxmiate: 1613.72
distanceTrue: 1168.57
Query: 54
Nearest neighbor-1: 18573
distanceApproxmiate: 2782.18
distanceTrue: 1242.94
Query: 55
Nearest neighbor-1: 29388
distanceApproxmiate: 1348.51
distanceTrue: 730.933
Query: 56
Nearest neighbor-1: 31622
distanceApproxmiate: 2410.22
distanceTrue: 1204.69
Query: 57
Nearest neighbor-1: 34162
distanceApproxmiate: 514.577
distanceTrue: 390.574
Query: 58
Nearest neighbor-1: 48933
distanceApproxmiate: 2358.32
distanceTrue: 875.187
Query: 59
Nearest neighbor-1: 39025
distanceApproxmiate: 1840.47
distanceTrue: 1027.37
Query: 60
Nearest neighbor-1: 46466
distanceApproxmiate: 2191.61
distanceTrue: 1158.07
Query: 61
Nearest neighbor-1: 36409
distanceApproxmiate: 2276.83
distanceTrue: 1657.31
Query: 62
Nearest neighbor-1: 33539
distanceApproxmiate: 1914.83
distanceTrue: 1042.9
Query: 63
Nearest neighbor-1: 49009
distanceApproxmiate: 2300.25
distanceTrue: 1326.84
Query: 64
Nearest neighbor-1: 49495
distanceApproxmiate: 2071.38
distanceTrue: 1459.39
Query: 65
Nearest neighbor-1: 40706
distanceApproxmiate: 1839.58
distanceTrue: 1029.84
Query: 66
Nearest neighbor-1: 49009
distanceApproxmiate: 2510.56
distanceTrue: 1254.9
Query: 67
Nearest neighbor-1: 48933
distanceApproxmiate: 2638.38
distanceTrue: 1198.5
Query: 68
Nearest neighbor-1: 35932
distanceApproxmiate: 1865.76
distanceTrue: 958.013
Query: 69
Nearest neighbor-1: 18573
distanceApproxmiate: 2482.92
distanceTrue: 873.547
Query: 70
Nearest neighbor-1: 29919
distanceApproxmiate: 1721.19
distanceTrue: 954.377
Query: 71
Nearest neighbor-1: 18573
distanceApproxmiate: 2458.77
distanceTrue: 1013.71
Query: 72
Nearest neighbor-1: 37042
distanceApproxmiate: 2403
distanceTrue: 1542.31
Query: 73
Nearest neighbor-1: 18051
distanceApproxmiate: 1606.13
distanceTrue: 1123.18
Query: 74
Nearest neighbor-1: 153
distanceApproxmiate: 1795.89
distanceTrue: 437.254
Query: 75
Nearest neighbor-1: 18051
distanceApproxmiate: 2390.85
distanceTrue: 961.368
Query: 76
Nearest neighbor-1: 50906
distanceApproxmiate: 1584.35
distanceTrue: 932.156
Query: 77
Nearest neighbor-1: 20588
distanceApproxmiate: 1957.68
distanceTrue: 1366.16
Query: 78
Nearest neighbor-1: 27611
distanceApproxmiate: 1292.96
distanceTrue: 981.83
Query: 79
Nearest neighbor-1: 18051
distanceApproxmiate: 2328.41
distanceTrue: 869.289
Query: 80
Nearest neighbor-1: 48933
distanceApproxmiate: 2375.59
distanceTrue: 1025
Query: 81
Nearest neighbor-1: 33730
distanceApproxmiate: 1495.4
distanceTrue: 1081.65
Query: 82
Nearest neighbor-1: 49009
distanceApproxmiate: 2702.85
distanceTrue: 1252.06
Query: 83
Nearest neighbor-1: 48933
distanceApproxmiate: 2390.19
distanceTrue: 851.563
Query: 84
Nearest neighbor-1: 13122
distanceApproxmiate: 2105.58
distanceTrue: 1458.32
Query: 85
Nearest neighbor-1: 40706
distanceApproxmiate: 2518.42
distanceTrue: 1312.89
Query: 86
Nearest neighbor-1: 18051
distanceApproxmiate: 2034.81
distanceTrue: 761.512
Query: 87
Nearest neighbor-1: 56624
distanceApproxmiate: 1782.93
distanceTrue: 1480.01
Query: 88
Nearest neighbor-1: 16976
distanceApproxmiate: 2309.78
distanceTrue: 1051.66
Query: 89
Nearest neighbor-1: 18051
distanceApproxmiate: 2033.57
distanceTrue: 589.283
Query: 90
Nearest neighbor-1: 59828
distanceApproxmiate: 1450.29
distanceTrue: 1081.47
Query: 91
Nearest neighbor-1: 3861
distanceApproxmiate: 1205.62
distanceTrue: 908.08
Query: 92
Nearest neighbor-1: 57085
distanceApproxmiate: 1277.14
distanceTrue: 1045.25
Query: 93
Nearest neighbor-1: 50815
distanceApproxmiate: 1319.68
distanceTrue: 1173.25
Query: 94
Nearest neighbor-1: 48899
distanceApproxmiate: 2492.35
distanceTrue: 709.255
Query: 95
Nearest neighbor-1: 48933
distanceApproxmiate: 2919.15
distanceTrue: 1653.3
Query: 96
Nearest neighbor-1: 7692
distanceApproxmiate: 1526.57
distanceTrue: 705.661
Query: 97
Nearest neighbor-1: 41194
distanceApproxmiate: 1555.91
distanceTrue: 1263.66
Query: 98
Nearest neighbor-1: 6236
distanceApproxmiate: 1347.64
distanceTrue: 1122.06
Query: 99
Nearest neighbor-1: 48933
distanceApproxmiate: 2672.61
distanceTrue: 990.712
tAverageApproximate: 468
tAverageTrue: 835599
MAF: 13.6618
AAF: 2.82785
