Query: 0
Nearest neighbor-1: 14563
distanceHC: 896.937
distanceTrue: 670.112
tCube: 9071
tTrue: 822608
R-near neighbors: 
Query: 1
Nearest neighbor-1: 12844
distanceHC: 1598.8
distanceTrue: 1162.93
tCube: 9497
tTrue: 868124
R-near neighbors: 
Query: 2
Nearest neighbor-1: 47333
distanceHC: 367.715
distanceTrue: 321.663
tCube: 9016
tTrue: 792329
R-near neighbors: 
Query: 3
Nearest neighbor-1: 29044
distanceHC: 1221.58
distanceTrue: 1221.58
tCube: 8667
tTrue: 873888
R-near neighbors: 
Query: 4
Nearest neighbor-1: 24120
distanceHC: 1347.15
distanceTrue: 1092.53
tCube: 9150
tTrue: 841785
R-near neighbors: 
Query: 5
Nearest neighbor-1: 44622
distanceHC: 502.87
distanceTrue: 298.124
tCube: 9046
tTrue: 800688
R-near neighbors: 
Query: 6
Nearest neighbor-1: 49676
distanceHC: 1470.66
distanceTrue: 1302.71
tCube: 7525
tTrue: 846522
R-near neighbors: 
Query: 7
Nearest neighbor-1: 3636
distanceHC: 1889.66
distanceTrue: 1249.16
tCube: 9064
tTrue: 838940
R-near neighbors: 
Query: 8
Nearest neighbor-1: 53309
distanceHC: 1797.21
distanceTrue: 1735.34
tCube: 8934
tTrue: 868628
R-near neighbors: 
Query: 9
Nearest neighbor-1: 17167
distanceHC: 1143.79
distanceTrue: 985.211
tCube: 9610
tTrue: 856048
R-near neighbors: 
Query: 10
Nearest neighbor-1: 2864
distanceHC: 1195.71
distanceTrue: 1100.89
tCube: 7892
tTrue: 885369
R-near neighbors: 
Query: 11
Nearest neighbor-1: 29776
distanceHC: 1663.85
distanceTrue: 1464.38
tCube: 7408
tTrue: 879970
R-near neighbors: 
Query: 12
Nearest neighbor-1: 26185
distanceHC: 1215.64
distanceTrue: 804.688
tCube: 8624
tTrue: 828724
R-near neighbors: 
Query: 13
Nearest neighbor-1: 23586
distanceHC: 1302.37
distanceTrue: 896.576
tCube: 8607
tTrue: 874419
R-near neighbors: 
Query: 14
Nearest neighbor-1: 24352
distanceHC: 634.438
distanceTrue: 621.283
tCube: 9002
tTrue: 795951
R-near neighbors: 
Query: 15
Nearest neighbor-1: 21016
distanceHC: 1672.88
distanceTrue: 1416.47
tCube: 9150
tTrue: 857490
R-near neighbors: 
Query: 16
Nearest neighbor-1: 47600
distanceHC: 1374.33
distanceTrue: 881.039
tCube: 8862
tTrue: 846630
R-near neighbors: 
Query: 17
Nearest neighbor-1: 8616
distanceHC: 819.305
distanceTrue: 778.145
tCube: 9039
tTrue: 837110
R-near neighbors: 
Query: 18
Nearest neighbor-1: 14619
distanceHC: 1788.73
distanceTrue: 1634.4
tCube: 7700
tTrue: 907325
R-near neighbors: 
Query: 19
Nearest neighbor-1: 55328
distanceHC: 912.137
distanceTrue: 912.137
tCube: 7865
tTrue: 819673
R-near neighbors: 
Query: 20
Nearest neighbor-1: 41605
distanceHC: 1045.93
distanceTrue: 945.913
tCube: 9569
tTrue: 843864
R-near neighbors: 
Query: 21
Nearest neighbor-1: 18430
distanceHC: 951.667
distanceTrue: 951.667
tCube: 7492
tTrue: 836542
R-near neighbors: 
Query: 22
Nearest neighbor-1: 30608
distanceHC: 1484.81
distanceTrue: 1211.48
tCube: 7909
tTrue: 855497
R-near neighbors: 
Query: 23
Nearest neighbor-1: 47622
distanceHC: 1285.77
distanceTrue: 1212.81
tCube: 8677
tTrue: 834932
R-near neighbors: 
Query: 24
Nearest neighbor-1: 49843
distanceHC: 1294.37
distanceTrue: 1114.46
tCube: 8180
tTrue: 821859
R-near neighbors: 
Query: 25
Nearest neighbor-1: 46438
distanceHC: 1583.63
distanceTrue: 1388.34
tCube: 8748
tTrue: 936517
R-near neighbors: 
Query: 26
Nearest neighbor-1: 820
distanceHC: 1295.91
distanceTrue: 915.757
tCube: 7885
tTrue: 818283
R-near neighbors: 
Query: 27
Nearest neighbor-1: 41206
distanceHC: 1167.86
distanceTrue: 1039.88
tCube: 9172
tTrue: 833621
R-near neighbors: 
Query: 28
Nearest neighbor-1: 45952
distanceHC: 1220.84
distanceTrue: 1153.52
tCube: 7260
tTrue: 883191
R-near neighbors: 
Query: 29
Nearest neighbor-1: 358
distanceHC: 629.079
distanceTrue: 489.344
tCube: 7844
tTrue: 795520
R-near neighbors: 
Query: 30
Nearest neighbor-1: 8230
distanceHC: 1217.13
distanceTrue: 1217.13
tCube: 8510
tTrue: 833611
R-near neighbors: 
Query: 31
Nearest neighbor-1: 23984
distanceHC: 548.636
distanceTrue: 431.441
tCube: 7861
tTrue: 792102
R-near neighbors: 
Query: 32
Nearest neighbor-1: 12506
distanceHC: 1300.89
distanceTrue: 804.497
tCube: 7029
tTrue: 849769
R-near neighbors: 
Query: 33
Nearest neighbor-1: 49463
distanceHC: 1780.64
distanceTrue: 1384.31
tCube: 9019
tTrue: 886831
R-near neighbors: 
Query: 34
Nearest neighbor-1: 51858
distanceHC: 1084.16
distanceTrue: 804.335
tCube: 9547
tTrue: 843302
R-near neighbors: 
Query: 35
Nearest neighbor-1: 58182
distanceHC: 1950.08
distanceTrue: 1530.99
tCube: 7729
tTrue: 880334
R-near neighbors: 
Query: 36
Nearest neighbor-1: 28012
distanceHC: 1300.82
distanceTrue: 1238.68
tCube: 7741
tTrue: 838374
R-near neighbors: 
Query: 37
Nearest neighbor-1: 20047
distanceHC: 442.536
distanceTrue: 321.93
tCube: 9303
tTrue: 799391
R-near neighbors: 
Query: 38
Nearest neighbor-1: 58644
distanceHC: 1853.13
distanceTrue: 1280.14
tCube: 9226
tTrue: 838523
R-near neighbors: 
Query: 39
Nearest neighbor-1: 14221
distanceHC: 644.702
distanceTrue: 480.162
tCube: 9189
tTrue: 807208
R-near neighbors: 
Query: 40
Nearest neighbor-1: 31848
distanceHC: 563.863
distanceTrue: 439.772
tCube: 7546
tTrue: 783223
R-near neighbors: 
Query: 41
Nearest neighbor-1: 48691
distanceHC: 1126.93
distanceTrue: 1007.95
tCube: 8250
tTrue: 813766
R-near neighbors: 
Query: 42
Nearest neighbor-1: 34281
distanceHC: 1418.42
distanceTrue: 1040.68
tCube: 8931
tTrue: 839805
R-near neighbors: 
Query: 43
Nearest neighbor-1: 12598
distanceHC: 1811.33
distanceTrue: 1500.39
tCube: 8228
tTrue: 825439
R-near neighbors: 
Query: 44
Nearest neighbor-1: 18325
distanceHC: 1131.74
distanceTrue: 1131.74
tCube: 7749
tTrue: 821467
R-near neighbors: 
Query: 45
Nearest neighbor-1: 22508
distanceHC: 1263.78
distanceTrue: 1263.78
tCube: 8326
tTrue: 839336
R-near neighbors: 
Query: 46
Nearest neighbor-1: 30524
distanceHC: 802.677
distanceTrue: 635.8
tCube: 7488
tTrue: 817212
R-near neighbors: 
Query: 47
Nearest neighbor-1: 17566
distanceHC: 1543.9
distanceTrue: 1312.14
tCube: 9237
tTrue: 839198
R-near neighbors: 
Query: 48
Nearest neighbor-1: 49904
distanceHC: 1675.27
distanceTrue: 1272.27
tCube: 8706
tTrue: 879344
R-near neighbors: 
Query: 49
Nearest neighbor-1: 31774
distanceHC: 1465.29
distanceTrue: 1054.42
tCube: 8871
tTrue: 856649
R-near neighbors: 
Query: 50
Nearest neighbor-1: 44989
distanceHC: 1184.77
distanceTrue: 953.655
tCube: 9468
tTrue: 828977
R-near neighbors: 
Query: 51
Nearest neighbor-1: 37464
distanceHC: 1464.59
distanceTrue: 1285.62
tCube: 7528
tTrue: 887304
R-near neighbors: 
Query: 52
Nearest neighbor-1: 15415
distanceHC: 1718.96
distanceTrue: 1219.93
tCube: 7556
tTrue: 849756
R-near neighbors: 
Query: 53
Nearest neighbor-1: 46914
distanceHC: 1585.01
distanceTrue: 1168.57
tCube: 9448
tTrue: 845642
R-near neighbors: 
Query: 54
Nearest neighbor-1: 20486
distanceHC: 2027.54
distanceTrue: 1242.94
tCube: 9429
tTrue: 914055
R-near neighbors: 
Query: 55
Nearest neighbor-1: 52228
distanceHC: 1526.31
distanceTrue: 730.933
tCube: 7709
tTrue: 853491
R-near neighbors: 
Query: 56
Nearest neighbor-1: 56676
distanceHC: 1384.55
distanceTrue: 1204.69
tCube: 7313
tTrue: 866961
R-near neighbors: 
Query: 57
Nearest neighbor-1: 3878
distanceHC: 398.488
distanceTrue: 390.574
tCube: 7798
tTrue: 791855
R-near neighbors: 
Query: 58
Nearest neighbor-1: 37457
distanceHC: 909.043
distanceTrue: 875.187
tCube: 8662
tTrue: 847146
R-near neighbors: 
Query: 59
Nearest neighbor-1: 45222
distanceHC: 1687.94
distanceTrue: 1027.37
tCube: 7962
tTrue: 818589
R-near neighbors: 
Query: 60
Nearest neighbor-1: 54940
distanceHC: 1158.07
distanceTrue: 1158.07
tCube: 8940
tTrue: 844810
R-near neighbors: 
Query: 61
Nearest neighbor-1: 35453
distanceHC: 2144.34
distanceTrue: 1657.31
tCube: 9447
tTrue: 864554
R-near neighbors: 
Query: 62
Nearest neighbor-1: 22108
distanceHC: 1330.48
distanceTrue: 1042.9
tCube: 7463
tTrue: 813059
R-near neighbors: 
Query: 63
Nearest neighbor-1: 23242
distanceHC: 1754.91
distanceTrue: 1326.84
tCube: 7015
tTrue: 837371
R-near neighbors: 
Query: 64
Nearest neighbor-1: 53977
distanceHC: 1577.2
distanceTrue: 1459.39
tCube: 7911
tTrue: 869158
R-near neighbors: 
Query: 65
Nearest neighbor-1: 55240
distanceHC: 1122.19
distanceTrue: 1029.84
tCube: 7912
tTrue: 803602
R-near neighbors: 
Query: 66
Nearest neighbor-1: 42256
distanceHC: 2006.14
distanceTrue: 1254.9
tCube: 8704
tTrue: 861969
R-near neighbors: 
Query: 67
Nearest neighbor-1: 23936
distanceHC: 1683.58
distanceTrue: 1198.5
tCube: 7508
tTrue: 857202
R-near neighbors: 
Query: 68
Nearest neighbor-1: 11021
distanceHC: 1076.15
distanceTrue: 958.013
tCube: 7100
tTrue: 847482
R-near neighbors: 
Query: 69
Nearest neighbor-1: 37559
distanceHC: 1469.67
distanceTrue: 873.547
tCube: 8666
tTrue: 888334
R-near neighbors: 
Query: 70
Nearest neighbor-1: 53483
distanceHC: 1034.49
distanceTrue: 954.377
tCube: 7850
tTrue: 838632
R-near neighbors: 
Query: 71
Nearest neighbor-1: 19856
distanceHC: 1109.28
distanceTrue: 1013.71
tCube: 8926
tTrue: 908880
R-near neighbors: 
Query: 72
Nearest neighbor-1: 32634
distanceHC: 2125.88
distanceTrue: 1542.31
tCube: 7354
tTrue: 876772
R-near neighbors: 
Query: 73
Nearest neighbor-1: 35337
distanceHC: 1434.63
distanceTrue: 1123.18
tCube: 8264
tTrue: 842517
R-near neighbors: 
Query: 74
Nearest neighbor-1: 4960
distanceHC: 509.268
distanceTrue: 437.254
tCube: 9052
tTrue: 800854
R-near neighbors: 
Query: 75
Nearest neighbor-1: 16337
distanceHC: 1400.74
distanceTrue: 961.368
tCube: 7884
tTrue: 834246
R-near neighbors: 
Query: 76
Nearest neighbor-1: 53938
distanceHC: 1454.13
distanceTrue: 932.156
tCube: 8941
tTrue: 824478
R-near neighbors: 
Query: 77
Nearest neighbor-1: 25716
distanceHC: 1770.34
distanceTrue: 1366.16
tCube: 9046
tTrue: 835898
R-near neighbors: 
Query: 78
Nearest neighbor-1: 34013
distanceHC: 1322.96
distanceTrue: 981.83
tCube: 7498
tTrue: 823327
R-near neighbors: 
Query: 79
Nearest neighbor-1: 37133
distanceHC: 1233.71
distanceTrue: 869.289
tCube: 7408
tTrue: 865258
R-near neighbors: 
Query: 80
Nearest neighbor-1: 30319
distanceHC: 1290.9
distanceTrue: 1025
tCube: 8847
tTrue: 821814
R-near neighbors: 
Query: 81
Nearest neighbor-1: 7970
distanceHC: 1492.87
distanceTrue: 1081.65
tCube: 7772
tTrue: 846841
R-near neighbors: 
Query: 82
Nearest neighbor-1: 59076
distanceHC: 1751.48
distanceTrue: 1252.06
tCube: 8561
tTrue: 879737
R-near neighbors: 
Query: 83
Nearest neighbor-1: 44795
distanceHC: 1182.1
distanceTrue: 851.563
tCube: 8679
tTrue: 820684
R-near neighbors: 
Query: 84
Nearest neighbor-1: 53186
distanceHC: 1736.82
distanceTrue: 1458.32
tCube: 7906
tTrue: 871844
R-near neighbors: 
Query: 85
Nearest neighbor-1: 29485
distanceHC: 1573.25
distanceTrue: 1312.89
tCube: 7510
tTrue: 881811
R-near neighbors: 
Query: 86
Nearest neighbor-1: 41854
distanceHC: 1231.01
distanceTrue: 761.512
tCube: 8396
tTrue: 829853
R-near neighbors: 
Query: 87
Nearest neighbor-1: 51474
distanceHC: 1706.71
distanceTrue: 1480.01
tCube: 9024
tTrue: 858884
R-near neighbors: 
Query: 88
Nearest neighbor-1: 24750
distanceHC: 1237.06
distanceTrue: 1051.66
tCube: 7844
tTrue: 871702
R-near neighbors: 
Query: 89
Nearest neighbor-1: 16565
distanceHC: 609.829
distanceTrue: 589.283
tCube: 9190
tTrue: 804631
R-near neighbors: 
Query: 90
Nearest neighbor-1: 59828
distanceHC: 1450.29
distanceTrue: 1081.47
tCube: 9451
tTrue: 854810
R-near neighbors: 
Query: 91
Nearest neighbor-1: 51920
distanceHC: 1023.47
distanceTrue: 908.08
tCube: 7451
tTrue: 835594
R-near neighbors: 
Query: 92
Nearest neighbor-1: 23713
distanceHC: 1430.78
distanceTrue: 1045.25
tCube: 7822
tTrue: 822946
R-near neighbors: 
Query: 93
Nearest neighbor-1: 58389
distanceHC: 1454.7
distanceTrue: 1173.25
tCube: 8745
tTrue: 854463
R-near neighbors: 
Query: 94
Nearest neighbor-1: 14041
distanceHC: 806.101
distanceTrue: 709.255
tCube: 9177
tTrue: 815401
R-near neighbors: 
Query: 95
Nearest neighbor-1: 2069
distanceHC: 1653.3
distanceTrue: 1653.3
tCube: 9217
tTrue: 889834
R-near neighbors: 
Query: 96
Nearest neighbor-1: 56226
distanceHC: 892.503
distanceTrue: 705.661
tCube: 9284
tTrue: 801506
R-near neighbors: 
Query: 97
Nearest neighbor-1: 27632
distanceHC: 1570.2
distanceTrue: 1263.66
tCube: 9244
tTrue: 857943
R-near neighbors: 
Query: 98
Nearest neighbor-1: 36966
distanceHC: 1321.79
distanceTrue: 1122.06
tCube: 7509
tTrue: 850119
R-near neighbors: 
Query: 99
Nearest neighbor-1: 25367
distanceHC: 1185
distanceTrue: 990.712
tCube: 8753
tTrue: 869104
R-near neighbors: 
tAverageApproximate: 8366
tAverageTrue: 844641
MAF: 2.08817
AAF: 1.25972
