Query: 0
Nearest neighbor-1: 30912
distanceLSH: 1198.77
distanceTrue: 670.112
tLSH: 1581
tTrue: 812460
R-near neighbors: 
Query: 1
Nearest neighbor-1: 30951
distanceLSH: 1818.94
distanceTrue: 1162.93
tLSH: 1559
tTrue: 861405
R-near neighbors: 
Query: 2
Nearest neighbor-1: 54223
distanceLSH: 590.106
distanceTrue: 321.663
tLSH: 1629
tTrue: 783722
R-near neighbors: 
Query: 3
Nearest neighbor-1: 42487
distanceLSH: 1805.44
distanceTrue: 1221.58
tLSH: 1599
tTrue: 863833
R-near neighbors: 
Query: 4
Nearest neighbor-1: 24120
distanceLSH: 1347.15
distanceTrue: 1092.53
tLSH: 1539
tTrue: 831047
R-near neighbors: 
Query: 5
Nearest neighbor-1: 3468
distanceLSH: 373.042
distanceTrue: 298.124
tLSH: 1571
tTrue: 793128
R-near neighbors: 
Query: 6
Nearest neighbor-1: 39720
distanceLSH: 1515.42
distanceTrue: 1302.71
tLSH: 1608
tTrue: 838696
R-near neighbors: 
Query: 7
Nearest neighbor-1: 56884
distanceLSH: 2112.28
distanceTrue: 1249.16
tLSH: 1598
tTrue: 830827
R-near neighbors: 
Query: 8
Nearest neighbor-1: 4171
distanceLSH: 2293.51
distanceTrue: 1735.34
tLSH: 1537
tTrue: 860942
R-near neighbors: 
Query: 9
Nearest neighbor-1: 38183
distanceLSH: 1702.93
distanceTrue: 985.211
tLSH: 1597
tTrue: 846362
R-near neighbors: 
Query: 10
Nearest neighbor-1: 48438
distanceLSH: 1219.91
distanceTrue: 1100.89
tLSH: 1532
tTrue: 874765
R-near neighbors: 
Query: 11
Nearest neighbor-1: 47450
distanceLSH: 1627.02
distanceTrue: 1464.38
tLSH: 1616
tTrue: 871326
R-near neighbors: 
Query: 12
Nearest neighbor-1: 21267
distanceLSH: 1029.23
distanceTrue: 804.688
tLSH: 1556
tTrue: 818182
R-near neighbors: 
Query: 13
Nearest neighbor-1: 39044
distanceLSH: 1307.67
distanceTrue: 896.576
tLSH: 1602
tTrue: 865600
R-near neighbors: 
Query: 14
Nearest neighbor-1: 11214
distanceLSH: 652.523
distanceTrue: 621.283
tLSH: 1529
tTrue: 784720
R-near neighbors: 
Query: 15
Nearest neighbor-1: 42682
distanceLSH: 1749.41
distanceTrue: 1416.47
tLSH: 1572
tTrue: 850695
R-near neighbors: 
Query: 16
Nearest neighbor-1: 57050
distanceLSH: 1558.94
distanceTrue: 881.039
tLSH: 1605
tTrue: 839095
R-near neighbors: 
Query: 17
Nearest neighbor-1: 49516
distanceLSH: 977.436
distanceTrue: 778.145
tLSH: 1571
tTrue: 826879
R-near neighbors: 
Query: 18
Nearest neighbor-1: 35864
distanceLSH: 2187.23
distanceTrue: 1634.4
tLSH: 1588
tTrue: 898194
R-near neighbors: 
Query: 19
Nearest neighbor-1: 51926
distanceLSH: 1163.16
distanceTrue: 912.137
tLSH: 1578
tTrue: 809428
R-near neighbors: 
Query: 20
Nearest neighbor-1: 4122
distanceLSH: 1050.21
distanceTrue: 945.913
tLSH: 1592
tTrue: 832354
R-near neighbors: 
Query: 21
Nearest neighbor-1: 25893
distanceLSH: 1453.37
distanceTrue: 951.667
tLSH: 1536
tTrue: 825716
R-near neighbors: 
Query: 22
Nearest neighbor-1: 25908
distanceLSH: 1367.87
distanceTrue: 1211.48
tLSH: 1585
tTrue: 844876
R-near neighbors: 
Query: 23
Nearest neighbor-1: 35915
distanceLSH: 1440.57
distanceTrue: 1212.81
tLSH: 1552
tTrue: 826302
R-near neighbors: 
Query: 24
Nearest neighbor-1: 54702
distanceLSH: 1462.67
distanceTrue: 1114.46
tLSH: 1580
tTrue: 810788
R-near neighbors: 
Query: 25
Nearest neighbor-1: 26930
distanceLSH: 1663.98
distanceTrue: 1388.34
tLSH: 1571
tTrue: 929671
R-near neighbors: 
Query: 26
Nearest neighbor-1: 35837
distanceLSH: 1541.61
distanceTrue: 915.757
tLSH: 1554
tTrue: 808739
R-near neighbors: 
Query: 27
Nearest neighbor-1: 25660
distanceLSH: 1321.09
distanceTrue: 1039.88
tLSH: 1579
tTrue: 824135
R-near neighbors: 
Query: 28
Nearest neighbor-1: 46772
distanceLSH: 1487.99
distanceTrue: 1153.52
tLSH: 1566
tTrue: 874706
R-near neighbors: 
Query: 29
Nearest neighbor-1: 45229
distanceLSH: 779.408
distanceTrue: 489.344
tLSH: 1567
tTrue: 784918
R-near neighbors: 
Query: 30
Nearest neighbor-1: 50374
distanceLSH: 1763.96
distanceTrue: 1217.13
tLSH: 1558
tTrue: 823682
R-near neighbors: 
Query: 31
Nearest neighbor-1: 55286
distanceLSH: 820.016
distanceTrue: 431.441
tLSH: 1612
tTrue: 782086
R-near neighbors: 
Query: 32
Nearest neighbor-1: 37204
distanceLSH: 1616.28
distanceTrue: 804.497
tLSH: 1606
tTrue: 839775
R-near neighbors: 
Query: 33
Nearest neighbor-1: 2236
distanceLSH: 1997.25
distanceTrue: 1384.31
tLSH: 1623
tTrue: 878417
R-near neighbors: 
Query: 34
Nearest neighbor-1: 8137
distanceLSH: 1271.05
distanceTrue: 804.335
tLSH: 1604
tTrue: 833671
R-near neighbors: 
Query: 35
Nearest neighbor-1: 21597
distanceLSH: 1944.61
distanceTrue: 1530.99
tLSH: 1611
tTrue: 872522
R-near neighbors: 
Query: 36
Nearest neighbor-1: 14556
distanceLSH: 1345.17
distanceTrue: 1238.68
tLSH: 1614
tTrue: 828699
R-near neighbors: 
Query: 37
Nearest neighbor-1: 27590
distanceLSH: 689.628
distanceTrue: 321.93
tLSH: 1568
tTrue: 788645
R-near neighbors: 
Query: 38
Nearest neighbor-1: 49021
distanceLSH: 2050.16
distanceTrue: 1280.14
tLSH: 1610
tTrue: 829126
R-near neighbors: 
Query: 39
Nearest neighbor-1: 50293
distanceLSH: 686.286
distanceTrue: 480.162
tLSH: 1573
tTrue: 797043
R-near neighbors: 
Query: 40
Nearest neighbor-1: 13272
distanceLSH: 628.756
distanceTrue: 439.772
tLSH: 1599
tTrue: 773147
R-near neighbors: 
Query: 41
Nearest neighbor-1: 6623
distanceLSH: 1347.4
distanceTrue: 1007.95
tLSH: 1658
tTrue: 804651
R-near neighbors: 
Query: 42
Nearest neighbor-1: 35590
distanceLSH: 1040.68
distanceTrue: 1040.68
tLSH: 1662
tTrue: 827112
R-near neighbors: 
Query: 43
Nearest neighbor-1: 52694
distanceLSH: 2072.59
distanceTrue: 1500.39
tLSH: 1592
tTrue: 814387
R-near neighbors: 
Query: 44
Nearest neighbor-1: 11489
distanceLSH: 1521.43
distanceTrue: 1131.74
tLSH: 1683
tTrue: 809887
R-near neighbors: 
Query: 45
Nearest neighbor-1: 23496
distanceLSH: 1632.99
distanceTrue: 1263.78
tLSH: 1665
tTrue: 828793
R-near neighbors: 
Query: 46
Nearest neighbor-1: 1696
distanceLSH: 1295.89
distanceTrue: 635.8
tLSH: 1580
tTrue: 806777
R-near neighbors: 
Query: 47
Nearest neighbor-1: 584
distanceLSH: 1609.18
distanceTrue: 1312.14
tLSH: 1552
tTrue: 829317
R-near neighbors: 
Query: 48
Nearest neighbor-1: 25503
distanceLSH: 1634.87
distanceTrue: 1272.27
tLSH: 1610
tTrue: 870050
R-near neighbors: 
Query: 49
Nearest neighbor-1: 23270
distanceLSH: 1410.17
distanceTrue: 1054.42
tLSH: 1575
tTrue: 845648
R-near neighbors: 
Query: 50
Nearest neighbor-1: 37973
distanceLSH: 1147.39
distanceTrue: 953.655
tLSH: 1571
tTrue: 818914
R-near neighbors: 
Query: 51
Nearest neighbor-1: 21487
distanceLSH: 1479.15
distanceTrue: 1285.62
tLSH: 1610
tTrue: 878550
R-near neighbors: 
Query: 52
Nearest neighbor-1: 43957
distanceLSH: 1929.42
distanceTrue: 1219.93
tLSH: 1554
tTrue: 839833
R-near neighbors: 
Query: 53
Nearest neighbor-1: 45716
distanceLSH: 1633.44
distanceTrue: 1168.57
tLSH: 1657
tTrue: 836271
R-near neighbors: 
Query: 54
Nearest neighbor-1: 34658
distanceLSH: 1978.58
distanceTrue: 1242.94
tLSH: 1561
tTrue: 904354
R-near neighbors: 
Query: 55
Nearest neighbor-1: 33390
distanceLSH: 1329.7
distanceTrue: 730.933
tLSH: 1587
tTrue: 843917
R-near neighbors: 
Query: 56
Nearest neighbor-1: 20056
distanceLSH: 1579.47
distanceTrue: 1204.69
tLSH: 1572
tTrue: 857462
R-near neighbors: 
Query: 57
Nearest neighbor-1: 13648
distanceLSH: 495.705
distanceTrue: 390.574
tLSH: 1601
tTrue: 779922
R-near neighbors: 
Query: 58
Nearest neighbor-1: 48766
distanceLSH: 1659.48
distanceTrue: 875.187
tLSH: 1569
tTrue: 836590
R-near neighbors: 
Query: 59
Nearest neighbor-1: 32254
distanceLSH: 1773.31
distanceTrue: 1027.37
tLSH: 1616
tTrue: 807798
R-near neighbors: 
Query: 60
Nearest neighbor-1: 54940
distanceLSH: 1158.07
distanceTrue: 1158.07
tLSH: 1519
tTrue: 831539
R-near neighbors: 
Query: 61
Nearest neighbor-1: 33049
distanceLSH: 2183.95
distanceTrue: 1657.31
tLSH: 1600
tTrue: 855088
R-near neighbors: 
Query: 62
Nearest neighbor-1: 39192
distanceLSH: 1542.71
distanceTrue: 1042.9
tLSH: 1627
tTrue: 802660
R-near neighbors: 
Query: 63
Nearest neighbor-1: 23227
distanceLSH: 1652.55
distanceTrue: 1326.84
tLSH: 1589
tTrue: 825627
R-near neighbors: 
Query: 64
Nearest neighbor-1: 20605
distanceLSH: 1459.39
distanceTrue: 1459.39
tLSH: 1565
tTrue: 860381
R-near neighbors: 
Query: 65
Nearest neighbor-1: 56413
distanceLSH: 1295.16
distanceTrue: 1029.84
tLSH: 1585
tTrue: 794074
R-near neighbors: 
Query: 66
Nearest neighbor-1: 35861
distanceLSH: 1254.9
distanceTrue: 1254.9
tLSH: 1571
tTrue: 852743
R-near neighbors: 
Query: 67
Nearest neighbor-1: 19124
distanceLSH: 2065.65
distanceTrue: 1198.5
tLSH: 1531
tTrue: 846744
R-near neighbors: 
Query: 68
Nearest neighbor-1: 45015
distanceLSH: 1509.41
distanceTrue: 958.013
tLSH: 1559
tTrue: 836880
R-near neighbors: 
Query: 69
Nearest neighbor-1: 37653
distanceLSH: 1874.16
distanceTrue: 873.547
tLSH: 1638
tTrue: 878508
R-near neighbors: 
Query: 70
Nearest neighbor-1: 24652
distanceLSH: 1170.43
distanceTrue: 954.377
tLSH: 1602
tTrue: 828041
R-near neighbors: 
Query: 71
Nearest neighbor-1: 4852
distanceLSH: 1206.61
distanceTrue: 1013.71
tLSH: 1614
tTrue: 903270
R-near neighbors: 
Query: 72
Nearest neighbor-1: 40832
distanceLSH: 2253.82
distanceTrue: 1542.31
tLSH: 1548
tTrue: 865398
R-near neighbors: 
Query: 73
Nearest neighbor-1: 13153
distanceLSH: 1150.06
distanceTrue: 1123.18
tLSH: 1557
tTrue: 833015
R-near neighbors: 
Query: 74
Nearest neighbor-1: 39270
distanceLSH: 658.41
distanceTrue: 437.254
tLSH: 1659
tTrue: 791257
R-near neighbors: 
Query: 75
Nearest neighbor-1: 58090
distanceLSH: 1594.87
distanceTrue: 961.368
tLSH: 1532
tTrue: 824665
R-near neighbors: 
Query: 76
Nearest neighbor-1: 48868
distanceLSH: 1477.56
distanceTrue: 932.156
tLSH: 1620
tTrue: 817393
R-near neighbors: 
Query: 77
Nearest neighbor-1: 50756
distanceLSH: 1366.16
distanceTrue: 1366.16
tLSH: 1680
tTrue: 825722
R-near neighbors: 
Query: 78
Nearest neighbor-1: 16147
distanceLSH: 1042.19
distanceTrue: 981.83
tLSH: 1566
tTrue: 812546
R-near neighbors: 
Query: 79
Nearest neighbor-1: 19379
distanceLSH: 1185.94
distanceTrue: 869.289
tLSH: 1616
tTrue: 855207
R-near neighbors: 
Query: 80
Nearest neighbor-1: 10810
distanceLSH: 1323.26
distanceTrue: 1025
tLSH: 1590
tTrue: 811290
R-near neighbors: 
Query: 81
Nearest neighbor-1: 38659
distanceLSH: 1579.27
distanceTrue: 1081.65
tLSH: 1610
tTrue: 835649
R-near neighbors: 
Query: 82
Nearest neighbor-1: 10945
distanceLSH: 1538.54
distanceTrue: 1252.06
tLSH: 1606
tTrue: 870827
R-near neighbors: 
Query: 83
Nearest neighbor-1: 25242
distanceLSH: 1267.24
distanceTrue: 851.563
tLSH: 1580
tTrue: 812137
R-near neighbors: 
Query: 84
Nearest neighbor-1: 10044
distanceLSH: 2442.24
distanceTrue: 1458.32
tLSH: 1603
tTrue: 864119
R-near neighbors: 
Query: 85
Nearest neighbor-1: 28493
distanceLSH: 1425.94
distanceTrue: 1312.89
tLSH: 1566
tTrue: 873348
R-near neighbors: 
Query: 86
Nearest neighbor-1: 1919
distanceLSH: 1017.25
distanceTrue: 761.512
tLSH: 1530
tTrue: 820101
R-near neighbors: 
Query: 87
Nearest neighbor-1: 748
distanceLSH: 1967.96
distanceTrue: 1480.01
tLSH: 1579
tTrue: 850229
R-near neighbors: 
Query: 88
Nearest neighbor-1: 33486
distanceLSH: 1448.65
distanceTrue: 1051.66
tLSH: 1597
tTrue: 862894
R-near neighbors: 
Query: 89
Nearest neighbor-1: 7973
distanceLSH: 662.207
distanceTrue: 589.283
tLSH: 1626
tTrue: 795182
R-near neighbors: 
Query: 90
Nearest neighbor-1: 6282
distanceLSH: 1783.94
distanceTrue: 1081.47
tLSH: 1617
tTrue: 843397
R-near neighbors: 
Query: 91
Nearest neighbor-1: 55012
distanceLSH: 1200.15
distanceTrue: 908.08
tLSH: 1575
tTrue: 826090
R-near neighbors: 
Query: 92
Nearest neighbor-1: 46033
distanceLSH: 1200.31
distanceTrue: 1045.25
tLSH: 1572
tTrue: 812384
R-near neighbors: 
Query: 93
Nearest neighbor-1: 40572
distanceLSH: 1601.19
distanceTrue: 1173.25
tLSH: 1647
tTrue: 841794
R-near neighbors: 
Query: 94
Nearest neighbor-1: 14041
distanceLSH: 806.101
distanceTrue: 709.255
tLSH: 1592
tTrue: 805124
R-near neighbors: 
Query: 95
Nearest neighbor-1: 8553
distanceLSH: 2120.88
distanceTrue: 1653.3
tLSH: 1586
tTrue: 882786
R-near neighbors: 
Query: 96
Nearest neighbor-1: 20298
distanceLSH: 920.252
distanceTrue: 705.661
tLSH: 1591
tTrue: 790283
R-near neighbors: 
Query: 97
Nearest neighbor-1: 23327
distanceLSH: 2053.72
distanceTrue: 1263.66
tLSH: 1544
tTrue: 846486
R-near neighbors: 
Query: 98
Nearest neighbor-1: 57662
distanceLSH: 2028.03
distanceTrue: 1122.06
tLSH: 1628
tTrue: 839507
R-near neighbors: 
Query: 99
Nearest neighbor-1: 9394
distanceLSH: 1424.49
distanceTrue: 990.712
tLSH: 1595
tTrue: 857515
R-near neighbors: 
tAverageApproximate: 1537
tAverageTrue: 834872
MAF: 2.14546
AAF: 1.40062
