Query: 0
Nearest neighbor-1: 35919
distanceLSH: 961.307
distanceTrue: 670.112
tLSH: 10302
tTrue: 812361
R-near neighbors: 
Query: 1
Nearest neighbor-1: 49160
distanceLSH: 1211.84
distanceTrue: 1162.93
tLSH: 9972
tTrue: 863763
R-near neighbors: 
Query: 2
Nearest neighbor-1: 58741
distanceLSH: 321.663
distanceTrue: 321.663
tLSH: 10005
tTrue: 780975
R-near neighbors: 
Query: 3
Nearest neighbor-1: 451
distanceLSH: 1394.31
distanceTrue: 1221.58
tLSH: 10084
tTrue: 864737
R-near neighbors: 
Query: 4
Nearest neighbor-1: 11956
distanceLSH: 1348.77
distanceTrue: 1092.53
tLSH: 10104
tTrue: 830920
R-near neighbors: 
Query: 5
Nearest neighbor-1: 9815
distanceLSH: 420.812
distanceTrue: 298.124
tLSH: 9965
tTrue: 790220
R-near neighbors: 
Query: 6
Nearest neighbor-1: 39720
distanceLSH: 1515.42
distanceTrue: 1302.71
tLSH: 9953
tTrue: 839290
R-near neighbors: 
Query: 7
Nearest neighbor-1: 12696
distanceLSH: 1800.1
distanceTrue: 1249.16
tLSH: 10054
tTrue: 828938
R-near neighbors: 
Query: 8
Nearest neighbor-1: 50054
distanceLSH: 2164.82
distanceTrue: 1735.34
tLSH: 10098
tTrue: 857212
R-near neighbors: 
Query: 9
Nearest neighbor-1: 13359
distanceLSH: 1190.19
distanceTrue: 985.211
tLSH: 10062
tTrue: 847803
R-near neighbors: 
Query: 10
Nearest neighbor-1: 56704
distanceLSH: 1524.48
distanceTrue: 1100.89
tLSH: 10019
tTrue: 874361
R-near neighbors: 
Query: 11
Nearest neighbor-1: 33272
distanceLSH: 1505.82
distanceTrue: 1464.38
tLSH: 10048
tTrue: 870725
R-near neighbors: 
Query: 12
Nearest neighbor-1: 58968
distanceLSH: 1106.75
distanceTrue: 804.688
tLSH: 10256
tTrue: 818846
R-near neighbors: 
Query: 13
Nearest neighbor-1: 23586
distanceLSH: 1302.37
distanceTrue: 896.576
tLSH: 10173
tTrue: 868056
R-near neighbors: 
Query: 14
Nearest neighbor-1: 51888
distanceLSH: 710.116
distanceTrue: 621.283
tLSH: 10203
tTrue: 785137
R-near neighbors: 
Query: 15
Nearest neighbor-1: 30028
distanceLSH: 1606.04
distanceTrue: 1416.47
tLSH: 10064
tTrue: 849502
R-near neighbors: 
Query: 16
Nearest neighbor-1: 13358
distanceLSH: 1167.38
distanceTrue: 881.039
tLSH: 10043
tTrue: 836344
R-near neighbors: 
Query: 17
Nearest neighbor-1: 6986
distanceLSH: 1237.9
distanceTrue: 778.145
tLSH: 10048
tTrue: 826967
R-near neighbors: 
Query: 18
Nearest neighbor-1: 8338
distanceLSH: 1840.13
distanceTrue: 1634.4
tLSH: 9893
tTrue: 897993
R-near neighbors: 
Query: 19
Nearest neighbor-1: 3074
distanceLSH: 1107.22
distanceTrue: 912.137
tLSH: 10059
tTrue: 816269
R-near neighbors: 
Query: 20
Nearest neighbor-1: 1895
distanceLSH: 1117
distanceTrue: 945.913
tLSH: 9998
tTrue: 831599
R-near neighbors: 
Query: 21
Nearest neighbor-1: 18430
distanceLSH: 951.667
distanceTrue: 951.667
tLSH: 10034
tTrue: 824034
R-near neighbors: 
Query: 22
Nearest neighbor-1: 42714
distanceLSH: 1441.85
distanceTrue: 1211.48
tLSH: 10075
tTrue: 843773
R-near neighbors: 
Query: 23
Nearest neighbor-1: 54281
distanceLSH: 1226.42
distanceTrue: 1212.81
tLSH: 9924
tTrue: 826019
R-near neighbors: 
Query: 24
Nearest neighbor-1: 12440
distanceLSH: 1444.38
distanceTrue: 1114.46
tLSH: 10074
tTrue: 811929
R-near neighbors: 
Query: 25
Nearest neighbor-1: 6968
distanceLSH: 1887.34
distanceTrue: 1388.34
tLSH: 10231
tTrue: 928860
R-near neighbors: 
Query: 26
Nearest neighbor-1: 25929
distanceLSH: 1303.1
distanceTrue: 915.757
tLSH: 10162
tTrue: 808998
R-near neighbors: 
Query: 27
Nearest neighbor-1: 4102
distanceLSH: 1283.61
distanceTrue: 1039.88
tLSH: 10012
tTrue: 824263
R-near neighbors: 
Query: 28
Nearest neighbor-1: 50749
distanceLSH: 1279.06
distanceTrue: 1153.52
tLSH: 10085
tTrue: 873735
R-near neighbors: 
Query: 29
Nearest neighbor-1: 50023
distanceLSH: 489.344
distanceTrue: 489.344
tLSH: 9979
tTrue: 785003
R-near neighbors: 
Query: 30
Nearest neighbor-1: 30124
distanceLSH: 1491.24
distanceTrue: 1217.13
tLSH: 9907
tTrue: 826723
R-near neighbors: 
Query: 31
Nearest neighbor-1: 33586
distanceLSH: 658.651
distanceTrue: 431.441
tLSH: 10107
tTrue: 780714
R-near neighbors: 
Query: 32
Nearest neighbor-1: 51142
distanceLSH: 804.497
distanceTrue: 804.497
tLSH: 9904
tTrue: 839859
R-near neighbors: 
Query: 33
Nearest neighbor-1: 10736
distanceLSH: 2383.03
distanceTrue: 1384.31
tLSH: 10069
tTrue: 877989
R-near neighbors: 
Query: 34
Nearest neighbor-1: 3255
distanceLSH: 1034.14
distanceTrue: 804.335
tLSH: 10119
tTrue: 832528
R-near neighbors: 
Query: 35
Nearest neighbor-1: 34214
distanceLSH: 1670.64
distanceTrue: 1530.99
tLSH: 10067
tTrue: 872055
R-near neighbors: 
Query: 36
Nearest neighbor-1: 53719
distanceLSH: 1240.77
distanceTrue: 1238.68
tLSH: 10027
tTrue: 828825
R-near neighbors: 
Query: 37
Nearest neighbor-1: 12706
distanceLSH: 387.573
distanceTrue: 321.93
tLSH: 9988
tTrue: 789843
R-near neighbors: 
Query: 38
Nearest neighbor-1: 56974
distanceLSH: 1854.63
distanceTrue: 1280.14
tLSH: 10167
tTrue: 828342
R-near neighbors: 
Query: 39
Nearest neighbor-1: 55634
distanceLSH: 664.621
distanceTrue: 480.162
tLSH: 9957
tTrue: 797034
R-near neighbors: 
Query: 40
Nearest neighbor-1: 22896
distanceLSH: 519.164
distanceTrue: 439.772
tLSH: 10074
tTrue: 772147
R-near neighbors: 
Query: 41
Nearest neighbor-1: 46779
distanceLSH: 1274.74
distanceTrue: 1007.95
tLSH: 10132
tTrue: 804308
R-near neighbors: 
Query: 42
Nearest neighbor-1: 44594
distanceLSH: 1339.79
distanceTrue: 1040.68
tLSH: 10154
tTrue: 828350
R-near neighbors: 
Query: 43
Nearest neighbor-1: 44395
distanceLSH: 1736.66
distanceTrue: 1500.39
tLSH: 9980
tTrue: 814926
R-near neighbors: 
Query: 44
Nearest neighbor-1: 18527
distanceLSH: 1564.24
distanceTrue: 1131.74
tLSH: 9957
tTrue: 816114
R-near neighbors: 
Query: 45
Nearest neighbor-1: 44916
distanceLSH: 1277.45
distanceTrue: 1263.78
tLSH: 10194
tTrue: 909752
R-near neighbors: 
Query: 46
Nearest neighbor-1: 2040
distanceLSH: 923.62
distanceTrue: 635.8
tLSH: 11634
tTrue: 939266
R-near neighbors: 
Query: 47
Nearest neighbor-1: 17566
distanceLSH: 1543.9
distanceTrue: 1312.14
tLSH: 10123
tTrue: 830089
R-near neighbors: 
Query: 48
Nearest neighbor-1: 8457
distanceLSH: 1404.05
distanceTrue: 1272.27
tLSH: 10030
tTrue: 872980
R-near neighbors: 
Query: 49
Nearest neighbor-1: 56293
distanceLSH: 1702.54
distanceTrue: 1054.42
tLSH: 10066
tTrue: 846353
R-near neighbors: 
Query: 50
Nearest neighbor-1: 34539
distanceLSH: 1236.78
distanceTrue: 953.655
tLSH: 10030
tTrue: 818011
R-near neighbors: 
Query: 51
Nearest neighbor-1: 49586
distanceLSH: 1945.92
distanceTrue: 1285.62
tLSH: 9952
tTrue: 876892
R-near neighbors: 
Query: 52
Nearest neighbor-1: 34984
distanceLSH: 1637.44
distanceTrue: 1219.93
tLSH: 10146
tTrue: 839304
R-near neighbors: 
Query: 53
Nearest neighbor-1: 46914
distanceLSH: 1585.01
distanceTrue: 1168.57
tLSH: 10021
tTrue: 836782
R-near neighbors: 
Query: 54
Nearest neighbor-1: 4232
distanceLSH: 1926.78
distanceTrue: 1242.94
tLSH: 10068
tTrue: 904537
R-near neighbors: 
Query: 55
Nearest neighbor-1: 45589
distanceLSH: 730.933
distanceTrue: 730.933
tLSH: 10044
tTrue: 844339
R-near neighbors: 
Query: 56
Nearest neighbor-1: 1764
distanceLSH: 1581.15
distanceTrue: 1204.69
tLSH: 10004
tTrue: 856808
R-near neighbors: 
Query: 57
Nearest neighbor-1: 43350
distanceLSH: 566.869
distanceTrue: 390.574
tLSH: 10029
tTrue: 779522
R-near neighbors: 
Query: 58
Nearest neighbor-1: 27015
distanceLSH: 1411.64
distanceTrue: 875.187
tLSH: 9907
tTrue: 835425
R-near neighbors: 
Query: 59
Nearest neighbor-1: 26290
distanceLSH: 1346.27
distanceTrue: 1027.37
tLSH: 10318
tTrue: 807664
R-near neighbors: 
Query: 60
Nearest neighbor-1: 54882
distanceLSH: 1421.73
distanceTrue: 1158.07
tLSH: 10028
tTrue: 832434
R-near neighbors: 
Query: 61
Nearest neighbor-1: 34745
distanceLSH: 1693.07
distanceTrue: 1657.31
tLSH: 10165
tTrue: 854052
R-near neighbors: 
Query: 62
Nearest neighbor-1: 28902
distanceLSH: 1699.18
distanceTrue: 1042.9
tLSH: 9942
tTrue: 801870
R-near neighbors: 
Query: 63
Nearest neighbor-1: 6939
distanceLSH: 2088.08
distanceTrue: 1326.84
tLSH: 10031
tTrue: 826010
R-near neighbors: 
Query: 64
Nearest neighbor-1: 6132
distanceLSH: 1593.41
distanceTrue: 1459.39
tLSH: 10105
tTrue: 858993
R-near neighbors: 
Query: 65
Nearest neighbor-1: 9030
distanceLSH: 1410.34
distanceTrue: 1029.84
tLSH: 10044
tTrue: 793828
R-near neighbors: 
Query: 66
Nearest neighbor-1: 26497
distanceLSH: 2260.24
distanceTrue: 1254.9
tLSH: 10127
tTrue: 853141
R-near neighbors: 
Query: 67
Nearest neighbor-1: 20836
distanceLSH: 1715.4
distanceTrue: 1198.5
tLSH: 9989
tTrue: 846820
R-near neighbors: 
Query: 68
Nearest neighbor-1: 37454
distanceLSH: 1263.28
distanceTrue: 958.013
tLSH: 10053
tTrue: 837211
R-near neighbors: 
Query: 69
Nearest neighbor-1: 22209
distanceLSH: 1446.84
distanceTrue: 873.547
tLSH: 10061
tTrue: 878227
R-near neighbors: 
Query: 70
Nearest neighbor-1: 36003
distanceLSH: 954.377
distanceTrue: 954.377
tLSH: 10039
tTrue: 829072
R-near neighbors: 
Query: 71
Nearest neighbor-1: 19856
distanceLSH: 1109.28
distanceTrue: 1013.71
tLSH: 10028
tTrue: 899951
R-near neighbors: 
Query: 72
Nearest neighbor-1: 1774
distanceLSH: 1799.42
distanceTrue: 1542.31
tLSH: 10098
tTrue: 865733
R-near neighbors: 
Query: 73
Nearest neighbor-1: 34951
distanceLSH: 1379.04
distanceTrue: 1123.18
tLSH: 10179
tTrue: 833912
R-near neighbors: 
Query: 74
Nearest neighbor-1: 30963
distanceLSH: 660.086
distanceTrue: 437.254
tLSH: 9992
tTrue: 790997
R-near neighbors: 
Query: 75
Nearest neighbor-1: 16337
distanceLSH: 1400.74
distanceTrue: 961.368
tLSH: 9984
tTrue: 824464
R-near neighbors: 
Query: 76
Nearest neighbor-1: 32194
distanceLSH: 1295.9
distanceTrue: 932.156
tLSH: 10091
tTrue: 815080
R-near neighbors: 
Query: 77
Nearest neighbor-1: 15680
distanceLSH: 1646.03
distanceTrue: 1366.16
tLSH: 10160
tTrue: 825268
R-near neighbors: 
Query: 78
Nearest neighbor-1: 54521
distanceLSH: 1238.6
distanceTrue: 981.83
tLSH: 10053
tTrue: 815785
R-near neighbors: 
Query: 79
Nearest neighbor-1: 37819
distanceLSH: 1166.51
distanceTrue: 869.289
tLSH: 10134
tTrue: 858779
R-near neighbors: 
Query: 80
Nearest neighbor-1: 50557
distanceLSH: 1290.2
distanceTrue: 1025
tLSH: 10053
tTrue: 812008
R-near neighbors: 
Query: 81
Nearest neighbor-1: 53359
distanceLSH: 1487.24
distanceTrue: 1081.65
tLSH: 10082
tTrue: 835627
R-near neighbors: 
Query: 82
Nearest neighbor-1: 59489
distanceLSH: 1431.99
distanceTrue: 1252.06
tLSH: 9979
tTrue: 870779
R-near neighbors: 
Query: 83
Nearest neighbor-1: 45594
distanceLSH: 1098.87
distanceTrue: 851.563
tLSH: 10082
tTrue: 810466
R-near neighbors: 
Query: 84
Nearest neighbor-1: 39700
distanceLSH: 2207.41
distanceTrue: 1458.32
tLSH: 10057
tTrue: 862447
R-near neighbors: 
Query: 85
Nearest neighbor-1: 25086
distanceLSH: 1709.7
distanceTrue: 1312.89
tLSH: 9955
tTrue: 873012
R-near neighbors: 
Query: 86
Nearest neighbor-1: 41854
distanceLSH: 1231.01
distanceTrue: 761.512
tLSH: 10052
tTrue: 820578
R-near neighbors: 
Query: 87
Nearest neighbor-1: 26651
distanceLSH: 1567.27
distanceTrue: 1480.01
tLSH: 10032
tTrue: 848798
R-near neighbors: 
Query: 88
Nearest neighbor-1: 46198
distanceLSH: 1254.35
distanceTrue: 1051.66
tLSH: 9921
tTrue: 866886
R-near neighbors: 
Query: 89
Nearest neighbor-1: 52867
distanceLSH: 682.35
distanceTrue: 589.283
tLSH: 10042
tTrue: 796416
R-near neighbors: 
Query: 90
Nearest neighbor-1: 5506
distanceLSH: 1476.4
distanceTrue: 1081.47
tLSH: 10050
tTrue: 842134
R-near neighbors: 
Query: 91
Nearest neighbor-1: 25108
distanceLSH: 1130.54
distanceTrue: 908.08
tLSH: 10074
tTrue: 826090
R-near neighbors: 
Query: 92
Nearest neighbor-1: 51863
distanceLSH: 1431.44
distanceTrue: 1045.25
tLSH: 10032
tTrue: 814274
R-near neighbors: 
Query: 93
Nearest neighbor-1: 37223
distanceLSH: 1350.66
distanceTrue: 1173.25
tLSH: 10195
tTrue: 843051
R-near neighbors: 
Query: 94
Nearest neighbor-1: 43708
distanceLSH: 853.55
distanceTrue: 709.255
tLSH: 10085
tTrue: 805620
R-near neighbors: 
Query: 95
Nearest neighbor-1: 53495
distanceLSH: 1948.27
distanceTrue: 1653.3
tLSH: 10175
tTrue: 880905
R-near neighbors: 
Query: 96
Nearest neighbor-1: 54552
distanceLSH: 929.142
distanceTrue: 705.661
tLSH: 10046
tTrue: 789918
R-near neighbors: 
Query: 97
Nearest neighbor-1: 32150
distanceLSH: 1562.32
distanceTrue: 1263.66
tLSH: 10094
tTrue: 846502
R-near neighbors: 
Query: 98
Nearest neighbor-1: 6236
distanceLSH: 1347.64
distanceTrue: 1122.06
tLSH: 10057
tTrue: 839998
R-near neighbors: 
Query: 99
Nearest neighbor-1: 47588
distanceLSH: 1327.81
distanceTrue: 990.712
tLSH: 10170
tTrue: 858069
R-near neighbors: 
tAverageApproximate: 10025
tAverageTrue: 837066
MAF: 1.80113
AAF: 1.28459
