Query: 0
Nearest neighbor-1: 49399
distanceLSH: 1234.29
distanceTrue: 670.112
tLSH: 406
tTrue: 811283
R-near neighbors: 
Query: 1
Nearest neighbor-1: 47036
distanceLSH: 1904.76
distanceTrue: 1162.93
tLSH: 352
tTrue: 859338
R-near neighbors: 
Query: 2
Nearest neighbor-1: 2957
distanceLSH: 845.092
distanceTrue: 321.663
tLSH: 358
tTrue: 780875
R-near neighbors: 
Query: 3
Nearest neighbor-1: 15516
distanceLSH: 1687.19
distanceTrue: 1221.58
tLSH: 326
tTrue: 869836
R-near neighbors: 
Query: 4
Nearest neighbor-1: 17976
distanceLSH: 1672.16
distanceTrue: 1092.53
tLSH: 317
tTrue: 830719
R-near neighbors: 
Query: 5
Nearest neighbor-1: 16455
distanceLSH: 602.685
distanceTrue: 298.124
tLSH: 252
tTrue: 789978
R-near neighbors: 
Query: 6
Nearest neighbor-1: 35771
distanceLSH: 1888.04
distanceTrue: 1302.71
tLSH: 374
tTrue: 837189
R-near neighbors: 
Query: 7
Nearest neighbor-1: 27273
distanceLSH: 1921.34
distanceTrue: 1249.16
tLSH: 338
tTrue: 828472
R-near neighbors: 
Query: 8
Nearest neighbor-1: 35046
distanceLSH: 2653.47
distanceTrue: 1735.34
tLSH: 316
tTrue: 857921
R-near neighbors: 
Query: 9
Nearest neighbor-1: 9347
distanceLSH: 1408.74
distanceTrue: 985.211
tLSH: 339
tTrue: 846967
R-near neighbors: 
Query: 10
Nearest neighbor-1: 48438
distanceLSH: 1219.91
distanceTrue: 1100.89
tLSH: 328
tTrue: 875498
R-near neighbors: 
Query: 11
Nearest neighbor-1: 8326
distanceLSH: 2443.42
distanceTrue: 1464.38
tLSH: 332
tTrue: 870038
R-near neighbors: 
Query: 12
Nearest neighbor-1: 1743
distanceLSH: 974.188
distanceTrue: 804.688
tLSH: 246
tTrue: 818724
R-near neighbors: 
Query: 13
Nearest neighbor-1: 18124
distanceLSH: 1709.56
distanceTrue: 896.576
tLSH: 294
tTrue: 865598
R-near neighbors: 
Query: 14
Nearest neighbor-1: 34782
distanceLSH: 691.149
distanceTrue: 621.283
tLSH: 320
tTrue: 784852
R-near neighbors: 
Query: 15
Nearest neighbor-1: 31222
distanceLSH: 1661.07
distanceTrue: 1416.47
tLSH: 338
tTrue: 847929
R-near neighbors: 
Query: 16
Nearest neighbor-1: 48042
distanceLSH: 1714.74
distanceTrue: 881.039
tLSH: 337
tTrue: 836815
R-near neighbors: 
Query: 17
Nearest neighbor-1: 49257
distanceLSH: 1343.68
distanceTrue: 778.145
tLSH: 335
tTrue: 827162
R-near neighbors: 
Query: 18
Nearest neighbor-1: 44350
distanceLSH: 2109.4
distanceTrue: 1634.4
tLSH: 320
tTrue: 898158
R-near neighbors: 
Query: 19
Nearest neighbor-1: 33523
distanceLSH: 1559.36
distanceTrue: 912.137
tLSH: 261
tTrue: 808865
R-near neighbors: 
Query: 20
Nearest neighbor-1: 27766
distanceLSH: 1340.98
distanceTrue: 945.913
tLSH: 339
tTrue: 831982
R-near neighbors: 
Query: 21
Nearest neighbor-1: 16452
distanceLSH: 1764.67
distanceTrue: 951.667
tLSH: 321
tTrue: 824775
R-near neighbors: 
Query: 22
Nearest neighbor-1: 51438
distanceLSH: 2237.16
distanceTrue: 1211.48
tLSH: 319
tTrue: 843783
R-near neighbors: 
Query: 23
Nearest neighbor-1: 7848
distanceLSH: 1686.87
distanceTrue: 1212.81
tLSH: 334
tTrue: 825821
R-near neighbors: 
Query: 24
Nearest neighbor-1: 28464
distanceLSH: 1657.64
distanceTrue: 1114.46
tLSH: 312
tTrue: 811284
R-near neighbors: 
Query: 25
Nearest neighbor-1: 59457
distanceLSH: 2111.92
distanceTrue: 1388.34
tLSH: 364
tTrue: 932613
R-near neighbors: 
Query: 26
Nearest neighbor-1: 25727
distanceLSH: 1341.87
distanceTrue: 915.757
tLSH: 238
tTrue: 808143
R-near neighbors: 
Query: 27
Nearest neighbor-1: 24894
distanceLSH: 1570.55
distanceTrue: 1039.88
tLSH: 315
tTrue: 824497
R-near neighbors: 
Query: 28
Nearest neighbor-1: 45669
distanceLSH: 1647.51
distanceTrue: 1153.52
tLSH: 331
tTrue: 874071
R-near neighbors: 
Query: 29
Nearest neighbor-1: 27489
distanceLSH: 578.453
distanceTrue: 489.344
tLSH: 360
tTrue: 785193
R-near neighbors: 
Query: 30
Nearest neighbor-1: 6098
distanceLSH: 1450.94
distanceTrue: 1217.13
tLSH: 377
tTrue: 823911
R-near neighbors: 
Query: 31
Nearest neighbor-1: 21682
distanceLSH: 787.946
distanceTrue: 431.441
tLSH: 361
tTrue: 781737
R-near neighbors: 
Query: 32
Nearest neighbor-1: 26165
distanceLSH: 1398.36
distanceTrue: 804.497
tLSH: 347
tTrue: 839349
R-near neighbors: 
Query: 33
Nearest neighbor-1: 5138
distanceLSH: 2126.69
distanceTrue: 1384.31
tLSH: 252
tTrue: 879554
R-near neighbors: 
Query: 34
Nearest neighbor-1: 19054
distanceLSH: 1208.48
distanceTrue: 804.335
tLSH: 340
tTrue: 833508
R-near neighbors: 
Query: 35
Nearest neighbor-1: 58235
distanceLSH: 2307.91
distanceTrue: 1530.99
tLSH: 346
tTrue: 873492
R-near neighbors: 
Query: 36
Nearest neighbor-1: 42134
distanceLSH: 1549.81
distanceTrue: 1238.68
tLSH: 355
tTrue: 829498
R-near neighbors: 
Query: 37
Nearest neighbor-1: 42260
distanceLSH: 784.737
distanceTrue: 321.93
tLSH: 354
tTrue: 792504
R-near neighbors: 
Query: 38
Nearest neighbor-1: 21210
distanceLSH: 2112.51
distanceTrue: 1280.14
tLSH: 340
tTrue: 829637
R-near neighbors: 
Query: 39
Nearest neighbor-1: 6408
distanceLSH: 669.473
distanceTrue: 480.162
tLSH: 337
tTrue: 797880
R-near neighbors: 
Query: 40
Nearest neighbor-1: 46304
distanceLSH: 1087.51
distanceTrue: 439.772
tLSH: 237
tTrue: 773828
R-near neighbors: 
Query: 41
Nearest neighbor-1: 53614
distanceLSH: 1577.01
distanceTrue: 1007.95
tLSH: 330
tTrue: 803753
R-near neighbors: 
Query: 42
Nearest neighbor-1: 54171
distanceLSH: 1693.19
distanceTrue: 1040.68
tLSH: 354
tTrue: 828563
R-near neighbors: 
Query: 43
Nearest neighbor-1: 38793
distanceLSH: 2203.13
distanceTrue: 1500.39
tLSH: 333
tTrue: 815008
R-near neighbors: 
Query: 44
Nearest neighbor-1: 28826
distanceLSH: 1701.67
distanceTrue: 1131.74
tLSH: 382
tTrue: 809948
R-near neighbors: 
Query: 45
Nearest neighbor-1: 2961
distanceLSH: 1750.74
distanceTrue: 1263.78
tLSH: 340
tTrue: 829755
R-near neighbors: 
Query: 46
Nearest neighbor-1: 7850
distanceLSH: 1504.03
distanceTrue: 635.8
tLSH: 321
tTrue: 806325
R-near neighbors: 
Query: 47
Nearest neighbor-1: 49168
distanceLSH: 1948.68
distanceTrue: 1312.14
tLSH: 230
tTrue: 830247
R-near neighbors: 
Query: 48
Nearest neighbor-1: 51622
distanceLSH: 1997.7
distanceTrue: 1272.27
tLSH: 327
tTrue: 869222
R-near neighbors: 
Query: 49
Nearest neighbor-1: 52402
distanceLSH: 1384.33
distanceTrue: 1054.42
tLSH: 302
tTrue: 845909
R-near neighbors: 
Query: 50
Nearest neighbor-1: 59570
distanceLSH: 1624.67
distanceTrue: 953.655
tLSH: 329
tTrue: 819989
R-near neighbors: 
Query: 51
Nearest neighbor-1: 13218
distanceLSH: 1720.9
distanceTrue: 1285.62
tLSH: 350
tTrue: 879738
R-near neighbors: 
Query: 52
Nearest neighbor-1: 26387
distanceLSH: 1633.36
distanceTrue: 1219.93
tLSH: 334
tTrue: 841219
R-near neighbors: 
Query: 53
Nearest neighbor-1: 50601
distanceLSH: 2137.45
distanceTrue: 1168.57
tLSH: 289
tTrue: 838477
R-near neighbors: 
Query: 54
Nearest neighbor-1: 33550
distanceLSH: 2754.46
distanceTrue: 1242.94
tLSH: 259
tTrue: 906997
R-near neighbors: 
Query: 55
Nearest neighbor-1: 30363
distanceLSH: 1581.42
distanceTrue: 730.933
tLSH: 349
tTrue: 844152
R-near neighbors: 
Query: 56
Nearest neighbor-1: 56951
distanceLSH: 1783.83
distanceTrue: 1204.69
tLSH: 362
tTrue: 858441
R-near neighbors: 
Query: 57
Nearest neighbor-1: 48444
distanceLSH: 1044.05
distanceTrue: 390.574
tLSH: 356
tTrue: 780160
R-near neighbors: 
Query: 58
Nearest neighbor-1: 19730
distanceLSH: 1250.32
distanceTrue: 875.187
tLSH: 357
tTrue: 836963
R-near neighbors: 
Query: 59
Nearest neighbor-1: 16767
distanceLSH: 1827.52
distanceTrue: 1027.37
tLSH: 376
tTrue: 808611
R-near neighbors: 
Query: 60
Nearest neighbor-1: 34118
distanceLSH: 1912.89
distanceTrue: 1158.07
tLSH: 348
tTrue: 832837
R-near neighbors: 
Query: 61
Nearest neighbor-1: 44049
distanceLSH: 2029.8
distanceTrue: 1657.31
tLSH: 250
tTrue: 855435
R-near neighbors: 
Query: 62
Nearest neighbor-1: 24302
distanceLSH: 1342.38
distanceTrue: 1042.9
tLSH: 312
tTrue: 802109
R-near neighbors: 
Query: 63
Nearest neighbor-1: 4792
distanceLSH: 1943.01
distanceTrue: 1326.84
tLSH: 312
tTrue: 827210
R-near neighbors: 
Query: 64
Nearest neighbor-1: 49063
distanceLSH: 1692.36
distanceTrue: 1459.39
tLSH: 332
tTrue: 862276
R-near neighbors: 
Query: 65
Nearest neighbor-1: 12496
distanceLSH: 1502.25
distanceTrue: 1029.84
tLSH: 346
tTrue: 794212
R-near neighbors: 
Query: 66
Nearest neighbor-1: 8912
distanceLSH: 1903.45
distanceTrue: 1254.9
tLSH: 346
tTrue: 854869
R-near neighbors: 
Query: 67
Nearest neighbor-1: 2317
distanceLSH: 1837.65
distanceTrue: 1198.5
tLSH: 343
tTrue: 848396
R-near neighbors: 
Query: 68
Nearest neighbor-1: 39124
distanceLSH: 1578.31
distanceTrue: 958.013
tLSH: 258
tTrue: 840029
R-near neighbors: 
Query: 69
Nearest neighbor-1: 42369
distanceLSH: 908.767
distanceTrue: 873.547
tLSH: 350
tTrue: 879096
R-near neighbors: 
Query: 70
Nearest neighbor-1: 1054
distanceLSH: 1263.97
distanceTrue: 954.377
tLSH: 353
tTrue: 829836
R-near neighbors: 
Query: 71
Nearest neighbor-1: 4926
distanceLSH: 1687.1
distanceTrue: 1013.71
tLSH: 321
tTrue: 901000
R-near neighbors: 
Query: 72
Nearest neighbor-1: 35492
distanceLSH: 2361.36
distanceTrue: 1542.31
tLSH: 314
tTrue: 866113
R-near neighbors: 
Query: 73
Nearest neighbor-1: 48190
distanceLSH: 1563.91
distanceTrue: 1123.18
tLSH: 335
tTrue: 833785
R-near neighbors: 
Query: 74
Nearest neighbor-1: 9251
distanceLSH: 1042.72
distanceTrue: 437.254
tLSH: 291
tTrue: 791419
R-near neighbors: 
Query: 75
Nearest neighbor-1: 1891
distanceLSH: 2032.24
distanceTrue: 961.368
tLSH: 238
tTrue: 826026
R-near neighbors: 
Query: 76
Nearest neighbor-1: 29366
distanceLSH: 1579.49
distanceTrue: 932.156
tLSH: 357
tTrue: 814878
R-near neighbors: 
Query: 77
Nearest neighbor-1: 36688
distanceLSH: 2085.32
distanceTrue: 1366.16
tLSH: 315
tTrue: 826411
R-near neighbors: 
Query: 78
Nearest neighbor-1: 30845
distanceLSH: 1546.53
distanceTrue: 981.83
tLSH: 338
tTrue: 814720
R-near neighbors: 
Query: 79
Nearest neighbor-1: 51353
distanceLSH: 1325.7
distanceTrue: 869.289
tLSH: 293
tTrue: 856190
R-near neighbors: 
Query: 80
Nearest neighbor-1: 34764
distanceLSH: 1713.6
distanceTrue: 1025
tLSH: 314
tTrue: 815004
R-near neighbors: 
Query: 81
Nearest neighbor-1: 28741
distanceLSH: 1871.78
distanceTrue: 1081.65
tLSH: 359
tTrue: 836814
R-near neighbors: 
Query: 82
Nearest neighbor-1: 52001
distanceLSH: 1899.13
distanceTrue: 1252.06
tLSH: 239
tTrue: 871771
R-near neighbors: 
Query: 83
Nearest neighbor-1: 44795
distanceLSH: 1182.1
distanceTrue: 851.563
tLSH: 304
tTrue: 813589
R-near neighbors: 
Query: 84
Nearest neighbor-1: 58817
distanceLSH: 2314.13
distanceTrue: 1458.32
tLSH: 331
tTrue: 863337
R-near neighbors: 
Query: 85
Nearest neighbor-1: 35314
distanceLSH: 1881.33
distanceTrue: 1312.89
tLSH: 338
tTrue: 873237
R-near neighbors: 
Query: 86
Nearest neighbor-1: 4548
distanceLSH: 1383.52
distanceTrue: 761.512
tLSH: 360
tTrue: 820583
R-near neighbors: 
Query: 87
Nearest neighbor-1: 808
distanceLSH: 1969.75
distanceTrue: 1480.01
tLSH: 343
tTrue: 849993
R-near neighbors: 
Query: 88
Nearest neighbor-1: 41198
distanceLSH: 1414.04
distanceTrue: 1051.66
tLSH: 370
tTrue: 863902
R-near neighbors: 
Query: 89
Nearest neighbor-1: 11608
distanceLSH: 1072.47
distanceTrue: 589.283
tLSH: 249
tTrue: 796172
R-near neighbors: 
Query: 90
Nearest neighbor-1: 16344
distanceLSH: 1603.16
distanceTrue: 1081.47
tLSH: 325
tTrue: 842840
R-near neighbors: 
Query: 91
Nearest neighbor-1: 30873
distanceLSH: 1333.88
distanceTrue: 908.08
tLSH: 317
tTrue: 827431
R-near neighbors: 
Query: 92
Nearest neighbor-1: 54895
distanceLSH: 1597.11
distanceTrue: 1045.25
tLSH: 333
tTrue: 812057
R-near neighbors: 
Query: 93
Nearest neighbor-1: 55746
distanceLSH: 1586.85
distanceTrue: 1173.25
tLSH: 328
tTrue: 843117
R-near neighbors: 
Query: 94
Nearest neighbor-1: 59364
distanceLSH: 709.255
distanceTrue: 709.255
tLSH: 327
tTrue: 810076
R-near neighbors: 
Query: 95
Nearest neighbor-1: 1203
distanceLSH: 1676.95
distanceTrue: 1653.3
tLSH: 339
tTrue: 880675
R-near neighbors: 
Query: 96
Nearest neighbor-1: 43030
distanceLSH: 1074.83
distanceTrue: 705.661
tLSH: 220
tTrue: 792236
R-near neighbors: 
Query: 97
Nearest neighbor-1: 39244
distanceLSH: 2081.53
distanceTrue: 1263.66
tLSH: 354
tTrue: 850530
R-near neighbors: 
Query: 98
Nearest neighbor-1: 58535
distanceLSH: 2011.64
distanceTrue: 1122.06
tLSH: 324
tTrue: 842665
R-near neighbors: 
Query: 99
Nearest neighbor-1: 1884
distanceLSH: 1521.79
distanceTrue: 990.712
tLSH: 324
tTrue: 857585
R-near neighbors: 
tAverageApproximate: 283
tAverageTrue: 835322
MAF: 2.67312
AAF: 1.58387
