MRNG Results
Query: 0
Nearest neighbor-1: 36994
distanceApproxmiate: 2152.14
distanceTrue: 670.112
Query: 1
Nearest neighbor-1: 24046
distanceApproxmiate: 2325.24
distanceTrue: 1162.93
Query: 2
Nearest neighbor-1: 33034
distanceApproxmiate: 1476.28
distanceTrue: 321.663
Query: 3
Nearest neighbor-1: 34523
distanceApproxmiate: 1238.34
distanceTrue: 1221.58
Query: 4
Nearest neighbor-1: 57566
distanceApproxmiate: 2339.34
distanceTrue: 1092.53
Query: 5
Nearest neighbor-1: 39727
distanceApproxmiate: 1961.73
distanceTrue: 298.124
Query: 6
Nearest neighbor-1: 45717
distanceApproxmiate: 2354
distanceTrue: 1302.71
Query: 7
Nearest neighbor-1: 32596
distanceApproxmiate: 1953.96
distanceTrue: 1249.16
Query: 8
Nearest neighbor-1: 33954
distanceApproxmiate: 2593.14
distanceTrue: 1735.34
Query: 9
Nearest neighbor-1: 36994
distanceApproxmiate: 2308.8
distanceTrue: 985.211
Query: 10
Nearest neighbor-1: 28692
distanceApproxmiate: 1862.09
distanceTrue: 1100.89
Query: 11
Nearest neighbor-1: 2218
distanceApproxmiate: 2260.76
distanceTrue: 1464.38
Query: 12
Nearest neighbor-1: 56307
distanceApproxmiate: 2094.45
distanceTrue: 804.688
Query: 13
Nearest neighbor-1: 7318
distanceApproxmiate: 1251.25
distanceTrue: 896.576
Query: 14
Nearest neighbor-1: 56586
distanceApproxmiate: 1934.93
distanceTrue: 621.283
Query: 15
Nearest neighbor-1: 46914
distanceApproxmiate: 1499.2
distanceTrue: 1416.47
Query: 16
Nearest neighbor-1: 45717
distanceApproxmiate: 1988.16
distanceTrue: 881.039
Query: 17
Nearest neighbor-1: 2538
distanceApproxmiate: 2287.72
distanceTrue: 778.145
Query: 18
Nearest neighbor-1: 13736
distanceApproxmiate: 2023.95
distanceTrue: 1634.4
Query: 19
Nearest neighbor-1: 57486
distanceApproxmiate: 2156.02
distanceTrue: 912.137
Query: 20
Nearest neighbor-1: 47144
distanceApproxmiate: 2306.93
distanceTrue: 945.913
Query: 21
Nearest neighbor-1: 4934
distanceApproxmiate: 1243.16
distanceTrue: 951.667
Query: 22
Nearest neighbor-1: 23064
distanceApproxmiate: 2513.07
distanceTrue: 1211.48
Query: 23
Nearest neighbor-1: 47122
distanceApproxmiate: 2380.34
distanceTrue: 1212.81
Query: 24
Nearest neighbor-1: 32596
distanceApproxmiate: 1994.93
distanceTrue: 1114.46
Query: 25
Nearest neighbor-1: 28457
distanceApproxmiate: 1644.13
distanceTrue: 1388.34
Query: 26
Nearest neighbor-1: 57486
distanceApproxmiate: 2305.07
distanceTrue: 915.757
Query: 27
Nearest neighbor-1: 50870
distanceApproxmiate: 2168.99
distanceTrue: 1039.88
Query: 28
Nearest neighbor-1: 45952
distanceApproxmiate: 1220.84
distanceTrue: 1153.52
Query: 29
Nearest neighbor-1: 56307
distanceApproxmiate: 2085.1
distanceTrue: 489.344
Query: 30
Nearest neighbor-1: 36917
distanceApproxmiate: 1885.94
distanceTrue: 1217.13
Query: 31
Nearest neighbor-1: 56586
distanceApproxmiate: 1768.32
distanceTrue: 431.441
Query: 32
Nearest neighbor-1: 42423
distanceApproxmiate: 1710.06
distanceTrue: 804.497
Query: 33
Nearest neighbor-1: 46328
distanceApproxmiate: 2458.88
distanceTrue: 1384.31
Query: 34
Nearest neighbor-1: 23081
distanceApproxmiate: 2437.29
distanceTrue: 804.335
Query: 35
Nearest neighbor-1: 36994
distanceApproxmiate: 2354.8
distanceTrue: 1530.99
Query: 36
Nearest neighbor-1: 57486
distanceApproxmiate: 2638.79
distanceTrue: 1238.68
Query: 37
Nearest neighbor-1: 56307
distanceApproxmiate: 2087.45
distanceTrue: 321.93
Query: 38
Nearest neighbor-1: 57486
distanceApproxmiate: 2239.27
distanceTrue: 1280.14
Query: 39
Nearest neighbor-1: 39727
distanceApproxmiate: 1826.63
distanceTrue: 480.162
Query: 40
Nearest neighbor-1: 56307
distanceApproxmiate: 2186.53
distanceTrue: 439.772
Query: 41
Nearest neighbor-1: 57486
distanceApproxmiate: 2431.76
distanceTrue: 1007.95
Query: 42
Nearest neighbor-1: 32766
distanceApproxmiate: 2310.09
distanceTrue: 1040.68
Query: 43
Nearest neighbor-1: 57486
distanceApproxmiate: 2322.71
distanceTrue: 1500.39
Query: 44
Nearest neighbor-1: 23064
distanceApproxmiate: 2073.43
distanceTrue: 1131.74
Query: 45
Nearest neighbor-1: 32596
distanceApproxmiate: 1812.23
distanceTrue: 1263.78
Query: 46
Nearest neighbor-1: 40852
distanceApproxmiate: 1852.38
distanceTrue: 635.8
Query: 47
Nearest neighbor-1: 2218
distanceApproxmiate: 2367.25
distanceTrue: 1312.14
Query: 48
Nearest neighbor-1: 47122
distanceApproxmiate: 2328.2
distanceTrue: 1272.27
Query: 49
Nearest neighbor-1: 57882
distanceApproxmiate: 2395.43
distanceTrue: 1054.42
Query: 50
Nearest neighbor-1: 57486
distanceApproxmiate: 2277.28
distanceTrue: 953.655
Query: 51
Nearest neighbor-1: 58219
distanceApproxmiate: 1749.1
distanceTrue: 1285.62
Query: 52
Nearest neighbor-1: 41786
distanceApproxmiate: 1525.23
distanceTrue: 1219.93
Query: 53
Nearest neighbor-1: 21016
distanceApproxmiate: 1168.57
distanceTrue: 1168.57
Query: 54
Nearest neighbor-1: 2218
distanceApproxmiate: 2891.51
distanceTrue: 1242.94
Query: 55
Nearest neighbor-1: 37406
distanceApproxmiate: 1952.69
distanceTrue: 730.933
Query: 56
Nearest neighbor-1: 47122
distanceApproxmiate: 2710.55
distanceTrue: 1204.69
Query: 57
Nearest neighbor-1: 39727
distanceApproxmiate: 1800.33
distanceTrue: 390.574
Query: 58
Nearest neighbor-1: 28010
distanceApproxmiate: 2248.71
distanceTrue: 875.187
Query: 59
Nearest neighbor-1: 57486
distanceApproxmiate: 2157.64
distanceTrue: 1027.37
Query: 60
Nearest neighbor-1: 15472
distanceApproxmiate: 2034.76
distanceTrue: 1158.07
Query: 61
Nearest neighbor-1: 27680
distanceApproxmiate: 2400.34
distanceTrue: 1657.31
Query: 62
Nearest neighbor-1: 56307
distanceApproxmiate: 2088.44
distanceTrue: 1042.9
Query: 63
Nearest neighbor-1: 57486
distanceApproxmiate: 2411.86
distanceTrue: 1326.84
Query: 64
Nearest neighbor-1: 23081
distanceApproxmiate: 2765.05
distanceTrue: 1459.39
Query: 65
Nearest neighbor-1: 56307
distanceApproxmiate: 1796.07
distanceTrue: 1029.84
Query: 66
Nearest neighbor-1: 2218
distanceApproxmiate: 2287.81
distanceTrue: 1254.9
Query: 67
Nearest neighbor-1: 32766
distanceApproxmiate: 2692.35
distanceTrue: 1198.5
Query: 68
Nearest neighbor-1: 4966
distanceApproxmiate: 1546
distanceTrue: 958.013
Query: 69
Nearest neighbor-1: 49737
distanceApproxmiate: 1407.45
distanceTrue: 873.547
Query: 70
Nearest neighbor-1: 12542
distanceApproxmiate: 2305.58
distanceTrue: 954.377
Query: 71
Nearest neighbor-1: 30413
distanceApproxmiate: 1237.02
distanceTrue: 1013.71
Query: 72
Nearest neighbor-1: 33136
distanceApproxmiate: 2140.32
distanceTrue: 1542.31
Query: 73
Nearest neighbor-1: 23081
distanceApproxmiate: 2181.05
distanceTrue: 1123.18
Query: 74
Nearest neighbor-1: 56307
distanceApproxmiate: 2033.72
distanceTrue: 437.254
Query: 75
Nearest neighbor-1: 44200
distanceApproxmiate: 2273.6
distanceTrue: 961.368
Query: 76
Nearest neighbor-1: 6340
distanceApproxmiate: 1333.61
distanceTrue: 932.156
Query: 77
Nearest neighbor-1: 2218
distanceApproxmiate: 2559.58
distanceTrue: 1366.16
Query: 78
Nearest neighbor-1: 31426
distanceApproxmiate: 1100.29
distanceTrue: 981.83
Query: 79
Nearest neighbor-1: 24845
distanceApproxmiate: 2054.88
distanceTrue: 869.289
Query: 80
Nearest neighbor-1: 5360
distanceApproxmiate: 2221.15
distanceTrue: 1025
Query: 81
Nearest neighbor-1: 59640
distanceApproxmiate: 1918.81
distanceTrue: 1081.65
Query: 82
Nearest neighbor-1: 59499
distanceApproxmiate: 1277.63
distanceTrue: 1252.06
Query: 83
Nearest neighbor-1: 32596
distanceApproxmiate: 2189.03
distanceTrue: 851.563
Query: 84
Nearest neighbor-1: 34567
distanceApproxmiate: 1929.89
distanceTrue: 1458.32
Query: 85
Nearest neighbor-1: 47122
distanceApproxmiate: 2424.24
distanceTrue: 1312.89
Query: 86
Nearest neighbor-1: 18635
distanceApproxmiate: 1987.09
distanceTrue: 761.512
Query: 87
Nearest neighbor-1: 6784
distanceApproxmiate: 1853.67
distanceTrue: 1480.01
Query: 88
Nearest neighbor-1: 16616
distanceApproxmiate: 2347.66
distanceTrue: 1051.66
Query: 89
Nearest neighbor-1: 39727
distanceApproxmiate: 1908.19
distanceTrue: 589.283
Query: 90
Nearest neighbor-1: 57486
distanceApproxmiate: 2035.99
distanceTrue: 1081.47
Query: 91
Nearest neighbor-1: 42072
distanceApproxmiate: 935.152
distanceTrue: 908.08
Query: 92
Nearest neighbor-1: 3299
distanceApproxmiate: 1761.2
distanceTrue: 1045.25
Query: 93
Nearest neighbor-1: 21861
distanceApproxmiate: 1422.73
distanceTrue: 1173.25
Query: 94
Nearest neighbor-1: 27545
distanceApproxmiate: 1972.56
distanceTrue: 709.255
Query: 95
Nearest neighbor-1: 32766
distanceApproxmiate: 2381.9
distanceTrue: 1653.3
Query: 96
Nearest neighbor-1: 56307
distanceApproxmiate: 2058.27
distanceTrue: 705.661
Query: 97
Nearest neighbor-1: 32632
distanceApproxmiate: 1786.71
distanceTrue: 1263.66
Query: 98
Nearest neighbor-1: 11730
distanceApproxmiate: 1465.37
distanceTrue: 1122.06
Query: 99
Nearest neighbor-1: 45717
distanceApproxmiate: 2175.65
distanceTrue: 990.712
tAverageApproximate: 711
tAverageTrue: 837141
MAF: 11.3823
AAF: 2.88721
