Query: 0
Nearest neighbor-1: 30015
distanceHC: 1189.17
distanceTrue: 670.112
tCube: 863
tTrue: 818714
R-near neighbors: 
Query: 1
Nearest neighbor-1: 45880
distanceHC: 1885.98
distanceTrue: 1162.93
tCube: 1147
tTrue: 866328
R-near neighbors: 
Query: 2
Nearest neighbor-1: 27684
distanceHC: 442.757
distanceTrue: 321.663
tCube: 954
tTrue: 788652
R-near neighbors: 
Query: 3
Nearest neighbor-1: 24069
distanceHC: 1557.32
distanceTrue: 1221.58
tCube: 1082
tTrue: 870589
R-near neighbors: 
Query: 4
Nearest neighbor-1: 24340
distanceHC: 1737.12
distanceTrue: 1092.53
tCube: 760
tTrue: 842241
R-near neighbors: 
Query: 5
Nearest neighbor-1: 57997
distanceHC: 782.82
distanceTrue: 298.124
tCube: 827
tTrue: 798217
R-near neighbors: 
Query: 6
Nearest neighbor-1: 45280
distanceHC: 1738.78
distanceTrue: 1302.71
tCube: 958
tTrue: 845897
R-near neighbors: 
Query: 7
Nearest neighbor-1: 9614
distanceHC: 1802.05
distanceTrue: 1249.16
tCube: 815
tTrue: 839579
R-near neighbors: 
Query: 8
Nearest neighbor-1: 10587
distanceHC: 2332.44
distanceTrue: 1735.34
tCube: 964
tTrue: 865486
R-near neighbors: 
Query: 9
Nearest neighbor-1: 31275
distanceHC: 1399.99
distanceTrue: 985.211
tCube: 896
tTrue: 854988
R-near neighbors: 
Query: 10
Nearest neighbor-1: 30871
distanceHC: 1583.21
distanceTrue: 1100.89
tCube: 888
tTrue: 883189
R-near neighbors: 
Query: 11
Nearest neighbor-1: 47772
distanceHC: 1833.69
distanceTrue: 1464.38
tCube: 870
tTrue: 874885
R-near neighbors: 
Query: 12
Nearest neighbor-1: 11415
distanceHC: 1337.98
distanceTrue: 804.688
tCube: 1040
tTrue: 826454
R-near neighbors: 
Query: 13
Nearest neighbor-1: 57494
distanceHC: 1449.84
distanceTrue: 896.576
tCube: 692
tTrue: 871337
R-near neighbors: 
Query: 14
Nearest neighbor-1: 14268
distanceHC: 919.98
distanceTrue: 621.283
tCube: 837
tTrue: 792220
R-near neighbors: 
Query: 15
Nearest neighbor-1: 21250
distanceHC: 1784.27
distanceTrue: 1416.47
tCube: 774
tTrue: 854944
R-near neighbors: 
Query: 16
Nearest neighbor-1: 45632
distanceHC: 1140.92
distanceTrue: 881.039
tCube: 1178
tTrue: 844329
R-near neighbors: 
Query: 17
Nearest neighbor-1: 58528
distanceHC: 1216.37
distanceTrue: 778.145
tCube: 914
tTrue: 832670
R-near neighbors: 
Query: 18
Nearest neighbor-1: 40158
distanceHC: 1966.35
distanceTrue: 1634.4
tCube: 695
tTrue: 903906
R-near neighbors: 
Query: 19
Nearest neighbor-1: 33679
distanceHC: 1402.49
distanceTrue: 912.137
tCube: 729
tTrue: 815925
R-near neighbors: 
Query: 20
Nearest neighbor-1: 5391
distanceHC: 1275.87
distanceTrue: 945.913
tCube: 785
tTrue: 838042
R-near neighbors: 
Query: 21
Nearest neighbor-1: 36372
distanceHC: 1101.35
distanceTrue: 951.667
tCube: 864
tTrue: 833312
R-near neighbors: 
Query: 22
Nearest neighbor-1: 2680
distanceHC: 1451.58
distanceTrue: 1211.48
tCube: 728
tTrue: 850910
R-near neighbors: 
Query: 23
Nearest neighbor-1: 21543
distanceHC: 1559.31
distanceTrue: 1212.81
tCube: 859
tTrue: 834041
R-near neighbors: 
Query: 24
Nearest neighbor-1: 18458
distanceHC: 1276.18
distanceTrue: 1114.46
tCube: 719
tTrue: 819394
R-near neighbors: 
Query: 25
Nearest neighbor-1: 9047
distanceHC: 1781.57
distanceTrue: 1388.34
tCube: 811
tTrue: 935949
R-near neighbors: 
Query: 26
Nearest neighbor-1: 37673
distanceHC: 1243.04
distanceTrue: 915.757
tCube: 867
tTrue: 815864
R-near neighbors: 
Query: 27
Nearest neighbor-1: 58194
distanceHC: 1282.7
distanceTrue: 1039.88
tCube: 1132
tTrue: 833230
R-near neighbors: 
Query: 28
Nearest neighbor-1: 19504
distanceHC: 1492.72
distanceTrue: 1153.52
tCube: 1138
tTrue: 880317
R-near neighbors: 
Query: 29
Nearest neighbor-1: 19991
distanceHC: 595.018
distanceTrue: 489.344
tCube: 1029
tTrue: 792313
R-near neighbors: 
Query: 30
Nearest neighbor-1: 54249
distanceHC: 1515.81
distanceTrue: 1217.13
tCube: 630
tTrue: 831568
R-near neighbors: 
Query: 31
Nearest neighbor-1: 21744
distanceHC: 689.754
distanceTrue: 431.441
tCube: 772
tTrue: 789454
R-near neighbors: 
Query: 32
Nearest neighbor-1: 36644
distanceHC: 1368.38
distanceTrue: 804.497
tCube: 945
tTrue: 846590
R-near neighbors: 
Query: 33
Nearest neighbor-1: 35204
distanceHC: 2272.79
distanceTrue: 1384.31
tCube: 772
tTrue: 886146
R-near neighbors: 
Query: 34
Nearest neighbor-1: 6132
distanceHC: 1320.76
distanceTrue: 804.335
tCube: 960
tTrue: 839632
R-near neighbors: 
Query: 35
Nearest neighbor-1: 39006
distanceHC: 2062.11
distanceTrue: 1530.99
tCube: 738
tTrue: 878234
R-near neighbors: 
Query: 36
Nearest neighbor-1: 24816
distanceHC: 1677.4
distanceTrue: 1238.68
tCube: 804
tTrue: 834426
R-near neighbors: 
Query: 37
Nearest neighbor-1: 25786
distanceHC: 663.957
distanceTrue: 321.93
tCube: 800
tTrue: 796856
R-near neighbors: 
Query: 38
Nearest neighbor-1: 18220
distanceHC: 2048.63
distanceTrue: 1280.14
tCube: 878
tTrue: 834436
R-near neighbors: 
Query: 39
Nearest neighbor-1: 1174
distanceHC: 859.841
distanceTrue: 480.162
tCube: 731
tTrue: 806174
R-near neighbors: 
Query: 40
Nearest neighbor-1: 2938
distanceHC: 990.713
distanceTrue: 439.772
tCube: 942
tTrue: 782663
R-near neighbors: 
Query: 41
Nearest neighbor-1: 9606
distanceHC: 1183.75
distanceTrue: 1007.95
tCube: 709
tTrue: 812059
R-near neighbors: 
Query: 42
Nearest neighbor-1: 53307
distanceHC: 1449.6
distanceTrue: 1040.68
tCube: 909
tTrue: 835615
R-near neighbors: 
Query: 43
Nearest neighbor-1: 13617
distanceHC: 1605.06
distanceTrue: 1500.39
tCube: 924
tTrue: 821391
R-near neighbors: 
Query: 44
Nearest neighbor-1: 35914
distanceHC: 1592.74
distanceTrue: 1131.74
tCube: 1010
tTrue: 816388
R-near neighbors: 
Query: 45
Nearest neighbor-1: 23996
distanceHC: 1550.77
distanceTrue: 1263.78
tCube: 1114
tTrue: 837348
R-near neighbors: 
Query: 46
Nearest neighbor-1: 22065
distanceHC: 1276.14
distanceTrue: 635.8
tCube: 691
tTrue: 813655
R-near neighbors: 
Query: 47
Nearest neighbor-1: 23894
distanceHC: 1770.79
distanceTrue: 1312.14
tCube: 893
tTrue: 835965
R-near neighbors: 
Query: 48
Nearest neighbor-1: 2256
distanceHC: 1741.09
distanceTrue: 1272.27
tCube: 840
tTrue: 876272
R-near neighbors: 
Query: 49
Nearest neighbor-1: 48835
distanceHC: 1805.24
distanceTrue: 1054.42
tCube: 727
tTrue: 851643
R-near neighbors: 
Query: 50
Nearest neighbor-1: 1228
distanceHC: 1184.92
distanceTrue: 953.655
tCube: 1007
tTrue: 825812
R-near neighbors: 
Query: 51
Nearest neighbor-1: 32960
distanceHC: 2077.51
distanceTrue: 1285.62
tCube: 958
tTrue: 885135
R-near neighbors: 
Query: 52
Nearest neighbor-1: 50800
distanceHC: 1640.74
distanceTrue: 1219.93
tCube: 680
tTrue: 846839
R-near neighbors: 
Query: 53
Nearest neighbor-1: 32923
distanceHC: 1851.39
distanceTrue: 1168.57
tCube: 680
tTrue: 843088
R-near neighbors: 
Query: 54
Nearest neighbor-1: 35750
distanceHC: 2093.57
distanceTrue: 1242.94
tCube: 944
tTrue: 910583
R-near neighbors: 
Query: 55
Nearest neighbor-1: 18794
distanceHC: 1375.81
distanceTrue: 730.933
tCube: 776
tTrue: 854971
R-near neighbors: 
Query: 56
Nearest neighbor-1: 42676
distanceHC: 1673.01
distanceTrue: 1204.69
tCube: 821
tTrue: 866360
R-near neighbors: 
Query: 57
Nearest neighbor-1: 42494
distanceHC: 650.529
distanceTrue: 390.574
tCube: 736
tTrue: 790393
R-near neighbors: 
Query: 58
Nearest neighbor-1: 38020
distanceHC: 1246.95
distanceTrue: 875.187
tCube: 1025
tTrue: 844841
R-near neighbors: 
Query: 59
Nearest neighbor-1: 28376
distanceHC: 1175.65
distanceTrue: 1027.37
tCube: 870
tTrue: 814558
R-near neighbors: 
Query: 60
Nearest neighbor-1: 49444
distanceHC: 1821.19
distanceTrue: 1158.07
tCube: 813
tTrue: 840201
R-near neighbors: 
Query: 61
Nearest neighbor-1: 37783
distanceHC: 1905.71
distanceTrue: 1657.31
tCube: 762
tTrue: 861257
R-near neighbors: 
Query: 62
Nearest neighbor-1: 18136
distanceHC: 1566.98
distanceTrue: 1042.9
tCube: 1170
tTrue: 809468
R-near neighbors: 
Query: 63
Nearest neighbor-1: 36103
distanceHC: 1629.66
distanceTrue: 1326.84
tCube: 928
tTrue: 834600
R-near neighbors: 
Query: 64
Nearest neighbor-1: 11564
distanceHC: 1856.85
distanceTrue: 1459.39
tCube: 876
tTrue: 865358
R-near neighbors: 
Query: 65
Nearest neighbor-1: 25044
distanceHC: 1563.47
distanceTrue: 1029.84
tCube: 675
tTrue: 799577
R-near neighbors: 
Query: 66
Nearest neighbor-1: 59257
distanceHC: 1841.59
distanceTrue: 1254.9
tCube: 1096
tTrue: 861785
R-near neighbors: 
Query: 67
Nearest neighbor-1: 42809
distanceHC: 1708.87
distanceTrue: 1198.5
tCube: 962
tTrue: 854292
R-near neighbors: 
Query: 68
Nearest neighbor-1: 25222
distanceHC: 1290.23
distanceTrue: 958.013
tCube: 1108
tTrue: 845959
R-near neighbors: 
Query: 69
Nearest neighbor-1: 435
distanceHC: 1687.97
distanceTrue: 873.547
tCube: 961
tTrue: 886615
R-near neighbors: 
Query: 70
Nearest neighbor-1: 22754
distanceHC: 1291.81
distanceTrue: 954.377
tCube: 951
tTrue: 835572
R-near neighbors: 
Query: 71
Nearest neighbor-1: 2500
distanceHC: 1458.63
distanceTrue: 1013.71
tCube: 734
tTrue: 906203
R-near neighbors: 
Query: 72
Nearest neighbor-1: 49776
distanceHC: 2098.03
distanceTrue: 1542.31
tCube: 689
tTrue: 870874
R-near neighbors: 
Query: 73
Nearest neighbor-1: 55431
distanceHC: 1422.3
distanceTrue: 1123.18
tCube: 827
tTrue: 841628
R-near neighbors: 
Query: 74
Nearest neighbor-1: 9942
distanceHC: 698.77
distanceTrue: 437.254
tCube: 902
tTrue: 799000
R-near neighbors: 
Query: 75
Nearest neighbor-1: 7992
distanceHC: 1551.42
distanceTrue: 961.368
tCube: 819
tTrue: 834293
R-near neighbors: 
Query: 76
Nearest neighbor-1: 27534
distanceHC: 1444.2
distanceTrue: 932.156
tCube: 835
tTrue: 821251
R-near neighbors: 
Query: 77
Nearest neighbor-1: 48991
distanceHC: 2050.57
distanceTrue: 1366.16
tCube: 887
tTrue: 833988
R-near neighbors: 
Query: 78
Nearest neighbor-1: 26359
distanceHC: 1300.58
distanceTrue: 981.83
tCube: 689
tTrue: 822087
R-near neighbors: 
Query: 79
Nearest neighbor-1: 39401
distanceHC: 1352.84
distanceTrue: 869.289
tCube: 1069
tTrue: 863614
R-near neighbors: 
Query: 80
Nearest neighbor-1: 50557
distanceHC: 1290.2
distanceTrue: 1025
tCube: 1100
tTrue: 826246
R-near neighbors: 
Query: 81
Nearest neighbor-1: 39589
distanceHC: 1669.13
distanceTrue: 1081.65
tCube: 854
tTrue: 846012
R-near neighbors: 
Query: 82
Nearest neighbor-1: 59186
distanceHC: 1457.04
distanceTrue: 1252.06
tCube: 855
tTrue: 878111
R-near neighbors: 
Query: 83
Nearest neighbor-1: 45179
distanceHC: 1463.04
distanceTrue: 851.563
tCube: 735
tTrue: 818509
R-near neighbors: 
Query: 84
Nearest neighbor-1: 41550
distanceHC: 2111.56
distanceTrue: 1458.32
tCube: 1028
tTrue: 871715
R-near neighbors: 
Query: 85
Nearest neighbor-1: 23999
distanceHC: 1344.31
distanceTrue: 1312.89
tCube: 965
tTrue: 891900
R-near neighbors: 
Query: 86
Nearest neighbor-1: 58425
distanceHC: 1270.87
distanceTrue: 761.512
tCube: 675
tTrue: 835023
R-near neighbors: 
Query: 87
Nearest neighbor-1: 35248
distanceHC: 1972.02
distanceTrue: 1480.01
tCube: 1035
tTrue: 861172
R-near neighbors: 
Query: 88
Nearest neighbor-1: 18134
distanceHC: 1230.25
distanceTrue: 1051.66
tCube: 715
tTrue: 868995
R-near neighbors: 
Query: 89
Nearest neighbor-1: 24168
distanceHC: 863.728
distanceTrue: 589.283
tCube: 878
tTrue: 804953
R-near neighbors: 
Query: 90
Nearest neighbor-1: 30793
distanceHC: 1597.8
distanceTrue: 1081.47
tCube: 842
tTrue: 851631
R-near neighbors: 
Query: 91
Nearest neighbor-1: 40751
distanceHC: 1358.95
distanceTrue: 908.08
tCube: 1013
tTrue: 833993
R-near neighbors: 
Query: 92
Nearest neighbor-1: 15387
distanceHC: 1801.25
distanceTrue: 1045.25
tCube: 881
tTrue: 823916
R-near neighbors: 
Query: 93
Nearest neighbor-1: 14223
distanceHC: 1638.37
distanceTrue: 1173.25
tCube: 753
tTrue: 855112
R-near neighbors: 
Query: 94
Nearest neighbor-1: 12878
distanceHC: 1300.14
distanceTrue: 709.255
tCube: 745
tTrue: 818545
R-near neighbors: 
Query: 95
Nearest neighbor-1: 32088
distanceHC: 1914.21
distanceTrue: 1653.3
tCube: 968
tTrue: 887642
R-near neighbors: 
Query: 96
Nearest neighbor-1: 50068
distanceHC: 1041.1
distanceTrue: 705.661
tCube: 931
tTrue: 797981
R-near neighbors: 
Query: 97
Nearest neighbor-1: 2980
distanceHC: 1914.45
distanceTrue: 1263.66
tCube: 1142
tTrue: 853740
R-near neighbors: 
Query: 98
Nearest neighbor-1: 24764
distanceHC: 1582.29
distanceTrue: 1122.06
tCube: 1114
tTrue: 847807
R-near neighbors: 
Query: 99
Nearest neighbor-1: 4568
distanceHC: 1217.85
distanceTrue: 990.712
tCube: 880
tTrue: 868553
R-near neighbors: 
tAverageApproximate: 831
tAverageTrue: 842573
MAF: 2.62582
AAF: 1.46043
