Query: 0
Nearest neighbor-1: 14505
distanceHC: 988.436
distanceTrue: 670.112
tCube: 12270
tTrue: 819894
R-near neighbors: 
Query: 1
Nearest neighbor-1: 24612
distanceHC: 1285.93
distanceTrue: 1162.93
tCube: 12253
tTrue: 867238
R-near neighbors: 
Query: 2
Nearest neighbor-1: 27684
distanceHC: 442.757
distanceTrue: 321.663
tCube: 12862
tTrue: 789131
R-near neighbors: 
Query: 3
Nearest neighbor-1: 29706
distanceHC: 1391.8
distanceTrue: 1221.58
tCube: 13533
tTrue: 872172
R-near neighbors: 
Query: 4
Nearest neighbor-1: 25760
distanceHC: 1171.88
distanceTrue: 1092.53
tCube: 13282
tTrue: 837676
R-near neighbors: 
Query: 5
Nearest neighbor-1: 30809
distanceHC: 298.124
distanceTrue: 298.124
tCube: 12790
tTrue: 797889
R-near neighbors: 
Query: 6
Nearest neighbor-1: 54
distanceHC: 1472.25
distanceTrue: 1302.71
tCube: 12073
tTrue: 844662
R-near neighbors: 
Query: 7
Nearest neighbor-1: 2696
distanceHC: 1794.08
distanceTrue: 1249.16
tCube: 11708
tTrue: 839176
R-near neighbors: 
Query: 8
Nearest neighbor-1: 49352
distanceHC: 2135.83
distanceTrue: 1735.34
tCube: 11756
tTrue: 864216
R-near neighbors: 
Query: 9
Nearest neighbor-1: 13323
distanceHC: 1298.25
distanceTrue: 985.211
tCube: 13886
tTrue: 854737
R-near neighbors: 
Query: 10
Nearest neighbor-1: 33148
distanceHC: 1297.52
distanceTrue: 1100.89
tCube: 13489
tTrue: 884592
R-near neighbors: 
Query: 11
Nearest neighbor-1: 36036
distanceHC: 1464.38
distanceTrue: 1464.38
tCube: 12512
tTrue: 875492
R-near neighbors: 
Query: 12
Nearest neighbor-1: 58703
distanceHC: 1197.03
distanceTrue: 804.688
tCube: 11825
tTrue: 826549
R-near neighbors: 
Query: 13
Nearest neighbor-1: 23586
distanceHC: 1302.37
distanceTrue: 896.576
tCube: 12611
tTrue: 871576
R-near neighbors: 
Query: 14
Nearest neighbor-1: 33667
distanceHC: 727.714
distanceTrue: 621.283
tCube: 12723
tTrue: 793209
R-near neighbors: 
Query: 15
Nearest neighbor-1: 53718
distanceHC: 1747.84
distanceTrue: 1416.47
tCube: 12796
tTrue: 856994
R-near neighbors: 
Query: 16
Nearest neighbor-1: 44469
distanceHC: 1308.05
distanceTrue: 881.039
tCube: 12822
tTrue: 844137
R-near neighbors: 
Query: 17
Nearest neighbor-1: 12031
distanceHC: 1065.64
distanceTrue: 778.145
tCube: 13221
tTrue: 834180
R-near neighbors: 
Query: 18
Nearest neighbor-1: 15090
distanceHC: 1738.77
distanceTrue: 1634.4
tCube: 12848
tTrue: 904634
R-near neighbors: 
Query: 19
Nearest neighbor-1: 34498
distanceHC: 1246.36
distanceTrue: 912.137
tCube: 12186
tTrue: 818740
R-near neighbors: 
Query: 20
Nearest neighbor-1: 22925
distanceHC: 1156.05
distanceTrue: 945.913
tCube: 12547
tTrue: 847273
R-near neighbors: 
Query: 21
Nearest neighbor-1: 18430
distanceHC: 951.667
distanceTrue: 951.667
tCube: 13087
tTrue: 833877
R-near neighbors: 
Query: 22
Nearest neighbor-1: 30421
distanceHC: 1374.51
distanceTrue: 1211.48
tCube: 12467
tTrue: 857530
R-near neighbors: 
Query: 23
Nearest neighbor-1: 31346
distanceHC: 1437.95
distanceTrue: 1212.81
tCube: 13775
tTrue: 836413
R-near neighbors: 
Query: 24
Nearest neighbor-1: 20248
distanceHC: 1480.91
distanceTrue: 1114.46
tCube: 13038
tTrue: 831057
R-near neighbors: 
Query: 25
Nearest neighbor-1: 28041
distanceHC: 1513.01
distanceTrue: 1388.34
tCube: 12960
tTrue: 938540
R-near neighbors: 
Query: 26
Nearest neighbor-1: 53214
distanceHC: 1311.43
distanceTrue: 915.757
tCube: 13273
tTrue: 818703
R-near neighbors: 
Query: 27
Nearest neighbor-1: 49994
distanceHC: 1057.54
distanceTrue: 1039.88
tCube: 13018
tTrue: 845803
R-near neighbors: 
Query: 28
Nearest neighbor-1: 56318
distanceHC: 1153.52
distanceTrue: 1153.52
tCube: 13163
tTrue: 885496
R-near neighbors: 
Query: 29
Nearest neighbor-1: 54353
distanceHC: 655.074
distanceTrue: 489.344
tCube: 13232
tTrue: 793650
R-near neighbors: 
Query: 30
Nearest neighbor-1: 34259
distanceHC: 1450.01
distanceTrue: 1217.13
tCube: 13193
tTrue: 831535
R-near neighbors: 
Query: 31
Nearest neighbor-1: 47222
distanceHC: 615.959
distanceTrue: 431.441
tCube: 12296
tTrue: 790738
R-near neighbors: 
Query: 32
Nearest neighbor-1: 51142
distanceHC: 804.497
distanceTrue: 804.497
tCube: 13046
tTrue: 849448
R-near neighbors: 
Query: 33
Nearest neighbor-1: 18362
distanceHC: 2119.75
distanceTrue: 1384.31
tCube: 12674
tTrue: 891588
R-near neighbors: 
Query: 34
Nearest neighbor-1: 52787
distanceHC: 1241.75
distanceTrue: 804.335
tCube: 12222
tTrue: 841530
R-near neighbors: 
Query: 35
Nearest neighbor-1: 26927
distanceHC: 1601.32
distanceTrue: 1530.99
tCube: 13296
tTrue: 878305
R-near neighbors: 
Query: 36
Nearest neighbor-1: 45645
distanceHC: 1323.33
distanceTrue: 1238.68
tCube: 12448
tTrue: 836022
R-near neighbors: 
Query: 37
Nearest neighbor-1: 45237
distanceHC: 476.213
distanceTrue: 321.93
tCube: 13129
tTrue: 797611
R-near neighbors: 
Query: 38
Nearest neighbor-1: 44657
distanceHC: 1719.28
distanceTrue: 1280.14
tCube: 12920
tTrue: 838038
R-near neighbors: 
Query: 39
Nearest neighbor-1: 47697
distanceHC: 667.366
distanceTrue: 480.162
tCube: 12912
tTrue: 805486
R-near neighbors: 
Query: 40
Nearest neighbor-1: 39352
distanceHC: 592.696
distanceTrue: 439.772
tCube: 12370
tTrue: 780873
R-near neighbors: 
Query: 41
Nearest neighbor-1: 25562
distanceHC: 1375.96
distanceTrue: 1007.95
tCube: 12963
tTrue: 812966
R-near neighbors: 
Query: 42
Nearest neighbor-1: 44594
distanceHC: 1339.79
distanceTrue: 1040.68
tCube: 12991
tTrue: 838227
R-near neighbors: 
Query: 43
Nearest neighbor-1: 48334
distanceHC: 1743.44
distanceTrue: 1500.39
tCube: 12828
tTrue: 824314
R-near neighbors: 
Query: 44
Nearest neighbor-1: 18325
distanceHC: 1131.74
distanceTrue: 1131.74
tCube: 13043
tTrue: 818272
R-near neighbors: 
Query: 45
Nearest neighbor-1: 6300
distanceHC: 1598.66
distanceTrue: 1263.78
tCube: 12375
tTrue: 836673
R-near neighbors: 
Query: 46
Nearest neighbor-1: 33048
distanceHC: 936.378
distanceTrue: 635.8
tCube: 12432
tTrue: 816406
R-near neighbors: 
Query: 47
Nearest neighbor-1: 3274
distanceHC: 1661.77
distanceTrue: 1312.14
tCube: 13052
tTrue: 838043
R-near neighbors: 
Query: 48
Nearest neighbor-1: 8583
distanceHC: 1654.64
distanceTrue: 1272.27
tCube: 12620
tTrue: 877822
R-near neighbors: 
Query: 49
Nearest neighbor-1: 30287
distanceHC: 1214.72
distanceTrue: 1054.42
tCube: 13216
tTrue: 852849
R-near neighbors: 
Query: 50
Nearest neighbor-1: 52584
distanceHC: 1090.19
distanceTrue: 953.655
tCube: 12057
tTrue: 830614
R-near neighbors: 
Query: 51
Nearest neighbor-1: 32794
distanceHC: 1928.47
distanceTrue: 1285.62
tCube: 12544
tTrue: 885032
R-near neighbors: 
Query: 52
Nearest neighbor-1: 52507
distanceHC: 1453.46
distanceTrue: 1219.93
tCube: 14129
tTrue: 849198
R-near neighbors: 
Query: 53
Nearest neighbor-1: 32646
distanceHC: 1709.95
distanceTrue: 1168.57
tCube: 12771
tTrue: 844687
R-near neighbors: 
Query: 54
Nearest neighbor-1: 31924
distanceHC: 1267.27
distanceTrue: 1242.94
tCube: 12728
tTrue: 913560
R-near neighbors: 
Query: 55
Nearest neighbor-1: 29474
distanceHC: 1479.29
distanceTrue: 730.933
tCube: 12821
tTrue: 856147
R-near neighbors: 
Query: 56
Nearest neighbor-1: 54729
distanceHC: 1430.81
distanceTrue: 1204.69
tCube: 12872
tTrue: 866285
R-near neighbors: 
Query: 57
Nearest neighbor-1: 43927
distanceHC: 484.125
distanceTrue: 390.574
tCube: 12828
tTrue: 787287
R-near neighbors: 
Query: 58
Nearest neighbor-1: 18731
distanceHC: 1091.02
distanceTrue: 875.187
tCube: 13759
tTrue: 844339
R-near neighbors: 
Query: 59
Nearest neighbor-1: 14748
distanceHC: 1314.76
distanceTrue: 1027.37
tCube: 12582
tTrue: 815501
R-near neighbors: 
Query: 60
Nearest neighbor-1: 54940
distanceHC: 1158.07
distanceTrue: 1158.07
tCube: 12822
tTrue: 839818
R-near neighbors: 
Query: 61
Nearest neighbor-1: 29189
distanceHC: 1872.35
distanceTrue: 1657.31
tCube: 12140
tTrue: 862369
R-near neighbors: 
Query: 62
Nearest neighbor-1: 42668
distanceHC: 1083.59
distanceTrue: 1042.9
tCube: 13103
tTrue: 812107
R-near neighbors: 
Query: 63
Nearest neighbor-1: 8052
distanceHC: 1735.78
distanceTrue: 1326.84
tCube: 12678
tTrue: 833196
R-near neighbors: 
Query: 64
Nearest neighbor-1: 47536
distanceHC: 1657.4
distanceTrue: 1459.39
tCube: 13121
tTrue: 866030
R-near neighbors: 
Query: 65
Nearest neighbor-1: 56320
distanceHC: 1369.32
distanceTrue: 1029.84
tCube: 13348
tTrue: 802501
R-near neighbors: 
Query: 66
Nearest neighbor-1: 1414
distanceHC: 1481.07
distanceTrue: 1254.9
tCube: 14171
tTrue: 859678
R-near neighbors: 
Query: 67
Nearest neighbor-1: 39024
distanceHC: 1642.72
distanceTrue: 1198.5
tCube: 13119
tTrue: 854223
R-near neighbors: 
Query: 68
Nearest neighbor-1: 54174
distanceHC: 1212.38
distanceTrue: 958.013
tCube: 11624
tTrue: 847498
R-near neighbors: 
Query: 69
Nearest neighbor-1: 29211
distanceHC: 1383.96
distanceTrue: 873.547
tCube: 13149
tTrue: 885015
R-near neighbors: 
Query: 70
Nearest neighbor-1: 20466
distanceHC: 1208.68
distanceTrue: 954.377
tCube: 12449
tTrue: 834889
R-near neighbors: 
Query: 71
Nearest neighbor-1: 2100
distanceHC: 1267.17
distanceTrue: 1013.71
tCube: 12658
tTrue: 911253
R-near neighbors: 
Query: 72
Nearest neighbor-1: 58954
distanceHC: 2139.83
distanceTrue: 1542.31
tCube: 11689
tTrue: 870434
R-near neighbors: 
Query: 73
Nearest neighbor-1: 51145
distanceHC: 1123.18
distanceTrue: 1123.18
tCube: 12241
tTrue: 841809
R-near neighbors: 
Query: 74
Nearest neighbor-1: 32577
distanceHC: 593.877
distanceTrue: 437.254
tCube: 13809
tTrue: 799003
R-near neighbors: 
Query: 75
Nearest neighbor-1: 42784
distanceHC: 1539.68
distanceTrue: 961.368
tCube: 13535
tTrue: 831962
R-near neighbors: 
Query: 76
Nearest neighbor-1: 8710
distanceHC: 1251.11
distanceTrue: 932.156
tCube: 12447
tTrue: 825442
R-near neighbors: 
Query: 77
Nearest neighbor-1: 23460
distanceHC: 1872.14
distanceTrue: 1366.16
tCube: 12679
tTrue: 833753
R-near neighbors: 
Query: 78
Nearest neighbor-1: 40050
distanceHC: 1053.44
distanceTrue: 981.83
tCube: 13043
tTrue: 826772
R-near neighbors: 
Query: 79
Nearest neighbor-1: 37875
distanceHC: 1214.06
distanceTrue: 869.289
tCube: 12180
tTrue: 868620
R-near neighbors: 
Query: 80
Nearest neighbor-1: 9603
distanceHC: 1173.76
distanceTrue: 1025
tCube: 13345
tTrue: 821062
R-near neighbors: 
Query: 81
Nearest neighbor-1: 21290
distanceHC: 1577.23
distanceTrue: 1081.65
tCube: 13294
tTrue: 844158
R-near neighbors: 
Query: 82
Nearest neighbor-1: 3329
distanceHC: 1618.55
distanceTrue: 1252.06
tCube: 12682
tTrue: 883146
R-near neighbors: 
Query: 83
Nearest neighbor-1: 37591
distanceHC: 1105.91
distanceTrue: 851.563
tCube: 12106
tTrue: 818081
R-near neighbors: 
Query: 84
Nearest neighbor-1: 33481
distanceHC: 1577.34
distanceTrue: 1458.32
tCube: 12404
tTrue: 882700
R-near neighbors: 
Query: 85
Nearest neighbor-1: 23999
distanceHC: 1344.31
distanceTrue: 1312.89
tCube: 12814
tTrue: 888901
R-near neighbors: 
Query: 86
Nearest neighbor-1: 5206
distanceHC: 1048.91
distanceTrue: 761.512
tCube: 12121
tTrue: 827519
R-near neighbors: 
Query: 87
Nearest neighbor-1: 34327
distanceHC: 1700.82
distanceTrue: 1480.01
tCube: 12043
tTrue: 861315
R-near neighbors: 
Query: 88
Nearest neighbor-1: 30930
distanceHC: 1335.51
distanceTrue: 1051.66
tCube: 13805
tTrue: 885358
R-near neighbors: 
Query: 89
Nearest neighbor-1: 33259
distanceHC: 710.253
distanceTrue: 589.283
tCube: 12030
tTrue: 807235
R-near neighbors: 
Query: 90
Nearest neighbor-1: 42636
distanceHC: 1323.42
distanceTrue: 1081.47
tCube: 13014
tTrue: 861792
R-near neighbors: 
Query: 91
Nearest neighbor-1: 25108
distanceHC: 1130.54
distanceTrue: 908.08
tCube: 14244
tTrue: 840268
R-near neighbors: 
Query: 92
Nearest neighbor-1: 22
distanceHC: 1276.04
distanceTrue: 1045.25
tCube: 11875
tTrue: 821830
R-near neighbors: 
Query: 93
Nearest neighbor-1: 50885
distanceHC: 1517.14
distanceTrue: 1173.25
tCube: 12509
tTrue: 848748
R-near neighbors: 
Query: 94
Nearest neighbor-1: 59419
distanceHC: 1058.49
distanceTrue: 709.255
tCube: 12474
tTrue: 815719
R-near neighbors: 
Query: 95
Nearest neighbor-1: 4641
distanceHC: 1957.54
distanceTrue: 1653.3
tCube: 12750
tTrue: 893070
R-near neighbors: 
Query: 96
Nearest neighbor-1: 40052
distanceHC: 825.399
distanceTrue: 705.661
tCube: 13652
tTrue: 798573
R-near neighbors: 
Query: 97
Nearest neighbor-1: 31560
distanceHC: 1637.43
distanceTrue: 1263.66
tCube: 13361
tTrue: 878499
R-near neighbors: 
Query: 98
Nearest neighbor-1: 12258
distanceHC: 1981.78
distanceTrue: 1122.06
tCube: 13628
tTrue: 932612
R-near neighbors: 
Query: 99
Nearest neighbor-1: 25472
distanceHC: 1188.29
distanceTrue: 990.712
tCube: 14449
tTrue: 895202
R-near neighbors: 
tAverageApproximate: 12789
tAverageTrue: 845420
MAF: 2.02383
AAF: 1.26557
