Query: 0
Nearest neighbor-1: 53843
distanceHC: 670.112
distanceTrue: 670.112
tCube: 13657
tTrue: 822537
R-near neighbors: 
Query: 1
Nearest neighbor-1: 50736
distanceHC: 1622.97
distanceTrue: 1162.93
tCube: 10052
tTrue: 869779
R-near neighbors: 
Query: 2
Nearest neighbor-1: 27684
distanceHC: 442.757
distanceTrue: 321.663
tCube: 9996
tTrue: 792217
R-near neighbors: 
Query: 3
Nearest neighbor-1: 1877
distanceHC: 1297.79
distanceTrue: 1221.58
tCube: 11158
tTrue: 875020
R-near neighbors: 
Query: 4
Nearest neighbor-1: 53519
distanceHC: 1213.62
distanceTrue: 1092.53
tCube: 10859
tTrue: 840906
R-near neighbors: 
Query: 5
Nearest neighbor-1: 30809
distanceHC: 298.124
distanceTrue: 298.124
tCube: 14143
tTrue: 800382
R-near neighbors: 
Query: 6
Nearest neighbor-1: 51780
distanceHC: 1512.53
distanceTrue: 1302.71
tCube: 13782
tTrue: 847773
R-near neighbors: 
Query: 7
Nearest neighbor-1: 3186
distanceHC: 1537.93
distanceTrue: 1249.16
tCube: 13106
tTrue: 839496
R-near neighbors: 
Query: 8
Nearest neighbor-1: 14195
distanceHC: 2092.27
distanceTrue: 1735.34
tCube: 11148
tTrue: 867749
R-near neighbors: 
Query: 9
Nearest neighbor-1: 13359
distanceHC: 1190.19
distanceTrue: 985.211
tCube: 13255
tTrue: 858087
R-near neighbors: 
Query: 10
Nearest neighbor-1: 49939
distanceHC: 1100.89
distanceTrue: 1100.89
tCube: 13295
tTrue: 884785
R-near neighbors: 
Query: 11
Nearest neighbor-1: 36036
distanceHC: 1464.38
distanceTrue: 1464.38
tCube: 13724
tTrue: 877751
R-near neighbors: 
Query: 12
Nearest neighbor-1: 30893
distanceHC: 980.521
distanceTrue: 804.688
tCube: 10018
tTrue: 829120
R-near neighbors: 
Query: 13
Nearest neighbor-1: 30212
distanceHC: 1174.61
distanceTrue: 896.576
tCube: 13220
tTrue: 874185
R-near neighbors: 
Query: 14
Nearest neighbor-1: 1252
distanceHC: 738.131
distanceTrue: 621.283
tCube: 13240
tTrue: 795383
R-near neighbors: 
Query: 15
Nearest neighbor-1: 31222
distanceHC: 1661.07
distanceTrue: 1416.47
tCube: 13182
tTrue: 857925
R-near neighbors: 
Query: 16
Nearest neighbor-1: 25215
distanceHC: 881.039
distanceTrue: 881.039
tCube: 13844
tTrue: 846924
R-near neighbors: 
Query: 17
Nearest neighbor-1: 37987
distanceHC: 1143.11
distanceTrue: 778.145
tCube: 10765
tTrue: 836219
R-near neighbors: 
Query: 18
Nearest neighbor-1: 21208
distanceHC: 1943.27
distanceTrue: 1634.4
tCube: 13131
tTrue: 911264
R-near neighbors: 
Query: 19
Nearest neighbor-1: 44523
distanceHC: 913.363
distanceTrue: 912.137
tCube: 13314
tTrue: 823013
R-near neighbors: 
Query: 20
Nearest neighbor-1: 16827
distanceHC: 946.757
distanceTrue: 945.913
tCube: 12627
tTrue: 843693
R-near neighbors: 
Query: 21
Nearest neighbor-1: 9556
distanceHC: 1055.25
distanceTrue: 951.667
tCube: 13592
tTrue: 841589
R-near neighbors: 
Query: 22
Nearest neighbor-1: 46272
distanceHC: 1618.35
distanceTrue: 1211.48
tCube: 13769
tTrue: 865019
R-near neighbors: 
Query: 23
Nearest neighbor-1: 36059
distanceHC: 1461.26
distanceTrue: 1212.81
tCube: 11306
tTrue: 840334
R-near neighbors: 
Query: 24
Nearest neighbor-1: 43870
distanceHC: 1406.56
distanceTrue: 1114.46
tCube: 9995
tTrue: 826145
R-near neighbors: 
Query: 25
Nearest neighbor-1: 14157
distanceHC: 1570.45
distanceTrue: 1388.34
tCube: 13329
tTrue: 943361
R-near neighbors: 
Query: 26
Nearest neighbor-1: 42036
distanceHC: 1008.83
distanceTrue: 915.757
tCube: 13529
tTrue: 830809
R-near neighbors: 
Query: 27
Nearest neighbor-1: 41686
distanceHC: 1039.88
distanceTrue: 1039.88
tCube: 10533
tTrue: 838682
R-near neighbors: 
Query: 28
Nearest neighbor-1: 3937
distanceHC: 1516.12
distanceTrue: 1153.52
tCube: 10550
tTrue: 884828
R-near neighbors: 
Query: 29
Nearest neighbor-1: 46575
distanceHC: 540.132
distanceTrue: 489.344
tCube: 13678
tTrue: 796102
R-near neighbors: 
Query: 30
Nearest neighbor-1: 22322
distanceHC: 1424.53
distanceTrue: 1217.13
tCube: 14472
tTrue: 834848
R-near neighbors: 
Query: 31
Nearest neighbor-1: 56226
distanceHC: 440.293
distanceTrue: 431.441
tCube: 10413
tTrue: 797444
R-near neighbors: 
Query: 32
Nearest neighbor-1: 31098
distanceHC: 1110.13
distanceTrue: 804.497
tCube: 10350
tTrue: 852050
R-near neighbors: 
Query: 33
Nearest neighbor-1: 55206
distanceHC: 2007.78
distanceTrue: 1384.31
tCube: 13643
tTrue: 890279
R-near neighbors: 
Query: 34
Nearest neighbor-1: 19153
distanceHC: 804.335
distanceTrue: 804.335
tCube: 11141
tTrue: 844231
R-near neighbors: 
Query: 35
Nearest neighbor-1: 34214
distanceHC: 1670.64
distanceTrue: 1530.99
tCube: 10577
tTrue: 882772
R-near neighbors: 
Query: 36
Nearest neighbor-1: 21160
distanceHC: 1538.37
distanceTrue: 1238.68
tCube: 11068
tTrue: 843035
R-near neighbors: 
Query: 37
Nearest neighbor-1: 43578
distanceHC: 387.081
distanceTrue: 321.93
tCube: 10744
tTrue: 800550
R-near neighbors: 
Query: 38
Nearest neighbor-1: 31372
distanceHC: 1905.44
distanceTrue: 1280.14
tCube: 12998
tTrue: 841547
R-near neighbors: 
Query: 39
Nearest neighbor-1: 14021
distanceHC: 738.624
distanceTrue: 480.162
tCube: 14274
tTrue: 809378
R-near neighbors: 
Query: 40
Nearest neighbor-1: 39352
distanceHC: 592.696
distanceTrue: 439.772
tCube: 10523
tTrue: 784358
R-near neighbors: 
Query: 41
Nearest neighbor-1: 31725
distanceHC: 1111.13
distanceTrue: 1007.95
tCube: 13301
tTrue: 814947
R-near neighbors: 
Query: 42
Nearest neighbor-1: 51604
distanceHC: 1208.18
distanceTrue: 1040.68
tCube: 13543
tTrue: 839494
R-near neighbors: 
Query: 43
Nearest neighbor-1: 34252
distanceHC: 1754.91
distanceTrue: 1500.39
tCube: 13027
tTrue: 864906
R-near neighbors: 
Query: 44
Nearest neighbor-1: 31602
distanceHC: 1277.48
distanceTrue: 1131.74
tCube: 11562
tTrue: 841256
R-near neighbors: 
Query: 45
Nearest neighbor-1: 57088
distanceHC: 1292.45
distanceTrue: 1263.78
tCube: 13210
tTrue: 839473
R-near neighbors: 
Query: 46
Nearest neighbor-1: 870
distanceHC: 758.1
distanceTrue: 635.8
tCube: 10583
tTrue: 816731
R-near neighbors: 
Query: 47
Nearest neighbor-1: 19854
distanceHC: 1665.7
distanceTrue: 1312.14
tCube: 13331
tTrue: 838648
R-near neighbors: 
Query: 48
Nearest neighbor-1: 9385
distanceHC: 1487.8
distanceTrue: 1272.27
tCube: 13045
tTrue: 879747
R-near neighbors: 
Query: 49
Nearest neighbor-1: 49271
distanceHC: 1524.77
distanceTrue: 1054.42
tCube: 10621
tTrue: 854926
R-near neighbors: 
Query: 50
Nearest neighbor-1: 10174
distanceHC: 1026.21
distanceTrue: 953.655
tCube: 10937
tTrue: 832840
R-near neighbors: 
Query: 51
Nearest neighbor-1: 33054
distanceHC: 1571.12
distanceTrue: 1285.62
tCube: 10675
tTrue: 887622
R-near neighbors: 
Query: 52
Nearest neighbor-1: 31489
distanceHC: 1296.53
distanceTrue: 1219.93
tCube: 10947
tTrue: 850263
R-near neighbors: 
Query: 53
Nearest neighbor-1: 30028
distanceHC: 1470.27
distanceTrue: 1168.57
tCube: 10112
tTrue: 846682
R-near neighbors: 
Query: 54
Nearest neighbor-1: 36254
distanceHC: 2048.39
distanceTrue: 1242.94
tCube: 10472
tTrue: 915267
R-near neighbors: 
Query: 55
Nearest neighbor-1: 45952
distanceHC: 1303.66
distanceTrue: 730.933
tCube: 10822
tTrue: 854012
R-near neighbors: 
Query: 56
Nearest neighbor-1: 56676
distanceHC: 1384.55
distanceTrue: 1204.69
tCube: 14004
tTrue: 869064
R-near neighbors: 
Query: 57
Nearest neighbor-1: 34162
distanceHC: 514.577
distanceTrue: 390.574
tCube: 12634
tTrue: 792676
R-near neighbors: 
Query: 58
Nearest neighbor-1: 1757
distanceHC: 1054.09
distanceTrue: 875.187
tCube: 13187
tTrue: 848379
R-near neighbors: 
Query: 59
Nearest neighbor-1: 6026
distanceHC: 1027.37
distanceTrue: 1027.37
tCube: 13828
tTrue: 822646
R-near neighbors: 
Query: 60
Nearest neighbor-1: 58816
distanceHC: 1514.49
distanceTrue: 1158.07
tCube: 14301
tTrue: 843048
R-near neighbors: 
Query: 61
Nearest neighbor-1: 29189
distanceHC: 1872.35
distanceTrue: 1657.31
tCube: 13232
tTrue: 865199
R-near neighbors: 
Query: 62
Nearest neighbor-1: 19340
distanceHC: 1246.04
distanceTrue: 1042.9
tCube: 11245
tTrue: 815186
R-near neighbors: 
Query: 63
Nearest neighbor-1: 11513
distanceHC: 1536.3
distanceTrue: 1326.84
tCube: 13230
tTrue: 836164
R-near neighbors: 
Query: 64
Nearest neighbor-1: 53977
distanceHC: 1577.2
distanceTrue: 1459.39
tCube: 9934
tTrue: 870573
R-near neighbors: 
Query: 65
Nearest neighbor-1: 56320
distanceHC: 1369.32
distanceTrue: 1029.84
tCube: 10883
tTrue: 805587
R-near neighbors: 
Query: 66
Nearest neighbor-1: 1782
distanceHC: 1311.53
distanceTrue: 1254.9
tCube: 14299
tTrue: 863691
R-near neighbors: 
Query: 67
Nearest neighbor-1: 13765
distanceHC: 1324.29
distanceTrue: 1198.5
tCube: 11339
tTrue: 860242
R-near neighbors: 
Query: 68
Nearest neighbor-1: 57680
distanceHC: 958.013
distanceTrue: 958.013
tCube: 13712
tTrue: 846715
R-near neighbors: 
Query: 69
Nearest neighbor-1: 49737
distanceHC: 1407.45
distanceTrue: 873.547
tCube: 13850
tTrue: 889722
R-near neighbors: 
Query: 70
Nearest neighbor-1: 36003
distanceHC: 954.377
distanceTrue: 954.377
tCube: 13545
tTrue: 839507
R-near neighbors: 
Query: 71
Nearest neighbor-1: 45544
distanceHC: 1027.39
distanceTrue: 1013.71
tCube: 11350
tTrue: 910467
R-near neighbors: 
Query: 72
Nearest neighbor-1: 58494
distanceHC: 1735.63
distanceTrue: 1542.31
tCube: 13417
tTrue: 875255
R-near neighbors: 
Query: 73
Nearest neighbor-1: 49758
distanceHC: 1337.07
distanceTrue: 1123.18
tCube: 13179
tTrue: 845437
R-near neighbors: 
Query: 74
Nearest neighbor-1: 35436
distanceHC: 551.769
distanceTrue: 437.254
tCube: 10356
tTrue: 801442
R-near neighbors: 
Query: 75
Nearest neighbor-1: 53210
distanceHC: 1359.2
distanceTrue: 961.368
tCube: 10384
tTrue: 834922
R-near neighbors: 
Query: 76
Nearest neighbor-1: 98
distanceHC: 1304.38
distanceTrue: 932.156
tCube: 10496
tTrue: 825963
R-near neighbors: 
Query: 77
Nearest neighbor-1: 47226
distanceHC: 1961.76
distanceTrue: 1366.16
tCube: 12607
tTrue: 837012
R-near neighbors: 
Query: 78
Nearest neighbor-1: 48057
distanceHC: 1098.56
distanceTrue: 981.83
tCube: 10663
tTrue: 824309
R-near neighbors: 
Query: 79
Nearest neighbor-1: 1205
distanceHC: 1186.04
distanceTrue: 869.289
tCube: 13712
tTrue: 867511
R-near neighbors: 
Query: 80
Nearest neighbor-1: 45361
distanceHC: 1356.33
distanceTrue: 1025
tCube: 12730
tTrue: 825712
R-near neighbors: 
Query: 81
Nearest neighbor-1: 8146
distanceHC: 1123.88
distanceTrue: 1081.65
tCube: 10456
tTrue: 848683
R-near neighbors: 
Query: 82
Nearest neighbor-1: 56009
distanceHC: 1601.89
distanceTrue: 1252.06
tCube: 11233
tTrue: 879662
R-near neighbors: 
Query: 83
Nearest neighbor-1: 25929
distanceHC: 970.841
distanceTrue: 851.563
tCube: 10578
tTrue: 820746
R-near neighbors: 
Query: 84
Nearest neighbor-1: 17056
distanceHC: 1806.6
distanceTrue: 1458.32
tCube: 11087
tTrue: 873048
R-near neighbors: 
Query: 85
Nearest neighbor-1: 28493
distanceHC: 1425.94
distanceTrue: 1312.89
tCube: 13378
tTrue: 885182
R-near neighbors: 
Query: 86
Nearest neighbor-1: 20789
distanceHC: 921.932
distanceTrue: 761.512
tCube: 13526
tTrue: 830897
R-near neighbors: 
Query: 87
Nearest neighbor-1: 7106
distanceHC: 1709.85
distanceTrue: 1480.01
tCube: 13310
tTrue: 860921
R-near neighbors: 
Query: 88
Nearest neighbor-1: 25943
distanceHC: 1101.41
distanceTrue: 1051.66
tCube: 13953
tTrue: 872586
R-near neighbors: 
Query: 89
Nearest neighbor-1: 2937
distanceHC: 688.322
distanceTrue: 589.283
tCube: 13888
tTrue: 805417
R-near neighbors: 
Query: 90
Nearest neighbor-1: 59119
distanceHC: 1081.47
distanceTrue: 1081.47
tCube: 13829
tTrue: 855824
R-near neighbors: 
Query: 91
Nearest neighbor-1: 42072
distanceHC: 935.152
distanceTrue: 908.08
tCube: 10439
tTrue: 843602
R-near neighbors: 
Query: 92
Nearest neighbor-1: 15367
distanceHC: 1138.43
distanceTrue: 1045.25
tCube: 11044
tTrue: 824264
R-near neighbors: 
Query: 93
Nearest neighbor-1: 37169
distanceHC: 1277.64
distanceTrue: 1173.25
tCube: 10424
tTrue: 860855
R-near neighbors: 
Query: 94
Nearest neighbor-1: 59364
distanceHC: 709.255
distanceTrue: 709.255
tCube: 13626
tTrue: 816274
R-near neighbors: 
Query: 95
Nearest neighbor-1: 19217
distanceHC: 1947.53
distanceTrue: 1653.3
tCube: 10320
tTrue: 892008
R-near neighbors: 
Query: 96
Nearest neighbor-1: 31370
distanceHC: 761.877
distanceTrue: 705.661
tCube: 14173
tTrue: 806805
R-near neighbors: 
Query: 97
Nearest neighbor-1: 50464
distanceHC: 1968.44
distanceTrue: 1263.66
tCube: 14004
tTrue: 860082
R-near neighbors: 
Query: 98
Nearest neighbor-1: 11730
distanceHC: 1465.37
distanceTrue: 1122.06
tCube: 10980
tTrue: 851047
R-near neighbors: 
Query: 99
Nearest neighbor-1: 53810
distanceHC: 1104.99
distanceTrue: 990.712
tCube: 13138
tTrue: 870562
R-near neighbors: 
tAverageApproximate: 12190
tAverageTrue: 846883
MAF: 1.78355
AAF: 1.19596
