GNNS Results
Query: 0
Nearest neighbor-1: 47003
distanceApproxmiate: 887.645
distanceTrue: 670.112
Query: 1
Nearest neighbor-1: 8866
distanceApproxmiate: 2607.22
distanceTrue: 1162.93
Query: 2
Nearest neighbor-1: 12522
distanceApproxmiate: 1847.89
distanceTrue: 321.663
Query: 3
Nearest neighbor-1: 34523
distanceApproxmiate: 1238.34
distanceTrue: 1221.58
Query: 4
Nearest neighbor-1: 17664
distanceApproxmiate: 2152.12
distanceTrue: 1092.53
Query: 5
Nearest neighbor-1: 3468
distanceApproxmiate: 373.042
distanceTrue: 298.124
Query: 6
Nearest neighbor-1: 49676
distanceApproxmiate: 1470.66
distanceTrue: 1302.71
Query: 7
Nearest neighbor-1: 3186
distanceApproxmiate: 1537.93
distanceTrue: 1249.16
Query: 8
Nearest neighbor-1: 41550
distanceApproxmiate: 2513.51
distanceTrue: 1735.34
Query: 9
Nearest neighbor-1: 36349
distanceApproxmiate: 1452.21
distanceTrue: 985.211
Query: 10
Nearest neighbor-1: 21266
distanceApproxmiate: 1255.72
distanceTrue: 1100.89
Query: 11
Nearest neighbor-1: 36314
distanceApproxmiate: 2577.9
distanceTrue: 1464.38
Query: 12
Nearest neighbor-1: 30893
distanceApproxmiate: 980.521
distanceTrue: 804.688
Query: 13
Nearest neighbor-1: 23586
distanceApproxmiate: 1302.37
distanceTrue: 896.576
Query: 14
Nearest neighbor-1: 28411
distanceApproxmiate: 797.698
distanceTrue: 621.283
Query: 15
Nearest neighbor-1: 38066
distanceApproxmiate: 1610.72
distanceTrue: 1416.47
Query: 16
Nearest neighbor-1: 36798
distanceApproxmiate: 2317.06
distanceTrue: 881.039
Query: 17
Nearest neighbor-1: 53523
distanceApproxmiate: 907.207
distanceTrue: 778.145
Query: 18
Nearest neighbor-1: 52242
distanceApproxmiate: 2359.19
distanceTrue: 1634.4
Query: 19
Nearest neighbor-1: 1762
distanceApproxmiate: 1212.52
distanceTrue: 912.137
Query: 20
Nearest neighbor-1: 40001
distanceApproxmiate: 1170.41
distanceTrue: 945.913
Query: 21
Nearest neighbor-1: 18430
distanceApproxmiate: 951.667
distanceTrue: 951.667
Query: 22
Nearest neighbor-1: 34654
distanceApproxmiate: 1389.1
distanceTrue: 1211.48
Query: 23
Nearest neighbor-1: 48534
distanceApproxmiate: 2200.68
distanceTrue: 1212.81
Query: 24
Nearest neighbor-1: 12480
distanceApproxmiate: 2037.89
distanceTrue: 1114.46
Query: 25
Nearest neighbor-1: 717
distanceApproxmiate: 2856.87
distanceTrue: 1388.34
Query: 26
Nearest neighbor-1: 26604
distanceApproxmiate: 2011.9
distanceTrue: 915.757
Query: 27
Nearest neighbor-1: 1738
distanceApproxmiate: 1151.35
distanceTrue: 1039.88
Query: 28
Nearest neighbor-1: 18295
distanceApproxmiate: 1419.67
distanceTrue: 1153.52
Query: 29
Nearest neighbor-1: 358
distanceApproxmiate: 629.079
distanceTrue: 489.344
Query: 30
Nearest neighbor-1: 37314
distanceApproxmiate: 1596.84
distanceTrue: 1217.13
Query: 31
Nearest neighbor-1: 26968
distanceApproxmiate: 431.441
distanceTrue: 431.441
Query: 32
Nearest neighbor-1: 43001
distanceApproxmiate: 2164.24
distanceTrue: 804.497
Query: 33
Nearest neighbor-1: 58867
distanceApproxmiate: 2121.86
distanceTrue: 1384.31
Query: 34
Nearest neighbor-1: 20520
distanceApproxmiate: 2067.03
distanceTrue: 804.335
Query: 35
Nearest neighbor-1: 52874
distanceApproxmiate: 1810.29
distanceTrue: 1530.99
Query: 36
Nearest neighbor-1: 53719
distanceApproxmiate: 1240.77
distanceTrue: 1238.68
Query: 37
Nearest neighbor-1: 6586
distanceApproxmiate: 395.895
distanceTrue: 321.93
Query: 38
Nearest neighbor-1: 30686
distanceApproxmiate: 2286.77
distanceTrue: 1280.14
Query: 39
Nearest neighbor-1: 39077
distanceApproxmiate: 635.496
distanceTrue: 480.162
Query: 40
Nearest neighbor-1: 33746
distanceApproxmiate: 1538.39
distanceTrue: 439.772
Query: 41
Nearest neighbor-1: 1501
distanceApproxmiate: 2632.37
distanceTrue: 1007.95
Query: 42
Nearest neighbor-1: 33761
distanceApproxmiate: 1267.41
distanceTrue: 1040.68
Query: 43
Nearest neighbor-1: 37645
distanceApproxmiate: 1715.62
distanceTrue: 1500.39
Query: 44
Nearest neighbor-1: 43246
distanceApproxmiate: 1633.38
distanceTrue: 1131.74
Query: 45
Nearest neighbor-1: 22508
distanceApproxmiate: 1263.78
distanceTrue: 1263.78
Query: 46
Nearest neighbor-1: 29522
distanceApproxmiate: 1045.52
distanceTrue: 635.8
Query: 47
Nearest neighbor-1: 21194
distanceApproxmiate: 1773.46
distanceTrue: 1312.14
Query: 48
Nearest neighbor-1: 19685
distanceApproxmiate: 2285.31
distanceTrue: 1272.27
Query: 49
Nearest neighbor-1: 26774
distanceApproxmiate: 2680.13
distanceTrue: 1054.42
Query: 50
Nearest neighbor-1: 44989
distanceApproxmiate: 1184.77
distanceTrue: 953.655
Query: 51
Nearest neighbor-1: 20096
distanceApproxmiate: 1731.32
distanceTrue: 1285.62
Query: 52
Nearest neighbor-1: 44816
distanceApproxmiate: 1676.01
distanceTrue: 1219.93
Query: 53
Nearest neighbor-1: 49152
distanceApproxmiate: 1868.53
distanceTrue: 1168.57
Query: 54
Nearest neighbor-1: 52918
distanceApproxmiate: 2263.87
distanceTrue: 1242.94
Query: 55
Nearest neighbor-1: 30424
distanceApproxmiate: 1184.98
distanceTrue: 730.933
Query: 56
Nearest neighbor-1: 49271
distanceApproxmiate: 1546.78
distanceTrue: 1204.69
Query: 57
Nearest neighbor-1: 34938
distanceApproxmiate: 577.33
distanceTrue: 390.574
Query: 58
Nearest neighbor-1: 8510
distanceApproxmiate: 1084.4
distanceTrue: 875.187
Query: 59
Nearest neighbor-1: 36035
distanceApproxmiate: 1867.93
distanceTrue: 1027.37
Query: 60
Nearest neighbor-1: 48767
distanceApproxmiate: 2994.28
distanceTrue: 1158.07
Query: 61
Nearest neighbor-1: 2231
distanceApproxmiate: 2531.62
distanceTrue: 1657.31
Query: 62
Nearest neighbor-1: 5848
distanceApproxmiate: 1852.58
distanceTrue: 1042.9
Query: 63
Nearest neighbor-1: 4576
distanceApproxmiate: 1868.38
distanceTrue: 1326.84
Query: 64
Nearest neighbor-1: 59285
distanceApproxmiate: 1722.67
distanceTrue: 1459.39
Query: 65
Nearest neighbor-1: 2446
distanceApproxmiate: 1794.68
distanceTrue: 1029.84
Query: 66
Nearest neighbor-1: 4556
distanceApproxmiate: 2216.96
distanceTrue: 1254.9
Query: 67
Nearest neighbor-1: 40236
distanceApproxmiate: 1855.51
distanceTrue: 1198.5
Query: 68
Nearest neighbor-1: 57680
distanceApproxmiate: 958.013
distanceTrue: 958.013
Query: 69
Nearest neighbor-1: 59939
distanceApproxmiate: 2603.13
distanceTrue: 873.547
Query: 70
Nearest neighbor-1: 20466
distanceApproxmiate: 1208.68
distanceTrue: 954.377
Query: 71
Nearest neighbor-1: 19856
distanceApproxmiate: 1109.28
distanceTrue: 1013.71
Query: 72
Nearest neighbor-1: 8474
distanceApproxmiate: 1895.8
distanceTrue: 1542.31
Query: 73
Nearest neighbor-1: 49758
distanceApproxmiate: 1337.07
distanceTrue: 1123.18
Query: 74
Nearest neighbor-1: 59084
distanceApproxmiate: 1829.75
distanceTrue: 437.254
Query: 75
Nearest neighbor-1: 51806
distanceApproxmiate: 1438.91
distanceTrue: 961.368
Query: 76
Nearest neighbor-1: 53938
distanceApproxmiate: 1454.13
distanceTrue: 932.156
Query: 77
Nearest neighbor-1: 44475
distanceApproxmiate: 2549.88
distanceTrue: 1366.16
Query: 78
Nearest neighbor-1: 49096
distanceApproxmiate: 1274.71
distanceTrue: 981.83
Query: 79
Nearest neighbor-1: 13027
distanceApproxmiate: 1253.93
distanceTrue: 869.289
Query: 80
Nearest neighbor-1: 37611
distanceApproxmiate: 1424.52
distanceTrue: 1025
Query: 81
Nearest neighbor-1: 45381
distanceApproxmiate: 2161.37
distanceTrue: 1081.65
Query: 82
Nearest neighbor-1: 2273
distanceApproxmiate: 1824.21
distanceTrue: 1252.06
Query: 83
Nearest neighbor-1: 40204
distanceApproxmiate: 1122.15
distanceTrue: 851.563
Query: 84
Nearest neighbor-1: 13152
distanceApproxmiate: 2037.26
distanceTrue: 1458.32
Query: 85
Nearest neighbor-1: 6126
distanceApproxmiate: 2729.14
distanceTrue: 1312.89
Query: 86
Nearest neighbor-1: 43645
distanceApproxmiate: 761.512
distanceTrue: 761.512
Query: 87
Nearest neighbor-1: 18626
distanceApproxmiate: 1991.29
distanceTrue: 1480.01
Query: 88
Nearest neighbor-1: 41039
distanceApproxmiate: 1085.01
distanceTrue: 1051.66
Query: 89
Nearest neighbor-1: 42288
distanceApproxmiate: 757.209
distanceTrue: 589.283
Query: 90
Nearest neighbor-1: 18259
distanceApproxmiate: 2383.98
distanceTrue: 1081.47
Query: 91
Nearest neighbor-1: 55348
distanceApproxmiate: 1947.2
distanceTrue: 908.08
Query: 92
Nearest neighbor-1: 19055
distanceApproxmiate: 1180.6
distanceTrue: 1045.25
Query: 93
Nearest neighbor-1: 28421
distanceApproxmiate: 1885.27
distanceTrue: 1173.25
Query: 94
Nearest neighbor-1: 22452
distanceApproxmiate: 906.113
distanceTrue: 709.255
Query: 95
Nearest neighbor-1: 10775
distanceApproxmiate: 2828.11
distanceTrue: 1653.3
Query: 96
Nearest neighbor-1: 39702
distanceApproxmiate: 1679.45
distanceTrue: 705.661
Query: 97
Nearest neighbor-1: 41899
distanceApproxmiate: 2427.86
distanceTrue: 1263.66
Query: 98
Nearest neighbor-1: 15652
distanceApproxmiate: 1778.8
distanceTrue: 1122.06
Query: 99
Nearest neighbor-1: 53810
distanceApproxmiate: 1104.99
distanceTrue: 990.712
tAverageApproximate: 435
tAverageTrue: 835703
MAF: 7.79771
AAF: 1.9222
