MRNG Results
Query: 0
Nearest neighbor-1: 33570
distanceApproxmiate: 2189.2
distanceTrue: 670.112
Query: 1
Nearest neighbor-1: 6196
distanceApproxmiate: 2712.68
distanceTrue: 1162.93
Query: 2
Nearest neighbor-1: 36224
distanceApproxmiate: 1711.12
distanceTrue: 321.663
Query: 3
Nearest neighbor-1: 29706
distanceApproxmiate: 1391.8
distanceTrue: 1221.58
Query: 4
Nearest neighbor-1: 34246
distanceApproxmiate: 2107.68
distanceTrue: 1092.53
Query: 5
Nearest neighbor-1: 28042
distanceApproxmiate: 1529.06
distanceTrue: 298.124
Query: 6
Nearest neighbor-1: 33570
distanceApproxmiate: 2214.41
distanceTrue: 1302.71
Query: 7
Nearest neighbor-1: 708
distanceApproxmiate: 2148.55
distanceTrue: 1249.16
Query: 8
Nearest neighbor-1: 20372
distanceApproxmiate: 2651.33
distanceTrue: 1735.34
Query: 9
Nearest neighbor-1: 17167
distanceApproxmiate: 1143.79
distanceTrue: 985.211
Query: 10
Nearest neighbor-1: 4176
distanceApproxmiate: 2453.8
distanceTrue: 1100.89
Query: 11
Nearest neighbor-1: 20372
distanceApproxmiate: 2329.68
distanceTrue: 1464.38
Query: 12
Nearest neighbor-1: 38000
distanceApproxmiate: 1848.66
distanceTrue: 804.688
Query: 13
Nearest neighbor-1: 23842
distanceApproxmiate: 1247.59
distanceTrue: 896.576
Query: 14
Nearest neighbor-1: 43069
distanceApproxmiate: 1669.61
distanceTrue: 621.283
Query: 15
Nearest neighbor-1: 10314
distanceApproxmiate: 1993.03
distanceTrue: 1416.47
Query: 16
Nearest neighbor-1: 51094
distanceApproxmiate: 2200.83
distanceTrue: 881.039
Query: 17
Nearest neighbor-1: 45894
distanceApproxmiate: 2273.19
distanceTrue: 778.145
Query: 18
Nearest neighbor-1: 6196
distanceApproxmiate: 2635.84
distanceTrue: 1634.4
Query: 19
Nearest neighbor-1: 20372
distanceApproxmiate: 1936.19
distanceTrue: 912.137
Query: 20
Nearest neighbor-1: 32013
distanceApproxmiate: 1862.98
distanceTrue: 945.913
Query: 21
Nearest neighbor-1: 44801
distanceApproxmiate: 1698.85
distanceTrue: 951.667
Query: 22
Nearest neighbor-1: 1494
distanceApproxmiate: 1556.03
distanceTrue: 1211.48
Query: 23
Nearest neighbor-1: 11478
distanceApproxmiate: 2053.53
distanceTrue: 1212.81
Query: 24
Nearest neighbor-1: 30324
distanceApproxmiate: 1868.71
distanceTrue: 1114.46
Query: 25
Nearest neighbor-1: 58386
distanceApproxmiate: 2063.76
distanceTrue: 1388.34
Query: 26
Nearest neighbor-1: 41614
distanceApproxmiate: 1964.36
distanceTrue: 915.757
Query: 27
Nearest neighbor-1: 11192
distanceApproxmiate: 2198.18
distanceTrue: 1039.88
Query: 28
Nearest neighbor-1: 30929
distanceApproxmiate: 1530.09
distanceTrue: 1153.52
Query: 29
Nearest neighbor-1: 46575
distanceApproxmiate: 540.132
distanceTrue: 489.344
Query: 30
Nearest neighbor-1: 15647
distanceApproxmiate: 1449.12
distanceTrue: 1217.13
Query: 31
Nearest neighbor-1: 56226
distanceApproxmiate: 440.293
distanceTrue: 431.441
Query: 32
Nearest neighbor-1: 3032
distanceApproxmiate: 2235.99
distanceTrue: 804.497
Query: 33
Nearest neighbor-1: 4272
distanceApproxmiate: 2588.38
distanceTrue: 1384.31
Query: 34
Nearest neighbor-1: 43427
distanceApproxmiate: 1609.5
distanceTrue: 804.335
Query: 35
Nearest neighbor-1: 4176
distanceApproxmiate: 2687.99
distanceTrue: 1530.99
Query: 36
Nearest neighbor-1: 33570
distanceApproxmiate: 2206.11
distanceTrue: 1238.68
Query: 37
Nearest neighbor-1: 38558
distanceApproxmiate: 804.364
distanceTrue: 321.93
Query: 38
Nearest neighbor-1: 8406
distanceApproxmiate: 1993.45
distanceTrue: 1280.14
Query: 39
Nearest neighbor-1: 36224
distanceApproxmiate: 1853.82
distanceTrue: 480.162
Query: 40
Nearest neighbor-1: 33820
distanceApproxmiate: 1439.75
distanceTrue: 439.772
Query: 41
Nearest neighbor-1: 41614
distanceApproxmiate: 1953.59
distanceTrue: 1007.95
Query: 42
Nearest neighbor-1: 20372
distanceApproxmiate: 2167.01
distanceTrue: 1040.68
Query: 43
Nearest neighbor-1: 57617
distanceApproxmiate: 2235.63
distanceTrue: 1500.39
Query: 44
Nearest neighbor-1: 55054
distanceApproxmiate: 1502.09
distanceTrue: 1131.74
Query: 45
Nearest neighbor-1: 54088
distanceApproxmiate: 1683.27
distanceTrue: 1263.78
Query: 46
Nearest neighbor-1: 708
distanceApproxmiate: 2024.58
distanceTrue: 635.8
Query: 47
Nearest neighbor-1: 30324
distanceApproxmiate: 1991.59
distanceTrue: 1312.14
Query: 48
Nearest neighbor-1: 6006
distanceApproxmiate: 2456.69
distanceTrue: 1272.27
Query: 49
Nearest neighbor-1: 1170
distanceApproxmiate: 2287.65
distanceTrue: 1054.42
Query: 50
Nearest neighbor-1: 18336
distanceApproxmiate: 1328.01
distanceTrue: 953.655
Query: 51
Nearest neighbor-1: 51588
distanceApproxmiate: 2663.01
distanceTrue: 1285.62
Query: 52
Nearest neighbor-1: 20372
distanceApproxmiate: 2163.65
distanceTrue: 1219.93
Query: 53
Nearest neighbor-1: 26024
distanceApproxmiate: 1542.33
distanceTrue: 1168.57
Query: 54
Nearest neighbor-1: 18310
distanceApproxmiate: 2739.26
distanceTrue: 1242.94
Query: 55
Nearest neighbor-1: 30424
distanceApproxmiate: 1184.98
distanceTrue: 730.933
Query: 56
Nearest neighbor-1: 51094
distanceApproxmiate: 2290.05
distanceTrue: 1204.69
Query: 57
Nearest neighbor-1: 36224
distanceApproxmiate: 1710.25
distanceTrue: 390.574
Query: 58
Nearest neighbor-1: 53437
distanceApproxmiate: 1386.95
distanceTrue: 875.187
Query: 59
Nearest neighbor-1: 27974
distanceApproxmiate: 2036.94
distanceTrue: 1027.37
Query: 60
Nearest neighbor-1: 45894
distanceApproxmiate: 2695.97
distanceTrue: 1158.07
Query: 61
Nearest neighbor-1: 20372
distanceApproxmiate: 2634.68
distanceTrue: 1657.31
Query: 62
Nearest neighbor-1: 30324
distanceApproxmiate: 1838.66
distanceTrue: 1042.9
Query: 63
Nearest neighbor-1: 36103
distanceApproxmiate: 1629.66
distanceTrue: 1326.84
Query: 64
Nearest neighbor-1: 9911
distanceApproxmiate: 1671.3
distanceTrue: 1459.39
Query: 65
Nearest neighbor-1: 5628
distanceApproxmiate: 1817.97
distanceTrue: 1029.84
Query: 66
Nearest neighbor-1: 4272
distanceApproxmiate: 2195.86
distanceTrue: 1254.9
Query: 67
Nearest neighbor-1: 9686
distanceApproxmiate: 2461.62
distanceTrue: 1198.5
Query: 68
Nearest neighbor-1: 17574
distanceApproxmiate: 1609.78
distanceTrue: 958.013
Query: 69
Nearest neighbor-1: 49716
distanceApproxmiate: 2484.47
distanceTrue: 873.547
Query: 70
Nearest neighbor-1: 41614
distanceApproxmiate: 2360.62
distanceTrue: 954.377
Query: 71
Nearest neighbor-1: 7846
distanceApproxmiate: 1480.1
distanceTrue: 1013.71
Query: 72
Nearest neighbor-1: 4176
distanceApproxmiate: 2550.75
distanceTrue: 1542.31
Query: 73
Nearest neighbor-1: 25008
distanceApproxmiate: 1826.72
distanceTrue: 1123.18
Query: 74
Nearest neighbor-1: 28042
distanceApproxmiate: 1912.95
distanceTrue: 437.254
Query: 75
Nearest neighbor-1: 50596
distanceApproxmiate: 2082.29
distanceTrue: 961.368
Query: 76
Nearest neighbor-1: 23810
distanceApproxmiate: 1210.73
distanceTrue: 932.156
Query: 77
Nearest neighbor-1: 28902
distanceApproxmiate: 2046.37
distanceTrue: 1366.16
Query: 78
Nearest neighbor-1: 20112
distanceApproxmiate: 1722.17
distanceTrue: 981.83
Query: 79
Nearest neighbor-1: 43427
distanceApproxmiate: 1714.89
distanceTrue: 869.289
Query: 80
Nearest neighbor-1: 15858
distanceApproxmiate: 1886.16
distanceTrue: 1025
Query: 81
Nearest neighbor-1: 14258
distanceApproxmiate: 1768.45
distanceTrue: 1081.65
Query: 82
Nearest neighbor-1: 4176
distanceApproxmiate: 2485.89
distanceTrue: 1252.06
Query: 83
Nearest neighbor-1: 41614
distanceApproxmiate: 1939.57
distanceTrue: 851.563
Query: 84
Nearest neighbor-1: 20372
distanceApproxmiate: 2018.02
distanceTrue: 1458.32
Query: 85
Nearest neighbor-1: 20372
distanceApproxmiate: 2411.2
distanceTrue: 1312.89
Query: 86
Nearest neighbor-1: 43793
distanceApproxmiate: 1685.96
distanceTrue: 761.512
Query: 87
Nearest neighbor-1: 3032
distanceApproxmiate: 2292.74
distanceTrue: 1480.01
Query: 88
Nearest neighbor-1: 46198
distanceApproxmiate: 1254.35
distanceTrue: 1051.66
Query: 89
Nearest neighbor-1: 30892
distanceApproxmiate: 1826.17
distanceTrue: 589.283
Query: 90
Nearest neighbor-1: 30717
distanceApproxmiate: 1138.33
distanceTrue: 1081.47
Query: 91
Nearest neighbor-1: 13876
distanceApproxmiate: 1892.71
distanceTrue: 908.08
Query: 92
Nearest neighbor-1: 38452
distanceApproxmiate: 2212.2
distanceTrue: 1045.25
Query: 93
Nearest neighbor-1: 50887
distanceApproxmiate: 1337.32
distanceTrue: 1173.25
Query: 94
Nearest neighbor-1: 708
distanceApproxmiate: 1935.74
distanceTrue: 709.255
Query: 95
Nearest neighbor-1: 6006
distanceApproxmiate: 2479.95
distanceTrue: 1653.3
Query: 96
Nearest neighbor-1: 708
distanceApproxmiate: 1993.48
distanceTrue: 705.661
Query: 97
Nearest neighbor-1: 6196
distanceApproxmiate: 2274.18
distanceTrue: 1263.66
Query: 98
Nearest neighbor-1: 13876
distanceApproxmiate: 2131.64
distanceTrue: 1122.06
Query: 99
Nearest neighbor-1: 6006
distanceApproxmiate: 2333.12
distanceTrue: 990.712
tAverageApproximate: 494
tAverageTrue: 835512
MAF: 11.1552
AAF: 2.83671
