Query: 0
Nearest neighbor-1: 27059
distanceHC: 851.597
distanceTrue: 670.112
tCube: 12232
tTrue: 820623
R-near neighbors: 
Query: 1
Nearest neighbor-1: 24612
distanceHC: 1285.93
distanceTrue: 1162.93
tCube: 12095
tTrue: 865406
R-near neighbors: 
Query: 2
Nearest neighbor-1: 17402
distanceHC: 512.152
distanceTrue: 321.663
tCube: 11020
tTrue: 787966
R-near neighbors: 
Query: 3
Nearest neighbor-1: 33843
distanceHC: 1343.12
distanceTrue: 1221.58
tCube: 11821
tTrue: 869880
R-near neighbors: 
Query: 4
Nearest neighbor-1: 24120
distanceHC: 1347.15
distanceTrue: 1092.53
tCube: 11955
tTrue: 837804
R-near neighbors: 
Query: 5
Nearest neighbor-1: 51900
distanceHC: 312.122
distanceTrue: 298.124
tCube: 11319
tTrue: 797773
R-near neighbors: 
Query: 6
Nearest neighbor-1: 55141
distanceHC: 1648.9
distanceTrue: 1302.71
tCube: 11896
tTrue: 846542
R-near neighbors: 
Query: 7
Nearest neighbor-1: 56527
distanceHC: 1548.06
distanceTrue: 1249.16
tCube: 11217
tTrue: 836816
R-near neighbors: 
Query: 8
Nearest neighbor-1: 44133
distanceHC: 2541.68
distanceTrue: 1735.34
tCube: 13194
tTrue: 868971
R-near neighbors: 
Query: 9
Nearest neighbor-1: 39399
distanceHC: 1573.23
distanceTrue: 985.211
tCube: 11967
tTrue: 854567
R-near neighbors: 
Query: 10
Nearest neighbor-1: 1769
distanceHC: 1205.77
distanceTrue: 1100.89
tCube: 11622
tTrue: 881506
R-near neighbors: 
Query: 11
Nearest neighbor-1: 17484
distanceHC: 1606.93
distanceTrue: 1464.38
tCube: 11866
tTrue: 873845
R-near neighbors: 
Query: 12
Nearest neighbor-1: 58696
distanceHC: 961.913
distanceTrue: 804.688
tCube: 12393
tTrue: 827198
R-near neighbors: 
Query: 13
Nearest neighbor-1: 57420
distanceHC: 1489.35
distanceTrue: 896.576
tCube: 11193
tTrue: 870855
R-near neighbors: 
Query: 14
Nearest neighbor-1: 35699
distanceHC: 665.567
distanceTrue: 621.283
tCube: 11836
tTrue: 793096
R-near neighbors: 
Query: 15
Nearest neighbor-1: 34362
distanceHC: 2057.21
distanceTrue: 1416.47
tCube: 11372
tTrue: 854039
R-near neighbors: 
Query: 16
Nearest neighbor-1: 17081
distanceHC: 1441.85
distanceTrue: 881.039
tCube: 11365
tTrue: 844076
R-near neighbors: 
Query: 17
Nearest neighbor-1: 18691
distanceHC: 1233.88
distanceTrue: 778.145
tCube: 11939
tTrue: 833172
R-near neighbors: 
Query: 18
Nearest neighbor-1: 14761
distanceHC: 2050.25
distanceTrue: 1634.4
tCube: 11823
tTrue: 903939
R-near neighbors: 
Query: 19
Nearest neighbor-1: 45611
distanceHC: 1851.82
distanceTrue: 912.137
tCube: 11624
tTrue: 817089
R-near neighbors: 
Query: 20
Nearest neighbor-1: 41605
distanceHC: 1045.93
distanceTrue: 945.913
tCube: 13109
tTrue: 838984
R-near neighbors: 
Query: 21
Nearest neighbor-1: 10698
distanceHC: 1458.5
distanceTrue: 951.667
tCube: 11475
tTrue: 832814
R-near neighbors: 
Query: 22
Nearest neighbor-1: 44732
distanceHC: 1883.72
distanceTrue: 1211.48
tCube: 11665
tTrue: 851636
R-near neighbors: 
Query: 23
Nearest neighbor-1: 38254
distanceHC: 1802.95
distanceTrue: 1212.81
tCube: 11704
tTrue: 833729
R-near neighbors: 
Query: 24
Nearest neighbor-1: 10112
distanceHC: 1312.51
distanceTrue: 1114.46
tCube: 12394
tTrue: 817126
R-near neighbors: 
Query: 25
Nearest neighbor-1: 14319
distanceHC: 1776.71
distanceTrue: 1388.34
tCube: 12715
tTrue: 934040
R-near neighbors: 
Query: 26
Nearest neighbor-1: 44803
distanceHC: 1193.38
distanceTrue: 915.757
tCube: 12329
tTrue: 817813
R-near neighbors: 
Query: 27
Nearest neighbor-1: 49078
distanceHC: 1198.85
distanceTrue: 1039.88
tCube: 11950
tTrue: 832024
R-near neighbors: 
Query: 28
Nearest neighbor-1: 24893
distanceHC: 1198.48
distanceTrue: 1153.52
tCube: 12427
tTrue: 880179
R-near neighbors: 
Query: 29
Nearest neighbor-1: 56541
distanceHC: 573.689
distanceTrue: 489.344
tCube: 13027
tTrue: 792366
R-near neighbors: 
Query: 30
Nearest neighbor-1: 14320
distanceHC: 1643.02
distanceTrue: 1217.13
tCube: 12168
tTrue: 831247
R-near neighbors: 
Query: 31
Nearest neighbor-1: 45556
distanceHC: 671.165
distanceTrue: 431.441
tCube: 11807
tTrue: 788373
R-near neighbors: 
Query: 32
Nearest neighbor-1: 26306
distanceHC: 1463.11
distanceTrue: 804.497
tCube: 12309
tTrue: 846432
R-near neighbors: 
Query: 33
Nearest neighbor-1: 46371
distanceHC: 1904.74
distanceTrue: 1384.31
tCube: 11097
tTrue: 885051
R-near neighbors: 
Query: 34
Nearest neighbor-1: 17483
distanceHC: 997.662
distanceTrue: 804.335
tCube: 12051
tTrue: 840552
R-near neighbors: 
Query: 35
Nearest neighbor-1: 2251
distanceHC: 2004.59
distanceTrue: 1530.99
tCube: 12509
tTrue: 878623
R-near neighbors: 
Query: 36
Nearest neighbor-1: 288
distanceHC: 1349.97
distanceTrue: 1238.68
tCube: 13101
tTrue: 834951
R-near neighbors: 
Query: 37
Nearest neighbor-1: 4813
distanceHC: 534.277
distanceTrue: 321.93
tCube: 11877
tTrue: 800839
R-near neighbors: 
Query: 38
Nearest neighbor-1: 35236
distanceHC: 1903.47
distanceTrue: 1280.14
tCube: 11103
tTrue: 836516
R-near neighbors: 
Query: 39
Nearest neighbor-1: 10290
distanceHC: 593.083
distanceTrue: 480.162
tCube: 12753
tTrue: 807373
R-near neighbors: 
Query: 40
Nearest neighbor-1: 24838
distanceHC: 716.326
distanceTrue: 439.772
tCube: 11810
tTrue: 779959
R-near neighbors: 
Query: 41
Nearest neighbor-1: 38220
distanceHC: 1426.3
distanceTrue: 1007.95
tCube: 11173
tTrue: 812625
R-near neighbors: 
Query: 42
Nearest neighbor-1: 28139
distanceHC: 1463.32
distanceTrue: 1040.68
tCube: 11233
tTrue: 835194
R-near neighbors: 
Query: 43
Nearest neighbor-1: 16472
distanceHC: 1888.62
distanceTrue: 1500.39
tCube: 12711
tTrue: 820587
R-near neighbors: 
Query: 44
Nearest neighbor-1: 18527
distanceHC: 1564.24
distanceTrue: 1131.74
tCube: 11715
tTrue: 818829
R-near neighbors: 
Query: 45
Nearest neighbor-1: 45991
distanceHC: 1574.64
distanceTrue: 1263.78
tCube: 11419
tTrue: 836896
R-near neighbors: 
Query: 46
Nearest neighbor-1: 42422
distanceHC: 1006.25
distanceTrue: 635.8
tCube: 11554
tTrue: 817519
R-near neighbors: 
Query: 47
Nearest neighbor-1: 43292
distanceHC: 1596.36
distanceTrue: 1312.14
tCube: 11535
tTrue: 838952
R-near neighbors: 
Query: 48
Nearest neighbor-1: 25372
distanceHC: 1705.69
distanceTrue: 1272.27
tCube: 11266
tTrue: 876749
R-near neighbors: 
Query: 49
Nearest neighbor-1: 36228
distanceHC: 1558.49
distanceTrue: 1054.42
tCube: 11111
tTrue: 852232
R-near neighbors: 
Query: 50
Nearest neighbor-1: 10174
distanceHC: 1026.21
distanceTrue: 953.655
tCube: 11970
tTrue: 825290
R-near neighbors: 
Query: 51
Nearest neighbor-1: 47720
distanceHC: 1815.33
distanceTrue: 1285.62
tCube: 11867
tTrue: 886459
R-near neighbors: 
Query: 52
Nearest neighbor-1: 58633
distanceHC: 1681.1
distanceTrue: 1219.93
tCube: 11593
tTrue: 847849
R-near neighbors: 
Query: 53
Nearest neighbor-1: 26024
distanceHC: 1542.33
distanceTrue: 1168.57
tCube: 11519
tTrue: 844736
R-near neighbors: 
Query: 54
Nearest neighbor-1: 35718
distanceHC: 2103.13
distanceTrue: 1242.94
tCube: 11431
tTrue: 911249
R-near neighbors: 
Query: 55
Nearest neighbor-1: 9269
distanceHC: 1729.47
distanceTrue: 730.933
tCube: 11456
tTrue: 852869
R-near neighbors: 
Query: 56
Nearest neighbor-1: 1546
distanceHC: 1248.45
distanceTrue: 1204.69
tCube: 11204
tTrue: 863330
R-near neighbors: 
Query: 57
Nearest neighbor-1: 38985
distanceHC: 471.741
distanceTrue: 390.574
tCube: 11886
tTrue: 788301
R-near neighbors: 
Query: 58
Nearest neighbor-1: 55207
distanceHC: 1394.54
distanceTrue: 875.187
tCube: 11926
tTrue: 843047
R-near neighbors: 
Query: 59
Nearest neighbor-1: 5158
distanceHC: 1125.22
distanceTrue: 1027.37
tCube: 12292
tTrue: 823158
R-near neighbors: 
Query: 60
Nearest neighbor-1: 26047
distanceHC: 1477.45
distanceTrue: 1158.07
tCube: 11547
tTrue: 839017
R-near neighbors: 
Query: 61
Nearest neighbor-1: 17325
distanceHC: 2412.95
distanceTrue: 1657.31
tCube: 12798
tTrue: 860744
R-near neighbors: 
Query: 62
Nearest neighbor-1: 41116
distanceHC: 1139.72
distanceTrue: 1042.9
tCube: 11649
tTrue: 811874
R-near neighbors: 
Query: 63
Nearest neighbor-1: 37889
distanceHC: 1928.14
distanceTrue: 1326.84
tCube: 11444
tTrue: 835230
R-near neighbors: 
Query: 64
Nearest neighbor-1: 11180
distanceHC: 1460.89
distanceTrue: 1459.39
tCube: 11244
tTrue: 865333
R-near neighbors: 
Query: 65
Nearest neighbor-1: 2050
distanceHC: 1029.84
distanceTrue: 1029.84
tCube: 12015
tTrue: 799243
R-near neighbors: 
Query: 66
Nearest neighbor-1: 30608
distanceHC: 2095.16
distanceTrue: 1254.9
tCube: 11529
tTrue: 862009
R-near neighbors: 
Query: 67
Nearest neighbor-1: 12192
distanceHC: 1690.95
distanceTrue: 1198.5
tCube: 11889
tTrue: 856438
R-near neighbors: 
Query: 68
Nearest neighbor-1: 57680
distanceHC: 958.013
distanceTrue: 958.013
tCube: 10991
tTrue: 843356
R-near neighbors: 
Query: 69
Nearest neighbor-1: 42658
distanceHC: 1919.74
distanceTrue: 873.547
tCube: 11020
tTrue: 884693
R-near neighbors: 
Query: 70
Nearest neighbor-1: 9444
distanceHC: 1379.8
distanceTrue: 954.377
tCube: 11689
tTrue: 837630
R-near neighbors: 
Query: 71
Nearest neighbor-1: 24952
distanceHC: 1143.55
distanceTrue: 1013.71
tCube: 11986
tTrue: 908204
R-near neighbors: 
Query: 72
Nearest neighbor-1: 15016
distanceHC: 2205.97
distanceTrue: 1542.31
tCube: 10788
tTrue: 870121
R-near neighbors: 
Query: 73
Nearest neighbor-1: 24305
distanceHC: 1519.17
distanceTrue: 1123.18
tCube: 11467
tTrue: 841443
R-near neighbors: 
Query: 74
Nearest neighbor-1: 52032
distanceHC: 776.598
distanceTrue: 437.254
tCube: 12080
tTrue: 799679
R-near neighbors: 
Query: 75
Nearest neighbor-1: 51292
distanceHC: 1251.07
distanceTrue: 961.368
tCube: 11995
tTrue: 833813
R-near neighbors: 
Query: 76
Nearest neighbor-1: 19950
distanceHC: 1468.6
distanceTrue: 932.156
tCube: 11276
tTrue: 822678
R-near neighbors: 
Query: 77
Nearest neighbor-1: 34432
distanceHC: 1632.63
distanceTrue: 1366.16
tCube: 12041
tTrue: 832035
R-near neighbors: 
Query: 78
Nearest neighbor-1: 47353
distanceHC: 1167.72
distanceTrue: 981.83
tCube: 11775
tTrue: 823300
R-near neighbors: 
Query: 79
Nearest neighbor-1: 14387
distanceHC: 1290.42
distanceTrue: 869.289
tCube: 12060
tTrue: 864340
R-near neighbors: 
Query: 80
Nearest neighbor-1: 16388
distanceHC: 1611.83
distanceTrue: 1025
tCube: 11808
tTrue: 819780
R-near neighbors: 
Query: 81
Nearest neighbor-1: 48051
distanceHC: 1481.46
distanceTrue: 1081.65
tCube: 11509
tTrue: 846485
R-near neighbors: 
Query: 82
Nearest neighbor-1: 55704
distanceHC: 1746.43
distanceTrue: 1252.06
tCube: 12632
tTrue: 879188
R-near neighbors: 
Query: 83
Nearest neighbor-1: 25929
distanceHC: 970.841
distanceTrue: 851.563
tCube: 12224
tTrue: 819489
R-near neighbors: 
Query: 84
Nearest neighbor-1: 27650
distanceHC: 2119.75
distanceTrue: 1458.32
tCube: 10929
tTrue: 868665
R-near neighbors: 
Query: 85
Nearest neighbor-1: 36976
distanceHC: 1345.67
distanceTrue: 1312.89
tCube: 12214
tTrue: 878544
R-near neighbors: 
Query: 86
Nearest neighbor-1: 55887
distanceHC: 1185.73
distanceTrue: 761.512
tCube: 11057
tTrue: 830252
R-near neighbors: 
Query: 87
Nearest neighbor-1: 47380
distanceHC: 1519.67
distanceTrue: 1480.01
tCube: 11810
tTrue: 860327
R-near neighbors: 
Query: 88
Nearest neighbor-1: 9486
distanceHC: 1254.67
distanceTrue: 1051.66
tCube: 11628
tTrue: 870677
R-near neighbors: 
Query: 89
Nearest neighbor-1: 24487
distanceHC: 726.698
distanceTrue: 589.283
tCube: 11177
tTrue: 802096
R-near neighbors: 
Query: 90
Nearest neighbor-1: 37470
distanceHC: 1452.71
distanceTrue: 1081.47
tCube: 11281
tTrue: 853157
R-near neighbors: 
Query: 91
Nearest neighbor-1: 4072
distanceHC: 1350.59
distanceTrue: 908.08
tCube: 11606
tTrue: 835712
R-near neighbors: 
Query: 92
Nearest neighbor-1: 15369
distanceHC: 1097.94
distanceTrue: 1045.25
tCube: 12604
tTrue: 818677
R-near neighbors: 
Query: 93
Nearest neighbor-1: 19695
distanceHC: 1718.29
distanceTrue: 1173.25
tCube: 11332
tTrue: 848808
R-near neighbors: 
Query: 94
Nearest neighbor-1: 15002
distanceHC: 1063.24
distanceTrue: 709.255
tCube: 11431
tTrue: 814972
R-near neighbors: 
Query: 95
Nearest neighbor-1: 6301
distanceHC: 2009.36
distanceTrue: 1653.3
tCube: 10921
tTrue: 888754
R-near neighbors: 
Query: 96
Nearest neighbor-1: 7532
distanceHC: 775.025
distanceTrue: 705.661
tCube: 11215
tTrue: 799235
R-near neighbors: 
Query: 97
Nearest neighbor-1: 1586
distanceHC: 1541.9
distanceTrue: 1263.66
tCube: 12045
tTrue: 854225
R-near neighbors: 
Query: 98
Nearest neighbor-1: 2062
distanceHC: 1640.72
distanceTrue: 1122.06
tCube: 11563
tTrue: 849299
R-near neighbors: 
Query: 99
Nearest neighbor-1: 52094
distanceHC: 1667.22
distanceTrue: 990.712
tCube: 10478
tTrue: 866287
R-near neighbors: 
tAverageApproximate: 11721
tAverageTrue: 842325
MAF: 2.36611
AAF: 1.35977
