Query: 0
Nearest neighbor-1: 3298
distanceHC: 1115.64
distanceTrue: 670.112
tCube: 8374
tTrue: 821951
R-near neighbors: 
Query: 1
Nearest neighbor-1: 24612
distanceHC: 1285.93
distanceTrue: 1162.93
tCube: 7906
tTrue: 869851
R-near neighbors: 
Query: 2
Nearest neighbor-1: 42531
distanceHC: 416.665
distanceTrue: 321.663
tCube: 7856
tTrue: 793183
R-near neighbors: 
Query: 3
Nearest neighbor-1: 29044
distanceHC: 1221.58
distanceTrue: 1221.58
tCube: 6673
tTrue: 873289
R-near neighbors: 
Query: 4
Nearest neighbor-1: 24120
distanceHC: 1347.15
distanceTrue: 1092.53
tCube: 9154
tTrue: 840426
R-near neighbors: 
Query: 5
Nearest neighbor-1: 51900
distanceHC: 312.122
distanceTrue: 298.124
tCube: 9794
tTrue: 801506
R-near neighbors: 
Query: 6
Nearest neighbor-1: 46402
distanceHC: 1592.8
distanceTrue: 1302.71
tCube: 8323
tTrue: 848649
R-near neighbors: 
Query: 7
Nearest neighbor-1: 25446
distanceHC: 1384.15
distanceTrue: 1249.16
tCube: 7882
tTrue: 838457
R-near neighbors: 
Query: 8
Nearest neighbor-1: 52896
distanceHC: 1735.34
distanceTrue: 1735.34
tCube: 8338
tTrue: 868259
R-near neighbors: 
Query: 9
Nearest neighbor-1: 17167
distanceHC: 1143.79
distanceTrue: 985.211
tCube: 8471
tTrue: 856497
R-near neighbors: 
Query: 10
Nearest neighbor-1: 49939
distanceHC: 1100.89
distanceTrue: 1100.89
tCube: 8504
tTrue: 885475
R-near neighbors: 
Query: 11
Nearest neighbor-1: 17484
distanceHC: 1606.93
distanceTrue: 1464.38
tCube: 7886
tTrue: 879170
R-near neighbors: 
Query: 12
Nearest neighbor-1: 55477
distanceHC: 804.688
distanceTrue: 804.688
tCube: 7900
tTrue: 829474
R-near neighbors: 
Query: 13
Nearest neighbor-1: 18093
distanceHC: 1249.13
distanceTrue: 896.576
tCube: 8156
tTrue: 874823
R-near neighbors: 
Query: 14
Nearest neighbor-1: 27461
distanceHC: 810.125
distanceTrue: 621.283
tCube: 8263
tTrue: 795298
R-near neighbors: 
Query: 15
Nearest neighbor-1: 18418
distanceHC: 1416.47
distanceTrue: 1416.47
tCube: 9159
tTrue: 858540
R-near neighbors: 
Query: 16
Nearest neighbor-1: 25215
distanceHC: 881.039
distanceTrue: 881.039
tCube: 9879
tTrue: 847210
R-near neighbors: 
Query: 17
Nearest neighbor-1: 43104
distanceHC: 1383.24
distanceTrue: 778.145
tCube: 6586
tTrue: 837463
R-near neighbors: 
Query: 18
Nearest neighbor-1: 39100
distanceHC: 1720.64
distanceTrue: 1634.4
tCube: 9580
tTrue: 907657
R-near neighbors: 
Query: 19
Nearest neighbor-1: 56758
distanceHC: 1195.22
distanceTrue: 912.137
tCube: 9013
tTrue: 820279
R-near neighbors: 
Query: 20
Nearest neighbor-1: 22855
distanceHC: 966.173
distanceTrue: 945.913
tCube: 8399
tTrue: 842874
R-near neighbors: 
Query: 21
Nearest neighbor-1: 48262
distanceHC: 1166.6
distanceTrue: 951.667
tCube: 7634
tTrue: 834883
R-near neighbors: 
Query: 22
Nearest neighbor-1: 55458
distanceHC: 1640.1
distanceTrue: 1211.48
tCube: 8898
tTrue: 855459
R-near neighbors: 
Query: 23
Nearest neighbor-1: 30012
distanceHC: 1608.87
distanceTrue: 1212.81
tCube: 9094
tTrue: 836353
R-near neighbors: 
Query: 24
Nearest neighbor-1: 17970
distanceHC: 1312.45
distanceTrue: 1114.46
tCube: 8864
tTrue: 825958
R-near neighbors: 
Query: 25
Nearest neighbor-1: 28489
distanceHC: 1540.18
distanceTrue: 1388.34
tCube: 8410
tTrue: 938054
R-near neighbors: 
Query: 26
Nearest neighbor-1: 44803
distanceHC: 1193.38
distanceTrue: 915.757
tCube: 8986
tTrue: 820887
R-near neighbors: 
Query: 27
Nearest neighbor-1: 41686
distanceHC: 1039.88
distanceTrue: 1039.88
tCube: 8448
tTrue: 834915
R-near neighbors: 
Query: 28
Nearest neighbor-1: 47172
distanceHC: 1474.77
distanceTrue: 1153.52
tCube: 8595
tTrue: 884207
R-near neighbors: 
Query: 29
Nearest neighbor-1: 19940
distanceHC: 573.166
distanceTrue: 489.344
tCube: 8626
tTrue: 796062
R-near neighbors: 
Query: 30
Nearest neighbor-1: 46595
distanceHC: 1576.02
distanceTrue: 1217.13
tCube: 7840
tTrue: 838194
R-near neighbors: 
Query: 31
Nearest neighbor-1: 44724
distanceHC: 594.38
distanceTrue: 431.441
tCube: 10503
tTrue: 793321
R-near neighbors: 
Query: 32
Nearest neighbor-1: 36644
distanceHC: 1368.38
distanceTrue: 804.497
tCube: 7856
tTrue: 850582
R-near neighbors: 
Query: 33
Nearest neighbor-1: 16572
distanceHC: 1384.31
distanceTrue: 1384.31
tCube: 7347
tTrue: 891233
R-near neighbors: 
Query: 34
Nearest neighbor-1: 839
distanceHC: 1167.54
distanceTrue: 804.335
tCube: 9343
tTrue: 845377
R-near neighbors: 
Query: 35
Nearest neighbor-1: 8374
distanceHC: 2124.14
distanceTrue: 1530.99
tCube: 8077
tTrue: 881247
R-near neighbors: 
Query: 36
Nearest neighbor-1: 49980
distanceHC: 1392.63
distanceTrue: 1238.68
tCube: 8543
tTrue: 838932
R-near neighbors: 
Query: 37
Nearest neighbor-1: 25600
distanceHC: 321.93
distanceTrue: 321.93
tCube: 8756
tTrue: 801480
R-near neighbors: 
Query: 38
Nearest neighbor-1: 40184
distanceHC: 1894.12
distanceTrue: 1280.14
tCube: 9671
tTrue: 839491
R-near neighbors: 
Query: 39
Nearest neighbor-1: 48119
distanceHC: 627.33
distanceTrue: 480.162
tCube: 6624
tTrue: 807960
R-near neighbors: 
Query: 40
Nearest neighbor-1: 35252
distanceHC: 579.896
distanceTrue: 439.772
tCube: 8170
tTrue: 784940
R-near neighbors: 
Query: 41
Nearest neighbor-1: 41362
distanceHC: 1725.1
distanceTrue: 1007.95
tCube: 10591
tTrue: 814202
R-near neighbors: 
Query: 42
Nearest neighbor-1: 58433
distanceHC: 1240.17
distanceTrue: 1040.68
tCube: 8553
tTrue: 838498
R-near neighbors: 
Query: 43
Nearest neighbor-1: 1531
distanceHC: 1797
distanceTrue: 1500.39
tCube: 9714
tTrue: 826241
R-near neighbors: 
Query: 44
Nearest neighbor-1: 55054
distanceHC: 1502.09
distanceTrue: 1131.74
tCube: 8099
tTrue: 820131
R-near neighbors: 
Query: 45
Nearest neighbor-1: 10182
distanceHC: 1463.25
distanceTrue: 1263.78
tCube: 7554
tTrue: 840056
R-near neighbors: 
Query: 46
Nearest neighbor-1: 870
distanceHC: 758.1
distanceTrue: 635.8
tCube: 10484
tTrue: 816720
R-near neighbors: 
Query: 47
Nearest neighbor-1: 26932
distanceHC: 1638.16
distanceTrue: 1312.14
tCube: 10030
tTrue: 839350
R-near neighbors: 
Query: 48
Nearest neighbor-1: 1273
distanceHC: 1588.5
distanceTrue: 1272.27
tCube: 8387
tTrue: 879913
R-near neighbors: 
Query: 49
Nearest neighbor-1: 23528
distanceHC: 1209.63
distanceTrue: 1054.42
tCube: 9730
tTrue: 855612
R-near neighbors: 
Query: 50
Nearest neighbor-1: 44989
distanceHC: 1184.77
distanceTrue: 953.655
tCube: 10146
tTrue: 829721
R-near neighbors: 
Query: 51
Nearest neighbor-1: 33054
distanceHC: 1571.12
distanceTrue: 1285.62
tCube: 8948
tTrue: 886905
R-near neighbors: 
Query: 52
Nearest neighbor-1: 33553
distanceHC: 1611.89
distanceTrue: 1219.93
tCube: 6614
tTrue: 851155
R-near neighbors: 
Query: 53
Nearest neighbor-1: 26024
distanceHC: 1542.33
distanceTrue: 1168.57
tCube: 9554
tTrue: 847002
R-near neighbors: 
Query: 54
Nearest neighbor-1: 4857
distanceHC: 2094.44
distanceTrue: 1242.94
tCube: 9730
tTrue: 914642
R-near neighbors: 
Query: 55
Nearest neighbor-1: 45589
distanceHC: 730.933
distanceTrue: 730.933
tCube: 9207
tTrue: 854417
R-near neighbors: 
Query: 56
Nearest neighbor-1: 44499
distanceHC: 1300.69
distanceTrue: 1204.69
tCube: 7835
tTrue: 867709
R-near neighbors: 
Query: 57
Nearest neighbor-1: 39300
distanceHC: 568.577
distanceTrue: 390.574
tCube: 6622
tTrue: 791182
R-near neighbors: 
Query: 58
Nearest neighbor-1: 13480
distanceHC: 1238.71
distanceTrue: 875.187
tCube: 7531
tTrue: 846720
R-near neighbors: 
Query: 59
Nearest neighbor-1: 6026
distanceHC: 1027.37
distanceTrue: 1027.37
tCube: 6653
tTrue: 818657
R-near neighbors: 
Query: 60
Nearest neighbor-1: 27054
distanceHC: 1231.33
distanceTrue: 1158.07
tCube: 8578
tTrue: 842504
R-near neighbors: 
Query: 61
Nearest neighbor-1: 9789
distanceHC: 1794.36
distanceTrue: 1657.31
tCube: 9700
tTrue: 865117
R-near neighbors: 
Query: 62
Nearest neighbor-1: 48042
distanceHC: 1257.84
distanceTrue: 1042.9
tCube: 9614
tTrue: 813778
R-near neighbors: 
Query: 63
Nearest neighbor-1: 20614
distanceHC: 2116.36
distanceTrue: 1326.84
tCube: 6622
tTrue: 836903
R-near neighbors: 
Query: 64
Nearest neighbor-1: 13561
distanceHC: 1747.91
distanceTrue: 1459.39
tCube: 10618
tTrue: 873612
R-near neighbors: 
Query: 65
Nearest neighbor-1: 57857
distanceHC: 1311.4
distanceTrue: 1029.84
tCube: 9004
tTrue: 803471
R-near neighbors: 
Query: 66
Nearest neighbor-1: 3814
distanceHC: 2158.3
distanceTrue: 1254.9
tCube: 8383
tTrue: 863022
R-near neighbors: 
Query: 67
Nearest neighbor-1: 13418
distanceHC: 1449.79
distanceTrue: 1198.5
tCube: 10124
tTrue: 859560
R-near neighbors: 
Query: 68
Nearest neighbor-1: 57680
distanceHC: 958.013
distanceTrue: 958.013
tCube: 8303
tTrue: 847474
R-near neighbors: 
Query: 69
Nearest neighbor-1: 57634
distanceHC: 1031.31
distanceTrue: 873.547
tCube: 7849
tTrue: 888725
R-near neighbors: 
Query: 70
Nearest neighbor-1: 53483
distanceHC: 1034.49
distanceTrue: 954.377
tCube: 7903
tTrue: 838623
R-near neighbors: 
Query: 71
Nearest neighbor-1: 24952
distanceHC: 1143.55
distanceTrue: 1013.71
tCube: 8489
tTrue: 909800
R-near neighbors: 
Query: 72
Nearest neighbor-1: 33697
distanceHC: 1718.12
distanceTrue: 1542.31
tCube: 7799
tTrue: 874550
R-near neighbors: 
Query: 73
Nearest neighbor-1: 2371
distanceHC: 1353.6
distanceTrue: 1123.18
tCube: 7694
tTrue: 843314
R-near neighbors: 
Query: 74
Nearest neighbor-1: 34206
distanceHC: 599.161
distanceTrue: 437.254
tCube: 7543
tTrue: 801797
R-near neighbors: 
Query: 75
Nearest neighbor-1: 46724
distanceHC: 1847.15
distanceTrue: 961.368
tCube: 7667
tTrue: 834576
R-near neighbors: 
Query: 76
Nearest neighbor-1: 43100
distanceHC: 1361.16
distanceTrue: 932.156
tCube: 8539
tTrue: 825671
R-near neighbors: 
Query: 77
Nearest neighbor-1: 41264
distanceHC: 1743.84
distanceTrue: 1366.16
tCube: 7292
tTrue: 836508
R-near neighbors: 
Query: 78
Nearest neighbor-1: 42993
distanceHC: 1250.29
distanceTrue: 981.83
tCube: 7715
tTrue: 824820
R-near neighbors: 
Query: 79
Nearest neighbor-1: 48577
distanceHC: 2118.6
distanceTrue: 869.289
tCube: 7538
tTrue: 866093
R-near neighbors: 
Query: 80
Nearest neighbor-1: 45587
distanceHC: 1694.7
distanceTrue: 1025
tCube: 8054
tTrue: 823503
R-near neighbors: 
Query: 81
Nearest neighbor-1: 55096
distanceHC: 1161.14
distanceTrue: 1081.65
tCube: 7673
tTrue: 846645
R-near neighbors: 
Query: 82
Nearest neighbor-1: 27721
distanceHC: 1899.99
distanceTrue: 1252.06
tCube: 9037
tTrue: 879663
R-near neighbors: 
Query: 83
Nearest neighbor-1: 44803
distanceHC: 871.23
distanceTrue: 851.563
tCube: 9500
tTrue: 821403
R-near neighbors: 
Query: 84
Nearest neighbor-1: 56976
distanceHC: 2122.34
distanceTrue: 1458.32
tCube: 7107
tTrue: 872952
R-near neighbors: 
Query: 85
Nearest neighbor-1: 23999
distanceHC: 1344.31
distanceTrue: 1312.89
tCube: 8655
tTrue: 884421
R-near neighbors: 
Query: 86
Nearest neighbor-1: 41854
distanceHC: 1231.01
distanceTrue: 761.512
tCube: 9231
tTrue: 829860
R-near neighbors: 
Query: 87
Nearest neighbor-1: 51474
distanceHC: 1706.71
distanceTrue: 1480.01
tCube: 9861
tTrue: 860256
R-near neighbors: 
Query: 88
Nearest neighbor-1: 48864
distanceHC: 1440.9
distanceTrue: 1051.66
tCube: 9065
tTrue: 872993
R-near neighbors: 
Query: 89
Nearest neighbor-1: 31993
distanceHC: 743.003
distanceTrue: 589.283
tCube: 8992
tTrue: 804823
R-near neighbors: 
Query: 90
Nearest neighbor-1: 41107
distanceHC: 1788.81
distanceTrue: 1081.47
tCube: 7901
tTrue: 852343
R-near neighbors: 
Query: 91
Nearest neighbor-1: 34776
distanceHC: 1252.67
distanceTrue: 908.08
tCube: 7051
tTrue: 836596
R-near neighbors: 
Query: 92
Nearest neighbor-1: 7077
distanceHC: 1427.22
distanceTrue: 1045.25
tCube: 7602
tTrue: 823073
R-near neighbors: 
Query: 93
Nearest neighbor-1: 42588
distanceHC: 1785.17
distanceTrue: 1173.25
tCube: 10112
tTrue: 852034
R-near neighbors: 
Query: 94
Nearest neighbor-1: 31238
distanceHC: 884.005
distanceTrue: 709.255
tCube: 9197
tTrue: 815199
R-near neighbors: 
Query: 95
Nearest neighbor-1: 28081
distanceHC: 2096.36
distanceTrue: 1653.3
tCube: 7846
tTrue: 889291
R-near neighbors: 
Query: 96
Nearest neighbor-1: 31370
distanceHC: 761.877
distanceTrue: 705.661
tCube: 7670
tTrue: 800590
R-near neighbors: 
Query: 97
Nearest neighbor-1: 6879
distanceHC: 2196.65
distanceTrue: 1263.66
tCube: 10192
tTrue: 858005
R-near neighbors: 
Query: 98
Nearest neighbor-1: 49626
distanceHC: 1490.43
distanceTrue: 1122.06
tCube: 10183
tTrue: 850541
R-near neighbors: 
Query: 99
Nearest neighbor-1: 20270
distanceHC: 1374.13
distanceTrue: 990.712
tCube: 7077
tTrue: 868573
R-near neighbors: 
tAverageApproximate: 8463
tAverageTrue: 845165
MAF: 2.43717
AAF: 1.2826
