GNNS Results
Query: 0
Nearest neighbor-1: 53619
distanceApproxmiate: 2167.79
distanceTrue: 670.112
Query: 1
Nearest neighbor-1: 43256
distanceApproxmiate: 2104.82
distanceTrue: 1162.93
Query: 2
Nearest neighbor-1: 47333
distanceApproxmiate: 367.715
distanceTrue: 321.663
Query: 3
Nearest neighbor-1: 56201
distanceApproxmiate: 2510.89
distanceTrue: 1221.58
Query: 4
Nearest neighbor-1: 25760
distanceApproxmiate: 1171.88
distanceTrue: 1092.53
Query: 5
Nearest neighbor-1: 17101
distanceApproxmiate: 474.619
distanceTrue: 298.124
Query: 6
Nearest neighbor-1: 15416
distanceApproxmiate: 1695.85
distanceTrue: 1302.71
Query: 7
Nearest neighbor-1: 14681
distanceApproxmiate: 1762.66
distanceTrue: 1249.16
Query: 8
Nearest neighbor-1: 37681
distanceApproxmiate: 2389.77
distanceTrue: 1735.34
Query: 9
Nearest neighbor-1: 15897
distanceApproxmiate: 2162.96
distanceTrue: 985.211
Query: 10
Nearest neighbor-1: 14092
distanceApproxmiate: 1139.2
distanceTrue: 1100.89
Query: 11
Nearest neighbor-1: 21117
distanceApproxmiate: 1994.75
distanceTrue: 1464.38
Query: 12
Nearest neighbor-1: 4140
distanceApproxmiate: 2229.41
distanceTrue: 804.688
Query: 13
Nearest neighbor-1: 50228
distanceApproxmiate: 2149.85
distanceTrue: 896.576
Query: 14
Nearest neighbor-1: 24352
distanceApproxmiate: 634.438
distanceTrue: 621.283
Query: 15
Nearest neighbor-1: 24908
distanceApproxmiate: 1692.85
distanceTrue: 1416.47
Query: 16
Nearest neighbor-1: 55920
distanceApproxmiate: 2547.84
distanceTrue: 881.039
Query: 17
Nearest neighbor-1: 12176
distanceApproxmiate: 858.358
distanceTrue: 778.145
Query: 18
Nearest neighbor-1: 39100
distanceApproxmiate: 1720.64
distanceTrue: 1634.4
Query: 19
Nearest neighbor-1: 13500
distanceApproxmiate: 1033.53
distanceTrue: 912.137
Query: 20
Nearest neighbor-1: 41503
distanceApproxmiate: 1004.34
distanceTrue: 945.913
Query: 21
Nearest neighbor-1: 44318
distanceApproxmiate: 1481.58
distanceTrue: 951.667
Query: 22
Nearest neighbor-1: 20782
distanceApproxmiate: 1466.72
distanceTrue: 1211.48
Query: 23
Nearest neighbor-1: 30928
distanceApproxmiate: 1621.47
distanceTrue: 1212.81
Query: 24
Nearest neighbor-1: 25612
distanceApproxmiate: 1374.34
distanceTrue: 1114.46
Query: 25
Nearest neighbor-1: 26103
distanceApproxmiate: 1748.25
distanceTrue: 1388.34
Query: 26
Nearest neighbor-1: 21662
distanceApproxmiate: 1020.58
distanceTrue: 915.757
Query: 27
Nearest neighbor-1: 25682
distanceApproxmiate: 1467.07
distanceTrue: 1039.88
Query: 28
Nearest neighbor-1: 46785
distanceApproxmiate: 1279.43
distanceTrue: 1153.52
Query: 29
Nearest neighbor-1: 46575
distanceApproxmiate: 540.132
distanceTrue: 489.344
Query: 30
Nearest neighbor-1: 29850
distanceApproxmiate: 1663.15
distanceTrue: 1217.13
Query: 31
Nearest neighbor-1: 7696
distanceApproxmiate: 530.639
distanceTrue: 431.441
Query: 32
Nearest neighbor-1: 57312
distanceApproxmiate: 1421.87
distanceTrue: 804.497
Query: 33
Nearest neighbor-1: 13865
distanceApproxmiate: 2195.42
distanceTrue: 1384.31
Query: 34
Nearest neighbor-1: 41285
distanceApproxmiate: 2913.91
distanceTrue: 804.335
Query: 35
Nearest neighbor-1: 3041
distanceApproxmiate: 2625.63
distanceTrue: 1530.99
Query: 36
Nearest neighbor-1: 26604
distanceApproxmiate: 2127.25
distanceTrue: 1238.68
Query: 37
Nearest neighbor-1: 30978
distanceApproxmiate: 622.351
distanceTrue: 321.93
Query: 38
Nearest neighbor-1: 59827
distanceApproxmiate: 1848.83
distanceTrue: 1280.14
Query: 39
Nearest neighbor-1: 24974
distanceApproxmiate: 729.038
distanceTrue: 480.162
Query: 40
Nearest neighbor-1: 26268
distanceApproxmiate: 439.772
distanceTrue: 439.772
Query: 41
Nearest neighbor-1: 55374
distanceApproxmiate: 1378.46
distanceTrue: 1007.95
Query: 42
Nearest neighbor-1: 58432
distanceApproxmiate: 1134.15
distanceTrue: 1040.68
Query: 43
Nearest neighbor-1: 40021
distanceApproxmiate: 2125.86
distanceTrue: 1500.39
Query: 44
Nearest neighbor-1: 47770
distanceApproxmiate: 1566.09
distanceTrue: 1131.74
Query: 45
Nearest neighbor-1: 29058
distanceApproxmiate: 1293.52
distanceTrue: 1263.78
Query: 46
Nearest neighbor-1: 4860
distanceApproxmiate: 2035.7
distanceTrue: 635.8
Query: 47
Nearest neighbor-1: 17566
distanceApproxmiate: 1543.9
distanceTrue: 1312.14
Query: 48
Nearest neighbor-1: 52467
distanceApproxmiate: 1607.46
distanceTrue: 1272.27
Query: 49
Nearest neighbor-1: 23528
distanceApproxmiate: 1209.63
distanceTrue: 1054.42
Query: 50
Nearest neighbor-1: 59549
distanceApproxmiate: 1293.01
distanceTrue: 953.655
Query: 51
Nearest neighbor-1: 19921
distanceApproxmiate: 1704.84
distanceTrue: 1285.62
Query: 52
Nearest neighbor-1: 33603
distanceApproxmiate: 1491.17
distanceTrue: 1219.93
Query: 53
Nearest neighbor-1: 14714
distanceApproxmiate: 1365.35
distanceTrue: 1168.57
Query: 54
Nearest neighbor-1: 11336
distanceApproxmiate: 2001.29
distanceTrue: 1242.94
Query: 55
Nearest neighbor-1: 45589
distanceApproxmiate: 730.933
distanceTrue: 730.933
Query: 56
Nearest neighbor-1: 44499
distanceApproxmiate: 1300.69
distanceTrue: 1204.69
Query: 57
Nearest neighbor-1: 34162
distanceApproxmiate: 514.577
distanceTrue: 390.574
Query: 58
Nearest neighbor-1: 27779
distanceApproxmiate: 1106.58
distanceTrue: 875.187
Query: 59
Nearest neighbor-1: 15812
distanceApproxmiate: 1092.55
distanceTrue: 1027.37
Query: 60
Nearest neighbor-1: 54940
distanceApproxmiate: 1158.07
distanceTrue: 1158.07
Query: 61
Nearest neighbor-1: 22953
distanceApproxmiate: 2652.57
distanceTrue: 1657.31
Query: 62
Nearest neighbor-1: 36886
distanceApproxmiate: 1210.51
distanceTrue: 1042.9
Query: 63
Nearest neighbor-1: 51592
distanceApproxmiate: 2192.15
distanceTrue: 1326.84
Query: 64
Nearest neighbor-1: 9826
distanceApproxmiate: 2558.29
distanceTrue: 1459.39
Query: 65
Nearest neighbor-1: 46038
distanceApproxmiate: 1362.96
distanceTrue: 1029.84
Query: 66
Nearest neighbor-1: 49506
distanceApproxmiate: 2424.69
distanceTrue: 1254.9
Query: 67
Nearest neighbor-1: 17204
distanceApproxmiate: 2432.37
distanceTrue: 1198.5
Query: 68
Nearest neighbor-1: 25222
distanceApproxmiate: 1290.23
distanceTrue: 958.013
Query: 69
Nearest neighbor-1: 6472
distanceApproxmiate: 2610.38
distanceTrue: 873.547
Query: 70
Nearest neighbor-1: 52732
distanceApproxmiate: 1009.45
distanceTrue: 954.377
Query: 71
Nearest neighbor-1: 51375
distanceApproxmiate: 1369.89
distanceTrue: 1013.71
Query: 72
Nearest neighbor-1: 33697
distanceApproxmiate: 1718.12
distanceTrue: 1542.31
Query: 73
Nearest neighbor-1: 38382
distanceApproxmiate: 2316.51
distanceTrue: 1123.18
Query: 74
Nearest neighbor-1: 23612
distanceApproxmiate: 574.296
distanceTrue: 437.254
Query: 75
Nearest neighbor-1: 51292
distanceApproxmiate: 1251.07
distanceTrue: 961.368
Query: 76
Nearest neighbor-1: 54930
distanceApproxmiate: 1250.27
distanceTrue: 932.156
Query: 77
Nearest neighbor-1: 50768
distanceApproxmiate: 2312.17
distanceTrue: 1366.16
Query: 78
Nearest neighbor-1: 11593
distanceApproxmiate: 1391.75
distanceTrue: 981.83
Query: 79
Nearest neighbor-1: 58592
distanceApproxmiate: 2812.22
distanceTrue: 869.289
Query: 80
Nearest neighbor-1: 34044
distanceApproxmiate: 1412.73
distanceTrue: 1025
Query: 81
Nearest neighbor-1: 8146
distanceApproxmiate: 1123.88
distanceTrue: 1081.65
Query: 82
Nearest neighbor-1: 46517
distanceApproxmiate: 1857.96
distanceTrue: 1252.06
Query: 83
Nearest neighbor-1: 44803
distanceApproxmiate: 871.23
distanceTrue: 851.563
Query: 84
Nearest neighbor-1: 34376
distanceApproxmiate: 1458.32
distanceTrue: 1458.32
Query: 85
Nearest neighbor-1: 28573
distanceApproxmiate: 1482
distanceTrue: 1312.89
Query: 86
Nearest neighbor-1: 22823
distanceApproxmiate: 977.023
distanceTrue: 761.512
Query: 87
Nearest neighbor-1: 49564
distanceApproxmiate: 2362.57
distanceTrue: 1480.01
Query: 88
Nearest neighbor-1: 46360
distanceApproxmiate: 2791.8
distanceTrue: 1051.66
Query: 89
Nearest neighbor-1: 4557
distanceApproxmiate: 690.786
distanceTrue: 589.283
Query: 90
Nearest neighbor-1: 21622
distanceApproxmiate: 1244.07
distanceTrue: 1081.47
Query: 91
Nearest neighbor-1: 55012
distanceApproxmiate: 1200.15
distanceTrue: 908.08
Query: 92
Nearest neighbor-1: 44988
distanceApproxmiate: 1866.43
distanceTrue: 1045.25
Query: 93
Nearest neighbor-1: 58389
distanceApproxmiate: 1454.7
distanceTrue: 1173.25
Query: 94
Nearest neighbor-1: 15182
distanceApproxmiate: 841.31
distanceTrue: 709.255
Query: 95
Nearest neighbor-1: 28081
distanceApproxmiate: 2096.36
distanceTrue: 1653.3
Query: 96
Nearest neighbor-1: 51988
distanceApproxmiate: 1448.5
distanceTrue: 705.661
Query: 97
Nearest neighbor-1: 18563
distanceApproxmiate: 3087.03
distanceTrue: 1263.66
Query: 98
Nearest neighbor-1: 17134
distanceApproxmiate: 1983.19
distanceTrue: 1122.06
Query: 99
Nearest neighbor-1: 40352
distanceApproxmiate: 2498.88
distanceTrue: 990.712
tAverageApproximate: 498
tAverageTrue: 835137
MAF: 8.60321
AAF: 1.87015
