Query: 0
Nearest neighbor-1: 38504
distanceLSH: 1082.03
distanceTrue: 670.112
tLSH: 1543
tTrue: 815927
R-near neighbors: 
Query: 1
Nearest neighbor-1: 3200
distanceLSH: 1953.48
distanceTrue: 1162.93
tLSH: 1515
tTrue: 861758
R-near neighbors: 
Query: 2
Nearest neighbor-1: 466
distanceLSH: 645.058
distanceTrue: 321.663
tLSH: 1750
tTrue: 783542
R-near neighbors: 
Query: 3
Nearest neighbor-1: 45960
distanceLSH: 1560.36
distanceTrue: 1221.58
tLSH: 1580
tTrue: 868938
R-near neighbors: 
Query: 4
Nearest neighbor-1: 39368
distanceLSH: 1399.19
distanceTrue: 1092.53
tLSH: 1611
tTrue: 830944
R-near neighbors: 
Query: 5
Nearest neighbor-1: 48805
distanceLSH: 742.075
distanceTrue: 298.124
tLSH: 1610
tTrue: 790253
R-near neighbors: 
Query: 6
Nearest neighbor-1: 50080
distanceLSH: 1909.11
distanceTrue: 1302.71
tLSH: 1599
tTrue: 839456
R-near neighbors: 
Query: 7
Nearest neighbor-1: 50370
distanceLSH: 2212.86
distanceTrue: 1249.16
tLSH: 1550
tTrue: 828522
R-near neighbors: 
Query: 8
Nearest neighbor-1: 13969
distanceLSH: 2227.08
distanceTrue: 1735.34
tLSH: 1541
tTrue: 858212
R-near neighbors: 
Query: 9
Nearest neighbor-1: 24662
distanceLSH: 1805.57
distanceTrue: 985.211
tLSH: 1584
tTrue: 847399
R-near neighbors: 
Query: 10
Nearest neighbor-1: 524
distanceLSH: 1421.33
distanceTrue: 1100.89
tLSH: 1638
tTrue: 875809
R-near neighbors: 
Query: 11
Nearest neighbor-1: 26410
distanceLSH: 1844.38
distanceTrue: 1464.38
tLSH: 1610
tTrue: 870128
R-near neighbors: 
Query: 12
Nearest neighbor-1: 34019
distanceLSH: 1399.17
distanceTrue: 804.688
tLSH: 1561
tTrue: 820330
R-near neighbors: 
Query: 13
Nearest neighbor-1: 24346
distanceLSH: 1397.13
distanceTrue: 896.576
tLSH: 1641
tTrue: 865332
R-near neighbors: 
Query: 14
Nearest neighbor-1: 47502
distanceLSH: 652.529
distanceTrue: 621.283
tLSH: 1562
tTrue: 784321
R-near neighbors: 
Query: 15
Nearest neighbor-1: 18418
distanceLSH: 1416.47
distanceTrue: 1416.47
tLSH: 1572
tTrue: 848834
R-near neighbors: 
Query: 16
Nearest neighbor-1: 13616
distanceLSH: 1391.26
distanceTrue: 881.039
tLSH: 1549
tTrue: 837557
R-near neighbors: 
Query: 17
Nearest neighbor-1: 16186
distanceLSH: 1288.3
distanceTrue: 778.145
tLSH: 1564
tTrue: 827723
R-near neighbors: 
Query: 18
Nearest neighbor-1: 12186
distanceLSH: 2026.48
distanceTrue: 1634.4
tLSH: 1525
tTrue: 899585
R-near neighbors: 
Query: 19
Nearest neighbor-1: 44523
distanceLSH: 913.363
distanceTrue: 912.137
tLSH: 1583
tTrue: 809631
R-near neighbors: 
Query: 20
Nearest neighbor-1: 53935
distanceLSH: 1157.23
distanceTrue: 945.913
tLSH: 1556
tTrue: 832186
R-near neighbors: 
Query: 21
Nearest neighbor-1: 35918
distanceLSH: 1177.26
distanceTrue: 951.667
tLSH: 1554
tTrue: 826856
R-near neighbors: 
Query: 22
Nearest neighbor-1: 6452
distanceLSH: 2273.33
distanceTrue: 1211.48
tLSH: 1585
tTrue: 848022
R-near neighbors: 
Query: 23
Nearest neighbor-1: 53410
distanceLSH: 1769.62
distanceTrue: 1212.81
tLSH: 1578
tTrue: 829192
R-near neighbors: 
Query: 24
Nearest neighbor-1: 39702
distanceLSH: 1767.52
distanceTrue: 1114.46
tLSH: 1587
tTrue: 816532
R-near neighbors: 
Query: 25
Nearest neighbor-1: 56984
distanceLSH: 1655.32
distanceTrue: 1388.34
tLSH: 1673
tTrue: 929461
R-near neighbors: 
Query: 26
Nearest neighbor-1: 57885
distanceLSH: 1255.6
distanceTrue: 915.757
tLSH: 1595
tTrue: 809864
R-near neighbors: 
Query: 27
Nearest neighbor-1: 58218
distanceLSH: 1433.48
distanceTrue: 1039.88
tLSH: 1631
tTrue: 825953
R-near neighbors: 
Query: 28
Nearest neighbor-1: 9322
distanceLSH: 2328.52
distanceTrue: 1153.52
tLSH: 1511
tTrue: 874980
R-near neighbors: 
Query: 29
Nearest neighbor-1: 52020
distanceLSH: 934.616
distanceTrue: 489.344
tLSH: 1585
tTrue: 786260
R-near neighbors: 
Query: 30
Nearest neighbor-1: 37021
distanceLSH: 1317.13
distanceTrue: 1217.13
tLSH: 1601
tTrue: 827558
R-near neighbors: 
Query: 31
Nearest neighbor-1: 47338
distanceLSH: 581.918
distanceTrue: 431.441
tLSH: 1595
tTrue: 786052
R-near neighbors: 
Query: 32
Nearest neighbor-1: 25282
distanceLSH: 1616.26
distanceTrue: 804.497
tLSH: 1588
tTrue: 843498
R-near neighbors: 
Query: 33
Nearest neighbor-1: 33598
distanceLSH: 2439.5
distanceTrue: 1384.31
tLSH: 1569
tTrue: 884436
R-near neighbors: 
Query: 34
Nearest neighbor-1: 5447
distanceLSH: 1161.08
distanceTrue: 804.335
tLSH: 1572
tTrue: 834303
R-near neighbors: 
Query: 35
Nearest neighbor-1: 23675
distanceLSH: 2330.96
distanceTrue: 1530.99
tLSH: 1608
tTrue: 871717
R-near neighbors: 
Query: 36
Nearest neighbor-1: 4326
distanceLSH: 1448.06
distanceTrue: 1238.68
tLSH: 1567
tTrue: 830080
R-near neighbors: 
Query: 37
Nearest neighbor-1: 22888
distanceLSH: 452.873
distanceTrue: 321.93
tLSH: 1566
tTrue: 790104
R-near neighbors: 
Query: 38
Nearest neighbor-1: 15878
distanceLSH: 1946.83
distanceTrue: 1280.14
tLSH: 1582
tTrue: 830049
R-near neighbors: 
Query: 39
Nearest neighbor-1: 28134
distanceLSH: 770.037
distanceTrue: 480.162
tLSH: 1640
tTrue: 802284
R-near neighbors: 
Query: 40
Nearest neighbor-1: 18442
distanceLSH: 667.346
distanceTrue: 439.772
tLSH: 1588
tTrue: 775460
R-near neighbors: 
Query: 41
Nearest neighbor-1: 24816
distanceLSH: 1192.37
distanceTrue: 1007.95
tLSH: 1580
tTrue: 805382
R-near neighbors: 
Query: 42
Nearest neighbor-1: 18708
distanceLSH: 1056.14
distanceTrue: 1040.68
tLSH: 1585
tTrue: 829494
R-near neighbors: 
Query: 43
Nearest neighbor-1: 56040
distanceLSH: 1686.84
distanceTrue: 1500.39
tLSH: 1537
tTrue: 815041
R-near neighbors: 
Query: 44
Nearest neighbor-1: 28276
distanceLSH: 1284.56
distanceTrue: 1131.74
tLSH: 1592
tTrue: 809971
R-near neighbors: 
Query: 45
Nearest neighbor-1: 10370
distanceLSH: 1458.78
distanceTrue: 1263.78
tLSH: 1599
tTrue: 829947
R-near neighbors: 
Query: 46
Nearest neighbor-1: 14133
distanceLSH: 1379
distanceTrue: 635.8
tLSH: 1528
tTrue: 807732
R-near neighbors: 
Query: 47
Nearest neighbor-1: 12954
distanceLSH: 1458.68
distanceTrue: 1312.14
tLSH: 1551
tTrue: 829340
R-near neighbors: 
Query: 48
Nearest neighbor-1: 25515
distanceLSH: 1953.71
distanceTrue: 1272.27
tLSH: 1556
tTrue: 872000
R-near neighbors: 
Query: 49
Nearest neighbor-1: 28948
distanceLSH: 1600.67
distanceTrue: 1054.42
tLSH: 1592
tTrue: 845439
R-near neighbors: 
Query: 50
Nearest neighbor-1: 44808
distanceLSH: 1046.51
distanceTrue: 953.655
tLSH: 1651
tTrue: 818081
R-near neighbors: 
Query: 51
Nearest neighbor-1: 33054
distanceLSH: 1571.12
distanceTrue: 1285.62
tLSH: 1558
tTrue: 879875
R-near neighbors: 
Query: 52
Nearest neighbor-1: 24921
distanceLSH: 1866.62
distanceTrue: 1219.93
tLSH: 1619
tTrue: 841032
R-near neighbors: 
Query: 53
Nearest neighbor-1: 43412
distanceLSH: 1454.81
distanceTrue: 1168.57
tLSH: 1678
tTrue: 837760
R-near neighbors: 
Query: 54
Nearest neighbor-1: 37549
distanceLSH: 1673.39
distanceTrue: 1242.94
tLSH: 1601
tTrue: 905907
R-near neighbors: 
Query: 55
Nearest neighbor-1: 4776
distanceLSH: 1383.39
distanceTrue: 730.933
tLSH: 1564
tTrue: 844696
R-near neighbors: 
Query: 56
Nearest neighbor-1: 9321
distanceLSH: 1599.03
distanceTrue: 1204.69
tLSH: 1540
tTrue: 858121
R-near neighbors: 
Query: 57
Nearest neighbor-1: 54544
distanceLSH: 567.245
distanceTrue: 390.574
tLSH: 1560
tTrue: 779825
R-near neighbors: 
Query: 58
Nearest neighbor-1: 1462
distanceLSH: 1409.78
distanceTrue: 875.187
tLSH: 1615
tTrue: 837650
R-near neighbors: 
Query: 59
Nearest neighbor-1: 3419
distanceLSH: 1554.21
distanceTrue: 1027.37
tLSH: 1547
tTrue: 807591
R-near neighbors: 
Query: 60
Nearest neighbor-1: 2612
distanceLSH: 1428.89
distanceTrue: 1158.07
tLSH: 1630
tTrue: 835827
R-near neighbors: 
Query: 61
Nearest neighbor-1: 51255
distanceLSH: 2685.45
distanceTrue: 1657.31
tLSH: 1635
tTrue: 857489
R-near neighbors: 
Query: 62
Nearest neighbor-1: 4146
distanceLSH: 1465.6
distanceTrue: 1042.9
tLSH: 1545
tTrue: 802704
R-near neighbors: 
Query: 63
Nearest neighbor-1: 52784
distanceLSH: 1804.65
distanceTrue: 1326.84
tLSH: 1460
tTrue: 829793
R-near neighbors: 
Query: 64
Nearest neighbor-1: 47536
distanceLSH: 1657.4
distanceTrue: 1459.39
tLSH: 1625
tTrue: 863769
R-near neighbors: 
Query: 65
Nearest neighbor-1: 31142
distanceLSH: 1359.01
distanceTrue: 1029.84
tLSH: 1639
tTrue: 794458
R-near neighbors: 
Query: 66
Nearest neighbor-1: 28968
distanceLSH: 1862.31
distanceTrue: 1254.9
tLSH: 1545
tTrue: 853709
R-near neighbors: 
Query: 67
Nearest neighbor-1: 58212
distanceLSH: 1366.68
distanceTrue: 1198.5
tLSH: 1554
tTrue: 852494
R-near neighbors: 
Query: 68
Nearest neighbor-1: 49598
distanceLSH: 2180.53
distanceTrue: 958.013
tLSH: 1631
tTrue: 838018
R-near neighbors: 
Query: 69
Nearest neighbor-1: 20886
distanceLSH: 1546.09
distanceTrue: 873.547
tLSH: 1579
tTrue: 880338
R-near neighbors: 
Query: 70
Nearest neighbor-1: 17946
distanceLSH: 1194.92
distanceTrue: 954.377
tLSH: 1524
tTrue: 829236
R-near neighbors: 
Query: 71
Nearest neighbor-1: 35432
distanceLSH: 1447.98
distanceTrue: 1013.71
tLSH: 1553
tTrue: 902312
R-near neighbors: 
Query: 72
Nearest neighbor-1: 40122
distanceLSH: 2250.4
distanceTrue: 1542.31
tLSH: 1599
tTrue: 866869
R-near neighbors: 
Query: 73
Nearest neighbor-1: 4332
distanceLSH: 1388.83
distanceTrue: 1123.18
tLSH: 1559
tTrue: 833357
R-near neighbors: 
Query: 74
Nearest neighbor-1: 39196
distanceLSH: 574.416
distanceTrue: 437.254
tLSH: 1563
tTrue: 791758
R-near neighbors: 
Query: 75
Nearest neighbor-1: 11168
distanceLSH: 1642.12
distanceTrue: 961.368
tLSH: 1601
tTrue: 826019
R-near neighbors: 
Query: 76
Nearest neighbor-1: 1218
distanceLSH: 1235.53
distanceTrue: 932.156
tLSH: 1597
tTrue: 815550
R-near neighbors: 
Query: 77
Nearest neighbor-1: 45424
distanceLSH: 2399.91
distanceTrue: 1366.16
tLSH: 1556
tTrue: 828267
R-near neighbors: 
Query: 78
Nearest neighbor-1: 35239
distanceLSH: 1255.97
distanceTrue: 981.83
tLSH: 1549
tTrue: 814762
R-near neighbors: 
Query: 79
Nearest neighbor-1: 59894
distanceLSH: 1678.22
distanceTrue: 869.289
tLSH: 1535
tTrue: 856051
R-near neighbors: 
Query: 80
Nearest neighbor-1: 2488
distanceLSH: 1404.74
distanceTrue: 1025
tLSH: 1569
tTrue: 813401
R-near neighbors: 
Query: 81
Nearest neighbor-1: 106
distanceLSH: 1424.64
distanceTrue: 1081.65
tLSH: 1526
tTrue: 836419
R-near neighbors: 
Query: 82
Nearest neighbor-1: 17973
distanceLSH: 1603.91
distanceTrue: 1252.06
tLSH: 1600
tTrue: 869698
R-near neighbors: 
Query: 83
Nearest neighbor-1: 57874
distanceLSH: 1625.72
distanceTrue: 851.563
tLSH: 1612
tTrue: 811426
R-near neighbors: 
Query: 84
Nearest neighbor-1: 43782
distanceLSH: 2509.24
distanceTrue: 1458.32
tLSH: 1591
tTrue: 863477
R-near neighbors: 
Query: 85
Nearest neighbor-1: 29513
distanceLSH: 2083.02
distanceTrue: 1312.89
tLSH: 1584
tTrue: 873040
R-near neighbors: 
Query: 86
Nearest neighbor-1: 24186
distanceLSH: 1154.36
distanceTrue: 761.512
tLSH: 1571
tTrue: 821151
R-near neighbors: 
Query: 87
Nearest neighbor-1: 17781
distanceLSH: 1929.85
distanceTrue: 1480.01
tLSH: 1602
tTrue: 849871
R-near neighbors: 
Query: 88
Nearest neighbor-1: 4430
distanceLSH: 1051.66
distanceTrue: 1051.66
tLSH: 1577
tTrue: 862334
R-near neighbors: 
Query: 89
Nearest neighbor-1: 27662
distanceLSH: 696.284
distanceTrue: 589.283
tLSH: 1575
tTrue: 795771
R-near neighbors: 
Query: 90
Nearest neighbor-1: 37470
distanceLSH: 1452.71
distanceTrue: 1081.47
tLSH: 1567
tTrue: 843419
R-near neighbors: 
Query: 91
Nearest neighbor-1: 4072
distanceLSH: 1350.59
distanceTrue: 908.08
tLSH: 1630
tTrue: 827498
R-near neighbors: 
Query: 92
Nearest neighbor-1: 28363
distanceLSH: 1662.63
distanceTrue: 1045.25
tLSH: 1522
tTrue: 812271
R-near neighbors: 
Query: 93
Nearest neighbor-1: 2087
distanceLSH: 1627.66
distanceTrue: 1173.25
tLSH: 1576
tTrue: 842090
R-near neighbors: 
Query: 94
Nearest neighbor-1: 59391
distanceLSH: 985.286
distanceTrue: 709.255
tLSH: 1582
tTrue: 804962
R-near neighbors: 
Query: 95
Nearest neighbor-1: 6301
distanceLSH: 2009.36
distanceTrue: 1653.3
tLSH: 1570
tTrue: 881602
R-near neighbors: 
Query: 96
Nearest neighbor-1: 56020
distanceLSH: 1144.37
distanceTrue: 705.661
tLSH: 1577
tTrue: 791711
R-near neighbors: 
Query: 97
Nearest neighbor-1: 34618
distanceLSH: 1790.39
distanceTrue: 1263.66
tLSH: 1595
tTrue: 847971
R-near neighbors: 
Query: 98
Nearest neighbor-1: 4150
distanceLSH: 1897.66
distanceTrue: 1122.06
tLSH: 1645
tTrue: 840643
R-near neighbors: 
Query: 99
Nearest neighbor-1: 52500
distanceLSH: 1418.09
distanceTrue: 990.712
tLSH: 1481
tTrue: 858755
R-near neighbors: 
tAverageApproximate: 1526
tAverageTrue: 835893
MAF: 2.48915
AAF: 1.46091
