Query: 0
Nearest neighbor-1: 53333
distanceLSH: 1182.79
distanceTrue: 670.112
tLSH: 306
tTrue: 811854
R-near neighbors: 
Query: 1
Nearest neighbor-1: 24010
distanceLSH: 1408.38
distanceTrue: 1162.93
tLSH: 301
tTrue: 861172
R-near neighbors: 
Query: 2
Nearest neighbor-1: 276
distanceLSH: 680.469
distanceTrue: 321.663
tLSH: 276
tTrue: 782563
R-near neighbors: 
Query: 3
Nearest neighbor-1: 21082
distanceLSH: 1691.25
distanceTrue: 1221.58
tLSH: 313
tTrue: 867824
R-near neighbors: 
Query: 4
Nearest neighbor-1: 14592
distanceLSH: 1545.17
distanceTrue: 1092.53
tLSH: 328
tTrue: 831099
R-near neighbors: 
Query: 5
Nearest neighbor-1: 25779
distanceLSH: 743.721
distanceTrue: 298.124
tLSH: 311
tTrue: 794284
R-near neighbors: 
Query: 6
Nearest neighbor-1: 50314
distanceLSH: 1790.58
distanceTrue: 1302.71
tLSH: 265
tTrue: 838089
R-near neighbors: 
Query: 7
Nearest neighbor-1: 2696
distanceLSH: 1794.08
distanceTrue: 1249.16
tLSH: 268
tTrue: 830490
R-near neighbors: 
Query: 8
Nearest neighbor-1: 57295
distanceLSH: 2490.12
distanceTrue: 1735.34
tLSH: 276
tTrue: 860903
R-near neighbors: 
Query: 9
Nearest neighbor-1: 1205
distanceLSH: 1628.5
distanceTrue: 985.211
tLSH: 307
tTrue: 847504
R-near neighbors: 
Query: 10
Nearest neighbor-1: 21454
distanceLSH: 2247.97
distanceTrue: 1100.89
tLSH: 276
tTrue: 876296
R-near neighbors: 
Query: 11
Nearest neighbor-1: 21241
distanceLSH: 2151.2
distanceTrue: 1464.38
tLSH: 254
tTrue: 871009
R-near neighbors: 
Query: 12
Nearest neighbor-1: 25575
distanceLSH: 1408.65
distanceTrue: 804.688
tLSH: 270
tTrue: 820323
R-near neighbors: 
Query: 13
Nearest neighbor-1: 56626
distanceLSH: 946.589
distanceTrue: 896.576
tLSH: 256
tTrue: 866759
R-near neighbors: 
Query: 14
Nearest neighbor-1: 25899
distanceLSH: 1018.1
distanceTrue: 621.283
tLSH: 268
tTrue: 786586
R-near neighbors: 
Query: 15
Nearest neighbor-1: 34362
distanceLSH: 2057.21
distanceTrue: 1416.47
tLSH: 288
tTrue: 850990
R-near neighbors: 
Query: 16
Nearest neighbor-1: 12028
distanceLSH: 1663.13
distanceTrue: 881.039
tLSH: 290
tTrue: 837723
R-near neighbors: 
Query: 17
Nearest neighbor-1: 47253
distanceLSH: 1812.4
distanceTrue: 778.145
tLSH: 278
tTrue: 828222
R-near neighbors: 
Query: 18
Nearest neighbor-1: 14673
distanceLSH: 1910.01
distanceTrue: 1634.4
tLSH: 287
tTrue: 902838
R-near neighbors: 
Query: 19
Nearest neighbor-1: 45724
distanceLSH: 1376.98
distanceTrue: 912.137
tLSH: 252
tTrue: 810742
R-near neighbors: 
Query: 20
Nearest neighbor-1: 51209
distanceLSH: 1302.4
distanceTrue: 945.913
tLSH: 297
tTrue: 833329
R-near neighbors: 
Query: 21
Nearest neighbor-1: 4078
distanceLSH: 1654.4
distanceTrue: 951.667
tLSH: 270
tTrue: 825904
R-near neighbors: 
Query: 22
Nearest neighbor-1: 4817
distanceLSH: 2112.82
distanceTrue: 1211.48
tLSH: 321
tTrue: 845447
R-near neighbors: 
Query: 23
Nearest neighbor-1: 54862
distanceLSH: 1825.71
distanceTrue: 1212.81
tLSH: 276
tTrue: 829369
R-near neighbors: 
Query: 24
Nearest neighbor-1: 44396
distanceLSH: 1500.91
distanceTrue: 1114.46
tLSH: 271
tTrue: 812431
R-near neighbors: 
Query: 25
Nearest neighbor-1: 26713
distanceLSH: 2303.6
distanceTrue: 1388.34
tLSH: 286
tTrue: 929898
R-near neighbors: 
Query: 26
Nearest neighbor-1: 56272
distanceLSH: 1629.44
distanceTrue: 915.757
tLSH: 296
tTrue: 808345
R-near neighbors: 
Query: 27
Nearest neighbor-1: 36190
distanceLSH: 1622.34
distanceTrue: 1039.88
tLSH: 279
tTrue: 825111
R-near neighbors: 
Query: 28
Nearest neighbor-1: 244
distanceLSH: 2060.61
distanceTrue: 1153.52
tLSH: 293
tTrue: 875806
R-near neighbors: 
Query: 29
Nearest neighbor-1: 25918
distanceLSH: 1046.07
distanceTrue: 489.344
tLSH: 273
tTrue: 786091
R-near neighbors: 
Query: 30
Nearest neighbor-1: 54249
distanceLSH: 1515.81
distanceTrue: 1217.13
tLSH: 277
tTrue: 825403
R-near neighbors: 
Query: 31
Nearest neighbor-1: 50055
distanceLSH: 1096.73
distanceTrue: 431.441
tLSH: 311
tTrue: 782004
R-near neighbors: 
Query: 32
Nearest neighbor-1: 46208
distanceLSH: 1751.8
distanceTrue: 804.497
tLSH: 277
tTrue: 840605
R-near neighbors: 
Query: 33
Nearest neighbor-1: 53917
distanceLSH: 2120.01
distanceTrue: 1384.31
tLSH: 273
tTrue: 879851
R-near neighbors: 
Query: 34
Nearest neighbor-1: 59915
distanceLSH: 1666.36
distanceTrue: 804.335
tLSH: 288
tTrue: 890200
R-near neighbors: 
Query: 35
Nearest neighbor-1: 25147
distanceLSH: 1877.54
distanceTrue: 1530.99
tLSH: 286
tTrue: 875049
R-near neighbors: 
Query: 36
Nearest neighbor-1: 15818
distanceLSH: 1334.63
distanceTrue: 1238.68
tLSH: 289
tTrue: 833033
R-near neighbors: 
Query: 37
Nearest neighbor-1: 51252
distanceLSH: 842.849
distanceTrue: 321.93
tLSH: 301
tTrue: 792315
R-near neighbors: 
Query: 38
Nearest neighbor-1: 48658
distanceLSH: 1842.59
distanceTrue: 1280.14
tLSH: 326
tTrue: 830295
R-near neighbors: 
Query: 39
Nearest neighbor-1: 23612
distanceLSH: 924.566
distanceTrue: 480.162
tLSH: 295
tTrue: 799245
R-near neighbors: 
Query: 40
Nearest neighbor-1: 37196
distanceLSH: 1011.48
distanceTrue: 439.772
tLSH: 302
tTrue: 776096
R-near neighbors: 
Query: 41
Nearest neighbor-1: 14898
distanceLSH: 1697.28
distanceTrue: 1007.95
tLSH: 328
tTrue: 806156
R-near neighbors: 
Query: 42
Nearest neighbor-1: 48379
distanceLSH: 1486.12
distanceTrue: 1040.68
tLSH: 261
tTrue: 838935
R-near neighbors: 
Query: 43
Nearest neighbor-1: 23567
distanceLSH: 1975.93
distanceTrue: 1500.39
tLSH: 278
tTrue: 823204
R-near neighbors: 
Query: 44
Nearest neighbor-1: 15322
distanceLSH: 1611.5
distanceTrue: 1131.74
tLSH: 293
tTrue: 811877
R-near neighbors: 
Query: 45
Nearest neighbor-1: 33000
distanceLSH: 1562.85
distanceTrue: 1263.78
tLSH: 303
tTrue: 834841
R-near neighbors: 
Query: 46
Nearest neighbor-1: 39830
distanceLSH: 1277.16
distanceTrue: 635.8
tLSH: 295
tTrue: 822394
R-near neighbors: 
Query: 47
Nearest neighbor-1: 16
distanceLSH: 2223.24
distanceTrue: 1312.14
tLSH: 301
tTrue: 835881
R-near neighbors: 
Query: 48
Nearest neighbor-1: 36720
distanceLSH: 2155.03
distanceTrue: 1272.27
tLSH: 244
tTrue: 875056
R-near neighbors: 
Query: 49
Nearest neighbor-1: 18026
distanceLSH: 1888.46
distanceTrue: 1054.42
tLSH: 257
tTrue: 853584
R-near neighbors: 
Query: 50
Nearest neighbor-1: 11871
distanceLSH: 1314.92
distanceTrue: 953.655
tLSH: 275
tTrue: 821937
R-near neighbors: 
Query: 51
Nearest neighbor-1: 27420
distanceLSH: 2469.26
distanceTrue: 1285.62
tLSH: 302
tTrue: 882064
R-near neighbors: 
Query: 52
Nearest neighbor-1: 12561
distanceLSH: 1648.26
distanceTrue: 1219.93
tLSH: 334
tTrue: 844554
R-near neighbors: 
Query: 53
Nearest neighbor-1: 38698
distanceLSH: 2208.8
distanceTrue: 1168.57
tLSH: 316
tTrue: 838493
R-near neighbors: 
Query: 54
Nearest neighbor-1: 47840
distanceLSH: 2263.7
distanceTrue: 1242.94
tLSH: 319
tTrue: 905853
R-near neighbors: 
Query: 55
Nearest neighbor-1: 41060
distanceLSH: 1856.29
distanceTrue: 730.933
tLSH: 256
tTrue: 846703
R-near neighbors: 
Query: 56
Nearest neighbor-1: 926
distanceLSH: 1935.42
distanceTrue: 1204.69
tLSH: 274
tTrue: 856351
R-near neighbors: 
Query: 57
Nearest neighbor-1: 54259
distanceLSH: 781.354
distanceTrue: 390.574
tLSH: 302
tTrue: 781087
R-near neighbors: 
Query: 58
Nearest neighbor-1: 38467
distanceLSH: 1492.64
distanceTrue: 875.187
tLSH: 294
tTrue: 837398
R-near neighbors: 
Query: 59
Nearest neighbor-1: 13699
distanceLSH: 1656.25
distanceTrue: 1027.37
tLSH: 302
tTrue: 809977
R-near neighbors: 
Query: 60
Nearest neighbor-1: 5812
distanceLSH: 2359.04
distanceTrue: 1158.07
tLSH: 273
tTrue: 834847
R-near neighbors: 
Query: 61
Nearest neighbor-1: 7257
distanceLSH: 2005.97
distanceTrue: 1657.31
tLSH: 303
tTrue: 854830
R-near neighbors: 
Query: 62
Nearest neighbor-1: 33726
distanceLSH: 1290.69
distanceTrue: 1042.9
tLSH: 278
tTrue: 802450
R-near neighbors: 
Query: 63
Nearest neighbor-1: 48294
distanceLSH: 1997.76
distanceTrue: 1326.84
tLSH: 286
tTrue: 825575
R-near neighbors: 
Query: 64
Nearest neighbor-1: 14475
distanceLSH: 1603.54
distanceTrue: 1459.39
tLSH: 301
tTrue: 861124
R-near neighbors: 
Query: 65
Nearest neighbor-1: 27433
distanceLSH: 1579.84
distanceTrue: 1029.84
tLSH: 300
tTrue: 795750
R-near neighbors: 
Query: 66
Nearest neighbor-1: 37509
distanceLSH: 2086.16
distanceTrue: 1254.9
tLSH: 302
tTrue: 856441
R-near neighbors: 
Query: 67
Nearest neighbor-1: 45086
distanceLSH: 2035.68
distanceTrue: 1198.5
tLSH: 260
tTrue: 847634
R-near neighbors: 
Query: 68
Nearest neighbor-1: 9448
distanceLSH: 1642.93
distanceTrue: 958.013
tLSH: 303
tTrue: 839368
R-near neighbors: 
Query: 69
Nearest neighbor-1: 54108
distanceLSH: 1342.66
distanceTrue: 873.547
tLSH: 301
tTrue: 881837
R-near neighbors: 
Query: 70
Nearest neighbor-1: 45411
distanceLSH: 1687.88
distanceTrue: 954.377
tLSH: 264
tTrue: 830264
R-near neighbors: 
Query: 71
Nearest neighbor-1: 59477
distanceLSH: 1313.22
distanceTrue: 1013.71
tLSH: 341
tTrue: 903983
R-near neighbors: 
Query: 72
Nearest neighbor-1: 24794
distanceLSH: 1611.7
distanceTrue: 1542.31
tLSH: 296
tTrue: 866307
R-near neighbors: 
Query: 73
Nearest neighbor-1: 32888
distanceLSH: 1704.96
distanceTrue: 1123.18
tLSH: 331
tTrue: 833916
R-near neighbors: 
Query: 74
Nearest neighbor-1: 31839
distanceLSH: 942.788
distanceTrue: 437.254
tLSH: 299
tTrue: 791752
R-near neighbors: 
Query: 75
Nearest neighbor-1: 55882
distanceLSH: 1673.07
distanceTrue: 961.368
tLSH: 319
tTrue: 825695
R-near neighbors: 
Query: 76
Nearest neighbor-1: 21559
distanceLSH: 1659.47
distanceTrue: 932.156
tLSH: 270
tTrue: 815598
R-near neighbors: 
Query: 77
Nearest neighbor-1: 45964
distanceLSH: 2015.51
distanceTrue: 1366.16
tLSH: 274
tTrue: 828419
R-near neighbors: 
Query: 78
Nearest neighbor-1: 47863
distanceLSH: 1814.93
distanceTrue: 981.83
tLSH: 293
tTrue: 815427
R-near neighbors: 
Query: 79
Nearest neighbor-1: 1417
distanceLSH: 1696.83
distanceTrue: 869.289
tLSH: 265
tTrue: 860292
R-near neighbors: 
Query: 80
Nearest neighbor-1: 10810
distanceLSH: 1323.26
distanceTrue: 1025
tLSH: 302
tTrue: 811628
R-near neighbors: 
Query: 81
Nearest neighbor-1: 57122
distanceLSH: 1379.58
distanceTrue: 1081.65
tLSH: 306
tTrue: 836953
R-near neighbors: 
Query: 82
Nearest neighbor-1: 28095
distanceLSH: 1526.17
distanceTrue: 1252.06
tLSH: 319
tTrue: 871397
R-near neighbors: 
Query: 83
Nearest neighbor-1: 35735
distanceLSH: 1353.7
distanceTrue: 851.563
tLSH: 281
tTrue: 811384
R-near neighbors: 
Query: 84
Nearest neighbor-1: 11118
distanceLSH: 2041.78
distanceTrue: 1458.32
tLSH: 326
tTrue: 864734
R-near neighbors: 
Query: 85
Nearest neighbor-1: 26015
distanceLSH: 1379.69
distanceTrue: 1312.89
tLSH: 269
tTrue: 873744
R-near neighbors: 
Query: 86
Nearest neighbor-1: 43108
distanceLSH: 927.383
distanceTrue: 761.512
tLSH: 273
tTrue: 819802
R-near neighbors: 
Query: 87
Nearest neighbor-1: 35766
distanceLSH: 2243.06
distanceTrue: 1480.01
tLSH: 291
tTrue: 850570
R-near neighbors: 
Query: 88
Nearest neighbor-1: 23898
distanceLSH: 1840.07
distanceTrue: 1051.66
tLSH: 309
tTrue: 864169
R-near neighbors: 
Query: 89
Nearest neighbor-1: 48079
distanceLSH: 1098.2
distanceTrue: 589.283
tLSH: 253
tTrue: 796447
R-near neighbors: 
Query: 90
Nearest neighbor-1: 15007
distanceLSH: 1359.8
distanceTrue: 1081.47
tLSH: 296
tTrue: 842737
R-near neighbors: 
Query: 91
Nearest neighbor-1: 48740
distanceLSH: 1106.09
distanceTrue: 908.08
tLSH: 284
tTrue: 828654
R-near neighbors: 
Query: 92
Nearest neighbor-1: 35259
distanceLSH: 1518.55
distanceTrue: 1045.25
tLSH: 324
tTrue: 811692
R-near neighbors: 
Query: 93
Nearest neighbor-1: 19977
distanceLSH: 2108.24
distanceTrue: 1173.25
tLSH: 273
tTrue: 843081
R-near neighbors: 
Query: 94
Nearest neighbor-1: 14119
distanceLSH: 1096.25
distanceTrue: 709.255
tLSH: 280
tTrue: 805835
R-near neighbors: 
Query: 95
Nearest neighbor-1: 6061
distanceLSH: 1922.3
distanceTrue: 1653.3
tLSH: 286
tTrue: 884077
R-near neighbors: 
Query: 96
Nearest neighbor-1: 36618
distanceLSH: 1312.6
distanceTrue: 705.661
tLSH: 315
tTrue: 790126
R-near neighbors: 
Query: 97
Nearest neighbor-1: 50860
distanceLSH: 2403.68
distanceTrue: 1263.66
tLSH: 309
tTrue: 847393
R-near neighbors: 
Query: 98
Nearest neighbor-1: 232
distanceLSH: 1915.47
distanceTrue: 1122.06
tLSH: 287
tTrue: 840128
R-near neighbors: 
Query: 99
Nearest neighbor-1: 42574
distanceLSH: 1814.44
distanceTrue: 990.712
tLSH: 298
tTrue: 858536
R-near neighbors: 
tAverageApproximate: 237
tAverageTrue: 837189
MAF: 2.61811
AAF: 1.63203
