Query: 0
Nearest neighbor-1: 16186
distanceLSH: 805.623
distanceTrue: 670.112
tLSH: 10019
tTrue: 813039
R-near neighbors: 
Query: 1
Nearest neighbor-1: 38108
distanceLSH: 2002.27
distanceTrue: 1162.93
tLSH: 10077
tTrue: 861922
R-near neighbors: 
Query: 2
Nearest neighbor-1: 15224
distanceLSH: 341.048
distanceTrue: 321.663
tLSH: 10085
tTrue: 782451
R-near neighbors: 
Query: 3
Nearest neighbor-1: 26438
distanceLSH: 1423.1
distanceTrue: 1221.58
tLSH: 10103
tTrue: 865404
R-near neighbors: 
Query: 4
Nearest neighbor-1: 40600
distanceLSH: 1288.21
distanceTrue: 1092.53
tLSH: 10041
tTrue: 832790
R-near neighbors: 
Query: 5
Nearest neighbor-1: 14154
distanceLSH: 444.887
distanceTrue: 298.124
tLSH: 10036
tTrue: 792116
R-near neighbors: 
Query: 6
Nearest neighbor-1: 46402
distanceLSH: 1592.8
distanceTrue: 1302.71
tLSH: 10095
tTrue: 840431
R-near neighbors: 
Query: 7
Nearest neighbor-1: 14843
distanceLSH: 1767.93
distanceTrue: 1249.16
tLSH: 10086
tTrue: 832494
R-near neighbors: 
Query: 8
Nearest neighbor-1: 35628
distanceLSH: 1739.14
distanceTrue: 1735.34
tLSH: 10194
tTrue: 860367
R-near neighbors: 
Query: 9
Nearest neighbor-1: 34981
distanceLSH: 1569.04
distanceTrue: 985.211
tLSH: 9983
tTrue: 849233
R-near neighbors: 
Query: 10
Nearest neighbor-1: 53536
distanceLSH: 1269.33
distanceTrue: 1100.89
tLSH: 10015
tTrue: 881162
R-near neighbors: 
Query: 11
Nearest neighbor-1: 25665
distanceLSH: 1911.44
distanceTrue: 1464.38
tLSH: 10009
tTrue: 871992
R-near neighbors: 
Query: 12
Nearest neighbor-1: 1743
distanceLSH: 974.188
distanceTrue: 804.688
tLSH: 10041
tTrue: 820881
R-near neighbors: 
Query: 13
Nearest neighbor-1: 13196
distanceLSH: 1146.27
distanceTrue: 896.576
tLSH: 10235
tTrue: 866942
R-near neighbors: 
Query: 14
Nearest neighbor-1: 47502
distanceLSH: 652.529
distanceTrue: 621.283
tLSH: 10174
tTrue: 785824
R-near neighbors: 
Query: 15
Nearest neighbor-1: 38066
distanceLSH: 1610.72
distanceTrue: 1416.47
tLSH: 10191
tTrue: 850767
R-near neighbors: 
Query: 16
Nearest neighbor-1: 44469
distanceLSH: 1308.05
distanceTrue: 881.039
tLSH: 9984
tTrue: 838502
R-near neighbors: 
Query: 17
Nearest neighbor-1: 43202
distanceLSH: 890.981
distanceTrue: 778.145
tLSH: 10152
tTrue: 828258
R-near neighbors: 
Query: 18
Nearest neighbor-1: 39100
distanceLSH: 1720.64
distanceTrue: 1634.4
tLSH: 10045
tTrue: 900344
R-near neighbors: 
Query: 19
Nearest neighbor-1: 56758
distanceLSH: 1195.22
distanceTrue: 912.137
tLSH: 10102
tTrue: 810771
R-near neighbors: 
Query: 20
Nearest neighbor-1: 47517
distanceLSH: 1243
distanceTrue: 945.913
tLSH: 10115
tTrue: 832918
R-near neighbors: 
Query: 21
Nearest neighbor-1: 18430
distanceLSH: 951.667
distanceTrue: 951.667
tLSH: 9955
tTrue: 826067
R-near neighbors: 
Query: 22
Nearest neighbor-1: 27090
distanceLSH: 1491.54
distanceTrue: 1211.48
tLSH: 10179
tTrue: 845806
R-near neighbors: 
Query: 23
Nearest neighbor-1: 35915
distanceLSH: 1440.57
distanceTrue: 1212.81
tLSH: 10094
tTrue: 827728
R-near neighbors: 
Query: 24
Nearest neighbor-1: 24514
distanceLSH: 1463.67
distanceTrue: 1114.46
tLSH: 10053
tTrue: 813743
R-near neighbors: 
Query: 25
Nearest neighbor-1: 28203
distanceLSH: 1388.34
distanceTrue: 1388.34
tLSH: 9948
tTrue: 930854
R-near neighbors: 
Query: 26
Nearest neighbor-1: 56483
distanceLSH: 1046.11
distanceTrue: 915.757
tLSH: 10171
tTrue: 809133
R-near neighbors: 
Query: 27
Nearest neighbor-1: 18730
distanceLSH: 1276.65
distanceTrue: 1039.88
tLSH: 10099
tTrue: 826311
R-near neighbors: 
Query: 28
Nearest neighbor-1: 24893
distanceLSH: 1198.48
distanceTrue: 1153.52
tLSH: 10008
tTrue: 875041
R-near neighbors: 
Query: 29
Nearest neighbor-1: 46575
distanceLSH: 540.132
distanceTrue: 489.344
tLSH: 10048
tTrue: 786908
R-near neighbors: 
Query: 30
Nearest neighbor-1: 47876
distanceLSH: 1464.66
distanceTrue: 1217.13
tLSH: 10145
tTrue: 826640
R-near neighbors: 
Query: 31
Nearest neighbor-1: 47222
distanceLSH: 615.959
distanceTrue: 431.441
tLSH: 10034
tTrue: 783221
R-near neighbors: 
Query: 32
Nearest neighbor-1: 51142
distanceLSH: 804.497
distanceTrue: 804.497
tLSH: 10020
tTrue: 840719
R-near neighbors: 
Query: 33
Nearest neighbor-1: 9574
distanceLSH: 2613.94
distanceTrue: 1384.31
tLSH: 10122
tTrue: 879688
R-near neighbors: 
Query: 34
Nearest neighbor-1: 19153
distanceLSH: 804.335
distanceTrue: 804.335
tLSH: 9933
tTrue: 835537
R-near neighbors: 
Query: 35
Nearest neighbor-1: 2171
distanceLSH: 2134.8
distanceTrue: 1530.99
tLSH: 9990
tTrue: 873672
R-near neighbors: 
Query: 36
Nearest neighbor-1: 32643
distanceLSH: 1332.24
distanceTrue: 1238.68
tLSH: 9989
tTrue: 829974
R-near neighbors: 
Query: 37
Nearest neighbor-1: 29448
distanceLSH: 632.93
distanceTrue: 321.93
tLSH: 10004
tTrue: 791500
R-near neighbors: 
Query: 38
Nearest neighbor-1: 15878
distanceLSH: 1946.83
distanceTrue: 1280.14
tLSH: 10022
tTrue: 829766
R-near neighbors: 
Query: 39
Nearest neighbor-1: 10290
distanceLSH: 593.083
distanceTrue: 480.162
tLSH: 9982
tTrue: 798217
R-near neighbors: 
Query: 40
Nearest neighbor-1: 33516
distanceLSH: 716.441
distanceTrue: 439.772
tLSH: 10035
tTrue: 774586
R-near neighbors: 
Query: 41
Nearest neighbor-1: 31523
distanceLSH: 1197.24
distanceTrue: 1007.95
tLSH: 10178
tTrue: 808548
R-near neighbors: 
Query: 42
Nearest neighbor-1: 54617
distanceLSH: 1308.5
distanceTrue: 1040.68
tLSH: 10173
tTrue: 829503
R-near neighbors: 
Query: 43
Nearest neighbor-1: 10707
distanceLSH: 1884.21
distanceTrue: 1500.39
tLSH: 9959
tTrue: 815074
R-near neighbors: 
Query: 44
Nearest neighbor-1: 6500
distanceLSH: 1379.45
distanceTrue: 1131.74
tLSH: 10152
tTrue: 810294
R-near neighbors: 
Query: 45
Nearest neighbor-1: 37558
distanceLSH: 1518.37
distanceTrue: 1263.78
tLSH: 10261
tTrue: 830573
R-near neighbors: 
Query: 46
Nearest neighbor-1: 22173
distanceLSH: 788.759
distanceTrue: 635.8
tLSH: 10007
tTrue: 807983
R-near neighbors: 
Query: 47
Nearest neighbor-1: 17078
distanceLSH: 1490.99
distanceTrue: 1312.14
tLSH: 10001
tTrue: 830408
R-near neighbors: 
Query: 48
Nearest neighbor-1: 52467
distanceLSH: 1607.46
distanceTrue: 1272.27
tLSH: 10131
tTrue: 871627
R-near neighbors: 
Query: 49
Nearest neighbor-1: 36552
distanceLSH: 1306.49
distanceTrue: 1054.42
tLSH: 10088
tTrue: 846409
R-near neighbors: 
Query: 50
Nearest neighbor-1: 34535
distanceLSH: 969.523
distanceTrue: 953.655
tLSH: 9905
tTrue: 820915
R-near neighbors: 
Query: 51
Nearest neighbor-1: 19921
distanceLSH: 1704.84
distanceTrue: 1285.62
tLSH: 9948
tTrue: 880161
R-near neighbors: 
Query: 52
Nearest neighbor-1: 41752
distanceLSH: 1627.92
distanceTrue: 1219.93
tLSH: 10069
tTrue: 841718
R-near neighbors: 
Query: 53
Nearest neighbor-1: 6980
distanceLSH: 2023.61
distanceTrue: 1168.57
tLSH: 10121
tTrue: 838867
R-near neighbors: 
Query: 54
Nearest neighbor-1: 37549
distanceLSH: 1673.39
distanceTrue: 1242.94
tLSH: 9912
tTrue: 906908
R-near neighbors: 
Query: 55
Nearest neighbor-1: 19104
distanceLSH: 1134.65
distanceTrue: 730.933
tLSH: 10085
tTrue: 847431
R-near neighbors: 
Query: 56
Nearest neighbor-1: 38270
distanceLSH: 1524.38
distanceTrue: 1204.69
tLSH: 10036
tTrue: 858584
R-near neighbors: 
Query: 57
Nearest neighbor-1: 38985
distanceLSH: 471.741
distanceTrue: 390.574
tLSH: 10003
tTrue: 781561
R-near neighbors: 
Query: 58
Nearest neighbor-1: 37457
distanceLSH: 909.043
distanceTrue: 875.187
tLSH: 10004
tTrue: 838369
R-near neighbors: 
Query: 59
Nearest neighbor-1: 34276
distanceLSH: 1652.24
distanceTrue: 1027.37
tLSH: 10026
tTrue: 810094
R-near neighbors: 
Query: 60
Nearest neighbor-1: 24682
distanceLSH: 1528.27
distanceTrue: 1158.07
tLSH: 9997
tTrue: 834370
R-near neighbors: 
Query: 61
Nearest neighbor-1: 46293
distanceLSH: 1847.27
distanceTrue: 1657.31
tLSH: 10052
tTrue: 855581
R-near neighbors: 
Query: 62
Nearest neighbor-1: 45626
distanceLSH: 1486.09
distanceTrue: 1042.9
tLSH: 10061
tTrue: 803723
R-near neighbors: 
Query: 63
Nearest neighbor-1: 42254
distanceLSH: 2222.55
distanceTrue: 1326.84
tLSH: 10006
tTrue: 827548
R-near neighbors: 
Query: 64
Nearest neighbor-1: 12979
distanceLSH: 1955.28
distanceTrue: 1459.39
tLSH: 10022
tTrue: 861236
R-near neighbors: 
Query: 65
Nearest neighbor-1: 5880
distanceLSH: 1221.39
distanceTrue: 1029.84
tLSH: 10151
tTrue: 796328
R-near neighbors: 
Query: 66
Nearest neighbor-1: 45755
distanceLSH: 1720.87
distanceTrue: 1254.9
tLSH: 10116
tTrue: 855785
R-near neighbors: 
Query: 67
Nearest neighbor-1: 54770
distanceLSH: 1781.34
distanceTrue: 1198.5
tLSH: 10119
tTrue: 848563
R-near neighbors: 
Query: 68
Nearest neighbor-1: 54845
distanceLSH: 1546.26
distanceTrue: 958.013
tLSH: 10114
tTrue: 884666
R-near neighbors: 
Query: 69
Nearest neighbor-1: 27280
distanceLSH: 1030.27
distanceTrue: 873.547
tLSH: 10179
tTrue: 881972
R-near neighbors: 
Query: 70
Nearest neighbor-1: 52732
distanceLSH: 1009.45
distanceTrue: 954.377
tLSH: 10099
tTrue: 830895
R-near neighbors: 
Query: 71
Nearest neighbor-1: 30413
distanceLSH: 1237.02
distanceTrue: 1013.71
tLSH: 10062
tTrue: 902005
R-near neighbors: 
Query: 72
Nearest neighbor-1: 57953
distanceLSH: 1569.42
distanceTrue: 1542.31
tLSH: 10156
tTrue: 867939
R-near neighbors: 
Query: 73
Nearest neighbor-1: 8321
distanceLSH: 1448.19
distanceTrue: 1123.18
tLSH: 10078
tTrue: 835426
R-near neighbors: 
Query: 74
Nearest neighbor-1: 48902
distanceLSH: 677.286
distanceTrue: 437.254
tLSH: 10008
tTrue: 794707
R-near neighbors: 
Query: 75
Nearest neighbor-1: 40911
distanceLSH: 1739.75
distanceTrue: 961.368
tLSH: 10117
tTrue: 827379
R-near neighbors: 
Query: 76
Nearest neighbor-1: 13660
distanceLSH: 1418.31
distanceTrue: 932.156
tLSH: 10147
tTrue: 816890
R-near neighbors: 
Query: 77
Nearest neighbor-1: 30228
distanceLSH: 2023.72
distanceTrue: 1366.16
tLSH: 10161
tTrue: 827743
R-near neighbors: 
Query: 78
Nearest neighbor-1: 42993
distanceLSH: 1250.29
distanceTrue: 981.83
tLSH: 10028
tTrue: 814599
R-near neighbors: 
Query: 79
Nearest neighbor-1: 51203
distanceLSH: 1024.8
distanceTrue: 869.289
tLSH: 10048
tTrue: 857675
R-near neighbors: 
Query: 80
Nearest neighbor-1: 51430
distanceLSH: 1522.17
distanceTrue: 1025
tLSH: 10109
tTrue: 813997
R-near neighbors: 
Query: 81
Nearest neighbor-1: 4666
distanceLSH: 1473.84
distanceTrue: 1081.65
tLSH: 10148
tTrue: 838782
R-near neighbors: 
Query: 82
Nearest neighbor-1: 17973
distanceLSH: 1603.91
distanceTrue: 1252.06
tLSH: 10038
tTrue: 871528
R-near neighbors: 
Query: 83
Nearest neighbor-1: 25797
distanceLSH: 1275.03
distanceTrue: 851.563
tLSH: 10100
tTrue: 812557
R-near neighbors: 
Query: 84
Nearest neighbor-1: 15236
distanceLSH: 1956.25
distanceTrue: 1458.32
tLSH: 10107
tTrue: 866213
R-near neighbors: 
Query: 85
Nearest neighbor-1: 9632
distanceLSH: 1757.69
distanceTrue: 1312.89
tLSH: 10002
tTrue: 873814
R-near neighbors: 
Query: 86
Nearest neighbor-1: 18002
distanceLSH: 1340.52
distanceTrue: 761.512
tLSH: 10072
tTrue: 823312
R-near neighbors: 
Query: 87
Nearest neighbor-1: 51474
distanceLSH: 1706.71
distanceTrue: 1480.01
tLSH: 10080
tTrue: 851503
R-near neighbors: 
Query: 88
Nearest neighbor-1: 38730
distanceLSH: 1119.61
distanceTrue: 1051.66
tLSH: 10115
tTrue: 865992
R-near neighbors: 
Query: 89
Nearest neighbor-1: 54773
distanceLSH: 678.832
distanceTrue: 589.283
tLSH: 10051
tTrue: 796515
R-near neighbors: 
Query: 90
Nearest neighbor-1: 59914
distanceLSH: 1449.86
distanceTrue: 1081.47
tLSH: 10094
tTrue: 843441
R-near neighbors: 
Query: 91
Nearest neighbor-1: 11158
distanceLSH: 1173.72
distanceTrue: 908.08
tLSH: 10028
tTrue: 827246
R-near neighbors: 
Query: 92
Nearest neighbor-1: 7077
distanceLSH: 1427.22
distanceTrue: 1045.25
tLSH: 10074
tTrue: 814300
R-near neighbors: 
Query: 93
Nearest neighbor-1: 37197
distanceLSH: 1287.68
distanceTrue: 1173.25
tLSH: 9939
tTrue: 845744
R-near neighbors: 
Query: 94
Nearest neighbor-1: 47446
distanceLSH: 912.892
distanceTrue: 709.255
tLSH: 9987
tTrue: 808458
R-near neighbors: 
Query: 95
Nearest neighbor-1: 8495
distanceLSH: 1944.88
distanceTrue: 1653.3
tLSH: 10118
tTrue: 883526
R-near neighbors: 
Query: 96
Nearest neighbor-1: 27474
distanceLSH: 757.53
distanceTrue: 705.661
tLSH: 10102
tTrue: 793254
R-near neighbors: 
Query: 97
Nearest neighbor-1: 43912
distanceLSH: 1564.32
distanceTrue: 1263.66
tLSH: 10173
tTrue: 849092
R-near neighbors: 
Query: 98
Nearest neighbor-1: 4150
distanceLSH: 1897.66
distanceTrue: 1122.06
tLSH: 10242
tTrue: 843214
R-near neighbors: 
Query: 99
Nearest neighbor-1: 9167
distanceLSH: 1495.13
distanceTrue: 990.712
tLSH: 10097
tTrue: 859092
R-near neighbors: 
tAverageApproximate: 10024
tAverageTrue: 837006
MAF: 1.96605
AAF: 1.30126
