Query: 0
Nearest neighbor-1: 40222
distanceLSH: 1292.84
distanceTrue: 670.112
tLSH: 2112
tTrue: 813524
R-near neighbors: 
Query: 1
Nearest neighbor-1: 20944
distanceLSH: 1854.7
distanceTrue: 1162.93
tLSH: 2076
tTrue: 862155
R-near neighbors: 
Query: 2
Nearest neighbor-1: 40362
distanceLSH: 467.535
distanceTrue: 321.663
tLSH: 2091
tTrue: 782621
R-near neighbors: 
Query: 3
Nearest neighbor-1: 56429
distanceLSH: 1445.78
distanceTrue: 1221.58
tLSH: 2096
tTrue: 865581
R-near neighbors: 
Query: 4
Nearest neighbor-1: 48056
distanceLSH: 1468.1
distanceTrue: 1092.53
tLSH: 2012
tTrue: 831123
R-near neighbors: 
Query: 5
Nearest neighbor-1: 13106
distanceLSH: 603.145
distanceTrue: 298.124
tLSH: 1957
tTrue: 790905
R-near neighbors: 
Query: 6
Nearest neighbor-1: 18279
distanceLSH: 1302.71
distanceTrue: 1302.71
tLSH: 2196
tTrue: 840240
R-near neighbors: 
Query: 7
Nearest neighbor-1: 16734
distanceLSH: 1755.67
distanceTrue: 1249.16
tLSH: 2052
tTrue: 829215
R-near neighbors: 
Query: 8
Nearest neighbor-1: 54880
distanceLSH: 1930.09
distanceTrue: 1735.34
tLSH: 2074
tTrue: 859223
R-near neighbors: 
Query: 9
Nearest neighbor-1: 44357
distanceLSH: 1480.54
distanceTrue: 985.211
tLSH: 2026
tTrue: 850669
R-near neighbors: 
Query: 10
Nearest neighbor-1: 50628
distanceLSH: 1143.42
distanceTrue: 1100.89
tLSH: 2085
tTrue: 876553
R-near neighbors: 
Query: 11
Nearest neighbor-1: 11678
distanceLSH: 1936.14
distanceTrue: 1464.38
tLSH: 2036
tTrue: 870855
R-near neighbors: 
Query: 12
Nearest neighbor-1: 17445
distanceLSH: 1364.23
distanceTrue: 804.688
tLSH: 2108
tTrue: 822504
R-near neighbors: 
Query: 13
Nearest neighbor-1: 8158
distanceLSH: 1320.75
distanceTrue: 896.576
tLSH: 2031
tTrue: 864796
R-near neighbors: 
Query: 14
Nearest neighbor-1: 36426
distanceLSH: 754.914
distanceTrue: 621.283
tLSH: 2063
tTrue: 785441
R-near neighbors: 
Query: 15
Nearest neighbor-1: 7595
distanceLSH: 1943.58
distanceTrue: 1416.47
tLSH: 2095
tTrue: 849447
R-near neighbors: 
Query: 16
Nearest neighbor-1: 58263
distanceLSH: 1530.06
distanceTrue: 881.039
tLSH: 2079
tTrue: 837427
R-near neighbors: 
Query: 17
Nearest neighbor-1: 57110
distanceLSH: 1212.98
distanceTrue: 778.145
tLSH: 2093
tTrue: 826297
R-near neighbors: 
Query: 18
Nearest neighbor-1: 14855
distanceLSH: 2288.93
distanceTrue: 1634.4
tLSH: 2035
tTrue: 899120
R-near neighbors: 
Query: 19
Nearest neighbor-1: 47313
distanceLSH: 1504.9
distanceTrue: 912.137
tLSH: 2074
tTrue: 808069
R-near neighbors: 
Query: 20
Nearest neighbor-1: 26612
distanceLSH: 1191.9
distanceTrue: 945.913
tLSH: 2024
tTrue: 831483
R-near neighbors: 
Query: 21
Nearest neighbor-1: 43498
distanceLSH: 1318.5
distanceTrue: 951.667
tLSH: 2103
tTrue: 826899
R-near neighbors: 
Query: 22
Nearest neighbor-1: 30295
distanceLSH: 1548.49
distanceTrue: 1211.48
tLSH: 2087
tTrue: 843232
R-near neighbors: 
Query: 23
Nearest neighbor-1: 36087
distanceLSH: 1308.21
distanceTrue: 1212.81
tLSH: 2029
tTrue: 825595
R-near neighbors: 
Query: 24
Nearest neighbor-1: 7186
distanceLSH: 1380.56
distanceTrue: 1114.46
tLSH: 2115
tTrue: 812280
R-near neighbors: 
Query: 25
Nearest neighbor-1: 6065
distanceLSH: 1640.47
distanceTrue: 1388.34
tLSH: 2075
tTrue: 929603
R-near neighbors: 
Query: 26
Nearest neighbor-1: 21662
distanceLSH: 1020.58
distanceTrue: 915.757
tLSH: 2067
tTrue: 808170
R-near neighbors: 
Query: 27
Nearest neighbor-1: 33637
distanceLSH: 1267.91
distanceTrue: 1039.88
tLSH: 2135
tTrue: 825674
R-near neighbors: 
Query: 28
Nearest neighbor-1: 9874
distanceLSH: 1393.04
distanceTrue: 1153.52
tLSH: 2049
tTrue: 873743
R-near neighbors: 
Query: 29
Nearest neighbor-1: 2316
distanceLSH: 663.907
distanceTrue: 489.344
tLSH: 2096
tTrue: 784415
R-near neighbors: 
Query: 30
Nearest neighbor-1: 46506
distanceLSH: 1457.68
distanceTrue: 1217.13
tLSH: 2086
tTrue: 824750
R-near neighbors: 
Query: 31
Nearest neighbor-1: 12356
distanceLSH: 745.924
distanceTrue: 431.441
tLSH: 2132
tTrue: 783133
R-near neighbors: 
Query: 32
Nearest neighbor-1: 49142
distanceLSH: 1315.73
distanceTrue: 804.497
tLSH: 2090
tTrue: 839439
R-near neighbors: 
Query: 33
Nearest neighbor-1: 35795
distanceLSH: 2262.33
distanceTrue: 1384.31
tLSH: 2234
tTrue: 880133
R-near neighbors: 
Query: 34
Nearest neighbor-1: 36840
distanceLSH: 1185.53
distanceTrue: 804.335
tLSH: 2008
tTrue: 833703
R-near neighbors: 
Query: 35
Nearest neighbor-1: 45957
distanceLSH: 1616.23
distanceTrue: 1530.99
tLSH: 2028
tTrue: 879741
R-near neighbors: 
Query: 36
Nearest neighbor-1: 33525
distanceLSH: 1318.52
distanceTrue: 1238.68
tLSH: 2095
tTrue: 830639
R-near neighbors: 
Query: 37
Nearest neighbor-1: 56537
distanceLSH: 420.391
distanceTrue: 321.93
tLSH: 2139
tTrue: 794475
R-near neighbors: 
Query: 38
Nearest neighbor-1: 7898
distanceLSH: 1683.76
distanceTrue: 1280.14
tLSH: 2142
tTrue: 829681
R-near neighbors: 
Query: 39
Nearest neighbor-1: 24563
distanceLSH: 898.396
distanceTrue: 480.162
tLSH: 2072
tTrue: 801206
R-near neighbors: 
Query: 40
Nearest neighbor-1: 52444
distanceLSH: 504.746
distanceTrue: 439.772
tLSH: 2170
tTrue: 774952
R-near neighbors: 
Query: 41
Nearest neighbor-1: 9676
distanceLSH: 1431.46
distanceTrue: 1007.95
tLSH: 2155
tTrue: 805612
R-near neighbors: 
Query: 42
Nearest neighbor-1: 7734
distanceLSH: 1263.89
distanceTrue: 1040.68
tLSH: 2098
tTrue: 832760
R-near neighbors: 
Query: 43
Nearest neighbor-1: 32510
distanceLSH: 1804.21
distanceTrue: 1500.39
tLSH: 2128
tTrue: 813217
R-near neighbors: 
Query: 44
Nearest neighbor-1: 18325
distanceLSH: 1131.74
distanceTrue: 1131.74
tLSH: 2142
tTrue: 811520
R-near neighbors: 
Query: 45
Nearest neighbor-1: 22508
distanceLSH: 1263.78
distanceTrue: 1263.78
tLSH: 2058
tTrue: 830284
R-near neighbors: 
Query: 46
Nearest neighbor-1: 25724
distanceLSH: 1131.41
distanceTrue: 635.8
tLSH: 2070
tTrue: 807273
R-near neighbors: 
Query: 47
Nearest neighbor-1: 21796
distanceLSH: 1510.82
distanceTrue: 1312.14
tLSH: 2091
tTrue: 831421
R-near neighbors: 
Query: 48
Nearest neighbor-1: 56799
distanceLSH: 1505.91
distanceTrue: 1272.27
tLSH: 2066
tTrue: 870605
R-near neighbors: 
Query: 49
Nearest neighbor-1: 51248
distanceLSH: 1355.04
distanceTrue: 1054.42
tLSH: 2010
tTrue: 845555
R-near neighbors: 
Query: 50
Nearest neighbor-1: 1779
distanceLSH: 1143.21
distanceTrue: 953.655
tLSH: 2003
tTrue: 819210
R-near neighbors: 
Query: 51
Nearest neighbor-1: 48732
distanceLSH: 1913.48
distanceTrue: 1285.62
tLSH: 2098
tTrue: 879495
R-near neighbors: 
Query: 52
Nearest neighbor-1: 46759
distanceLSH: 1504.45
distanceTrue: 1219.93
tLSH: 1954
tTrue: 840841
R-near neighbors: 
Query: 53
Nearest neighbor-1: 4134
distanceLSH: 1652.97
distanceTrue: 1168.57
tLSH: 2114
tTrue: 837380
R-near neighbors: 
Query: 54
Nearest neighbor-1: 30490
distanceLSH: 2001.19
distanceTrue: 1242.94
tLSH: 2164
tTrue: 906930
R-near neighbors: 
Query: 55
Nearest neighbor-1: 19554
distanceLSH: 1502.26
distanceTrue: 730.933
tLSH: 2042
tTrue: 844079
R-near neighbors: 
Query: 56
Nearest neighbor-1: 18233
distanceLSH: 1751.77
distanceTrue: 1204.69
tLSH: 2125
tTrue: 856597
R-near neighbors: 
Query: 57
Nearest neighbor-1: 25595
distanceLSH: 491.748
distanceTrue: 390.574
tLSH: 1994
tTrue: 781162
R-near neighbors: 
Query: 58
Nearest neighbor-1: 48803
distanceLSH: 1315.47
distanceTrue: 875.187
tLSH: 2068
tTrue: 836626
R-near neighbors: 
Query: 59
Nearest neighbor-1: 53822
distanceLSH: 1392.15
distanceTrue: 1027.37
tLSH: 2095
tTrue: 808365
R-near neighbors: 
Query: 60
Nearest neighbor-1: 18152
distanceLSH: 1337.63
distanceTrue: 1158.07
tLSH: 2084
tTrue: 835623
R-near neighbors: 
Query: 61
Nearest neighbor-1: 15769
distanceLSH: 2099.87
distanceTrue: 1657.31
tLSH: 2031
tTrue: 857669
R-near neighbors: 
Query: 62
Nearest neighbor-1: 8630
distanceLSH: 1294.96
distanceTrue: 1042.9
tLSH: 2062
tTrue: 802039
R-near neighbors: 
Query: 63
Nearest neighbor-1: 29602
distanceLSH: 1848.62
distanceTrue: 1326.84
tLSH: 2079
tTrue: 828350
R-near neighbors: 
Query: 64
Nearest neighbor-1: 15122
distanceLSH: 1769.13
distanceTrue: 1459.39
tLSH: 2110
tTrue: 859855
R-near neighbors: 
Query: 65
Nearest neighbor-1: 52180
distanceLSH: 1350.66
distanceTrue: 1029.84
tLSH: 2017
tTrue: 793148
R-near neighbors: 
Query: 66
Nearest neighbor-1: 27298
distanceLSH: 2088.89
distanceTrue: 1254.9
tLSH: 2076
tTrue: 853934
R-near neighbors: 
Query: 67
Nearest neighbor-1: 56595
distanceLSH: 1322.9
distanceTrue: 1198.5
tLSH: 2004
tTrue: 847531
R-near neighbors: 
Query: 68
Nearest neighbor-1: 9268
distanceLSH: 1602.61
distanceTrue: 958.013
tLSH: 2126
tTrue: 838253
R-near neighbors: 
Query: 69
Nearest neighbor-1: 25304
distanceLSH: 1326.2
distanceTrue: 873.547
tLSH: 2084
tTrue: 881890
R-near neighbors: 
Query: 70
Nearest neighbor-1: 30015
distanceLSH: 1200.91
distanceTrue: 954.377
tLSH: 2148
tTrue: 828128
R-near neighbors: 
Query: 71
Nearest neighbor-1: 283
distanceLSH: 1038.77
distanceTrue: 1013.71
tLSH: 2112
tTrue: 901312
R-near neighbors: 
Query: 72
Nearest neighbor-1: 57953
distanceLSH: 1569.42
distanceTrue: 1542.31
tLSH: 2122
tTrue: 864992
R-near neighbors: 
Query: 73
Nearest neighbor-1: 14386
distanceLSH: 1409.38
distanceTrue: 1123.18
tLSH: 2033
tTrue: 835073
R-near neighbors: 
Query: 74
Nearest neighbor-1: 15888
distanceLSH: 670.215
distanceTrue: 437.254
tLSH: 2021
tTrue: 793391
R-near neighbors: 
Query: 75
Nearest neighbor-1: 34160
distanceLSH: 1662.13
distanceTrue: 961.368
tLSH: 2005
tTrue: 828874
R-near neighbors: 
Query: 76
Nearest neighbor-1: 48978
distanceLSH: 1339.66
distanceTrue: 932.156
tLSH: 2068
tTrue: 815981
R-near neighbors: 
Query: 77
Nearest neighbor-1: 28156
distanceLSH: 2031.88
distanceTrue: 1366.16
tLSH: 2161
tTrue: 826760
R-near neighbors: 
Query: 78
Nearest neighbor-1: 23436
distanceLSH: 1329.14
distanceTrue: 981.83
tLSH: 2098
tTrue: 814764
R-near neighbors: 
Query: 79
Nearest neighbor-1: 31983
distanceLSH: 1383.04
distanceTrue: 869.289
tLSH: 2055
tTrue: 855828
R-near neighbors: 
Query: 80
Nearest neighbor-1: 1014
distanceLSH: 1742.57
distanceTrue: 1025
tLSH: 2199
tTrue: 812304
R-near neighbors: 
Query: 81
Nearest neighbor-1: 9619
distanceLSH: 1609.73
distanceTrue: 1081.65
tLSH: 2129
tTrue: 838878
R-near neighbors: 
Query: 82
Nearest neighbor-1: 4371
distanceLSH: 1252.06
distanceTrue: 1252.06
tLSH: 2060
tTrue: 870811
R-near neighbors: 
Query: 83
Nearest neighbor-1: 44803
distanceLSH: 871.23
distanceTrue: 851.563
tLSH: 2052
tTrue: 811758
R-near neighbors: 
Query: 84
Nearest neighbor-1: 16044
distanceLSH: 2018.79
distanceTrue: 1458.32
tLSH: 2009
tTrue: 866540
R-near neighbors: 
Query: 85
Nearest neighbor-1: 23121
distanceLSH: 1459.97
distanceTrue: 1312.89
tLSH: 2022
tTrue: 874377
R-near neighbors: 
Query: 86
Nearest neighbor-1: 22823
distanceLSH: 977.023
distanceTrue: 761.512
tLSH: 2155
tTrue: 823089
R-near neighbors: 
Query: 87
Nearest neighbor-1: 47876
distanceLSH: 1771.04
distanceTrue: 1480.01
tLSH: 2143
tTrue: 852096
R-near neighbors: 
Query: 88
Nearest neighbor-1: 35222
distanceLSH: 1336.31
distanceTrue: 1051.66
tLSH: 2053
tTrue: 864921
R-near neighbors: 
Query: 89
Nearest neighbor-1: 12930
distanceLSH: 680.463
distanceTrue: 589.283
tLSH: 2112
tTrue: 794468
R-near neighbors: 
Query: 90
Nearest neighbor-1: 15297
distanceLSH: 1420.2
distanceTrue: 1081.47
tLSH: 2071
tTrue: 842916
R-near neighbors: 
Query: 91
Nearest neighbor-1: 48570
distanceLSH: 1298.04
distanceTrue: 908.08
tLSH: 2102
tTrue: 826562
R-near neighbors: 
Query: 92
Nearest neighbor-1: 58804
distanceLSH: 1258.42
distanceTrue: 1045.25
tLSH: 2099
tTrue: 814935
R-near neighbors: 
Query: 93
Nearest neighbor-1: 15482
distanceLSH: 1485.98
distanceTrue: 1173.25
tLSH: 2157
tTrue: 843197
R-near neighbors: 
Query: 94
Nearest neighbor-1: 47446
distanceLSH: 912.892
distanceTrue: 709.255
tLSH: 2018
tTrue: 804652
R-near neighbors: 
Query: 95
Nearest neighbor-1: 10437
distanceLSH: 2326.8
distanceTrue: 1653.3
tLSH: 2116
tTrue: 881846
R-near neighbors: 
Query: 96
Nearest neighbor-1: 33086
distanceLSH: 915.821
distanceTrue: 705.661
tLSH: 2044
tTrue: 791205
R-near neighbors: 
Query: 97
Nearest neighbor-1: 28180
distanceLSH: 2179.51
distanceTrue: 1263.66
tLSH: 2090
tTrue: 847617
R-near neighbors: 
Query: 98
Nearest neighbor-1: 16933
distanceLSH: 1904.97
distanceTrue: 1122.06
tLSH: 2027
tTrue: 841537
R-near neighbors: 
Query: 99
Nearest neighbor-1: 3645
distanceLSH: 1307.51
distanceTrue: 990.712
tLSH: 2107
tTrue: 860347
R-near neighbors: 
tAverageApproximate: 2030
tAverageTrue: 835802
MAF: 2.05526
AAF: 1.36357
