Query: 0
Nearest neighbor-1: 773
distanceLSH: 1173.39
distanceTrue: 670.112
tLSH: 12481
tTrue: 813573
R-near neighbors: 
Query: 1
Nearest neighbor-1: 24612
distanceLSH: 1285.93
distanceTrue: 1162.93
tLSH: 12464
tTrue: 864138
R-near neighbors: 
Query: 2
Nearest neighbor-1: 53004
distanceLSH: 611.883
distanceTrue: 321.663
tLSH: 12536
tTrue: 784063
R-near neighbors: 
Query: 3
Nearest neighbor-1: 46772
distanceLSH: 1404.01
distanceTrue: 1221.58
tLSH: 12625
tTrue: 868094
R-near neighbors: 
Query: 4
Nearest neighbor-1: 55990
distanceLSH: 1427.41
distanceTrue: 1092.53
tLSH: 12599
tTrue: 835629
R-near neighbors: 
Query: 5
Nearest neighbor-1: 51900
distanceLSH: 312.122
distanceTrue: 298.124
tLSH: 12581
tTrue: 792191
R-near neighbors: 
Query: 6
Nearest neighbor-1: 54666
distanceLSH: 1643.31
distanceTrue: 1302.71
tLSH: 12537
tTrue: 840687
R-near neighbors: 
Query: 7
Nearest neighbor-1: 53882
distanceLSH: 1679.59
distanceTrue: 1249.16
tLSH: 12601
tTrue: 833596
R-near neighbors: 
Query: 8
Nearest neighbor-1: 17083
distanceLSH: 2047
distanceTrue: 1735.34
tLSH: 12470
tTrue: 859565
R-near neighbors: 
Query: 9
Nearest neighbor-1: 5044
distanceLSH: 985.211
distanceTrue: 985.211
tLSH: 12499
tTrue: 850131
R-near neighbors: 
Query: 10
Nearest neighbor-1: 34177
distanceLSH: 1176.16
distanceTrue: 1100.89
tLSH: 12690
tTrue: 879545
R-near neighbors: 
Query: 11
Nearest neighbor-1: 19002
distanceLSH: 1520.47
distanceTrue: 1464.38
tLSH: 12713
tTrue: 873322
R-near neighbors: 
Query: 12
Nearest neighbor-1: 1743
distanceLSH: 974.188
distanceTrue: 804.688
tLSH: 12664
tTrue: 824629
R-near neighbors: 
Query: 13
Nearest neighbor-1: 41667
distanceLSH: 1318.43
distanceTrue: 896.576
tLSH: 12485
tTrue: 872341
R-near neighbors: 
Query: 14
Nearest neighbor-1: 1252
distanceLSH: 738.131
distanceTrue: 621.283
tLSH: 12588
tTrue: 786888
R-near neighbors: 
Query: 15
Nearest neighbor-1: 14714
distanceLSH: 1827.34
distanceTrue: 1416.47
tLSH: 12527
tTrue: 853024
R-near neighbors: 
Query: 16
Nearest neighbor-1: 58096
distanceLSH: 1253.3
distanceTrue: 881.039
tLSH: 12704
tTrue: 840574
R-near neighbors: 
Query: 17
Nearest neighbor-1: 6435
distanceLSH: 1116.89
distanceTrue: 778.145
tLSH: 12794
tTrue: 831206
R-near neighbors: 
Query: 18
Nearest neighbor-1: 39100
distanceLSH: 1720.64
distanceTrue: 1634.4
tLSH: 12486
tTrue: 900959
R-near neighbors: 
Query: 19
Nearest neighbor-1: 16359
distanceLSH: 1131.82
distanceTrue: 912.137
tLSH: 12420
tTrue: 813453
R-near neighbors: 
Query: 20
Nearest neighbor-1: 16827
distanceLSH: 946.757
distanceTrue: 945.913
tLSH: 12654
tTrue: 834493
R-near neighbors: 
Query: 21
Nearest neighbor-1: 43678
distanceLSH: 992.671
distanceTrue: 951.667
tLSH: 12528
tTrue: 829359
R-near neighbors: 
Query: 22
Nearest neighbor-1: 34654
distanceLSH: 1389.1
distanceTrue: 1211.48
tLSH: 12524
tTrue: 845760
R-near neighbors: 
Query: 23
Nearest neighbor-1: 35915
distanceLSH: 1440.57
distanceTrue: 1212.81
tLSH: 12517
tTrue: 827774
R-near neighbors: 
Query: 24
Nearest neighbor-1: 3588
distanceLSH: 1185.48
distanceTrue: 1114.46
tLSH: 12631
tTrue: 816881
R-near neighbors: 
Query: 25
Nearest neighbor-1: 8901
distanceLSH: 1717.41
distanceTrue: 1388.34
tLSH: 12792
tTrue: 932022
R-near neighbors: 
Query: 26
Nearest neighbor-1: 43190
distanceLSH: 1211.88
distanceTrue: 915.757
tLSH: 12491
tTrue: 812881
R-near neighbors: 
Query: 27
Nearest neighbor-1: 57712
distanceLSH: 1133.97
distanceTrue: 1039.88
tLSH: 12656
tTrue: 826958
R-near neighbors: 
Query: 28
Nearest neighbor-1: 18295
distanceLSH: 1419.67
distanceTrue: 1153.52
tLSH: 12588
tTrue: 875148
R-near neighbors: 
Query: 29
Nearest neighbor-1: 26250
distanceLSH: 686.004
distanceTrue: 489.344
tLSH: 12538
tTrue: 788342
R-near neighbors: 
Query: 30
Nearest neighbor-1: 39290
distanceLSH: 1321.32
distanceTrue: 1217.13
tLSH: 12471
tTrue: 828775
R-near neighbors: 
Query: 31
Nearest neighbor-1: 33586
distanceLSH: 658.651
distanceTrue: 431.441
tLSH: 12557
tTrue: 785360
R-near neighbors: 
Query: 32
Nearest neighbor-1: 49142
distanceLSH: 1315.73
distanceTrue: 804.497
tLSH: 12501
tTrue: 842554
R-near neighbors: 
Query: 33
Nearest neighbor-1: 17426
distanceLSH: 2364.22
distanceTrue: 1384.31
tLSH: 12612
tTrue: 882017
R-near neighbors: 
Query: 34
Nearest neighbor-1: 3081
distanceLSH: 1077.93
distanceTrue: 804.335
tLSH: 12477
tTrue: 842235
R-near neighbors: 
Query: 35
Nearest neighbor-1: 3965
distanceLSH: 1909.65
distanceTrue: 1530.99
tLSH: 12994
tTrue: 873728
R-near neighbors: 
Query: 36
Nearest neighbor-1: 21160
distanceLSH: 1538.37
distanceTrue: 1238.68
tLSH: 12782
tTrue: 832104
R-near neighbors: 
Query: 37
Nearest neighbor-1: 23404
distanceLSH: 780.495
distanceTrue: 321.93
tLSH: 12577
tTrue: 793524
R-near neighbors: 
Query: 38
Nearest neighbor-1: 31852
distanceLSH: 1784.78
distanceTrue: 1280.14
tLSH: 12605
tTrue: 831579
R-near neighbors: 
Query: 39
Nearest neighbor-1: 47681
distanceLSH: 756.323
distanceTrue: 480.162
tLSH: 12576
tTrue: 799379
R-near neighbors: 
Query: 40
Nearest neighbor-1: 57740
distanceLSH: 638.682
distanceTrue: 439.772
tLSH: 12543
tTrue: 775729
R-near neighbors: 
Query: 41
Nearest neighbor-1: 34576
distanceLSH: 1279.54
distanceTrue: 1007.95
tLSH: 12663
tTrue: 805843
R-near neighbors: 
Query: 42
Nearest neighbor-1: 33761
distanceLSH: 1267.41
distanceTrue: 1040.68
tLSH: 12499
tTrue: 831883
R-near neighbors: 
Query: 43
Nearest neighbor-1: 52574
distanceLSH: 1679.26
distanceTrue: 1500.39
tLSH: 12872
tTrue: 818000
R-near neighbors: 
Query: 44
Nearest neighbor-1: 18249
distanceLSH: 1233.12
distanceTrue: 1131.74
tLSH: 12688
tTrue: 810691
R-near neighbors: 
Query: 45
Nearest neighbor-1: 46290
distanceLSH: 1362.39
distanceTrue: 1263.78
tLSH: 12545
tTrue: 831242
R-near neighbors: 
Query: 46
Nearest neighbor-1: 33048
distanceLSH: 936.378
distanceTrue: 635.8
tLSH: 12428
tTrue: 812192
R-near neighbors: 
Query: 47
Nearest neighbor-1: 3042
distanceLSH: 1689.54
distanceTrue: 1312.14
tLSH: 12578
tTrue: 830913
R-near neighbors: 
Query: 48
Nearest neighbor-1: 56799
distanceLSH: 1505.91
distanceTrue: 1272.27
tLSH: 12613
tTrue: 872681
R-near neighbors: 
Query: 49
Nearest neighbor-1: 23528
distanceLSH: 1209.63
distanceTrue: 1054.42
tLSH: 12605
tTrue: 848398
R-near neighbors: 
Query: 50
Nearest neighbor-1: 34535
distanceLSH: 969.523
distanceTrue: 953.655
tLSH: 12579
tTrue: 819519
R-near neighbors: 
Query: 51
Nearest neighbor-1: 4471
distanceLSH: 1660.52
distanceTrue: 1285.62
tLSH: 12714
tTrue: 881682
R-near neighbors: 
Query: 52
Nearest neighbor-1: 33511
distanceLSH: 1529.06
distanceTrue: 1219.93
tLSH: 12527
tTrue: 845853
R-near neighbors: 
Query: 53
Nearest neighbor-1: 47952
distanceLSH: 1445.73
distanceTrue: 1168.57
tLSH: 12614
tTrue: 840526
R-near neighbors: 
Query: 54
Nearest neighbor-1: 42481
distanceLSH: 2329.59
distanceTrue: 1242.94
tLSH: 12675
tTrue: 908328
R-near neighbors: 
Query: 55
Nearest neighbor-1: 13916
distanceLSH: 1357.56
distanceTrue: 730.933
tLSH: 12542
tTrue: 849894
R-near neighbors: 
Query: 56
Nearest neighbor-1: 28573
distanceLSH: 1491.36
distanceTrue: 1204.69
tLSH: 12366
tTrue: 864732
R-near neighbors: 
Query: 57
Nearest neighbor-1: 34938
distanceLSH: 577.33
distanceTrue: 390.574
tLSH: 12699
tTrue: 782192
R-near neighbors: 
Query: 58
Nearest neighbor-1: 54517
distanceLSH: 1096.57
distanceTrue: 875.187
tLSH: 12511
tTrue: 837018
R-near neighbors: 
Query: 59
Nearest neighbor-1: 13699
distanceLSH: 1656.25
distanceTrue: 1027.37
tLSH: 12620
tTrue: 810835
R-near neighbors: 
Query: 60
Nearest neighbor-1: 50269
distanceLSH: 1495.34
distanceTrue: 1158.07
tLSH: 12574
tTrue: 836356
R-near neighbors: 
Query: 61
Nearest neighbor-1: 2555
distanceLSH: 1951.12
distanceTrue: 1657.31
tLSH: 12598
tTrue: 856317
R-near neighbors: 
Query: 62
Nearest neighbor-1: 58054
distanceLSH: 1059.84
distanceTrue: 1042.9
tLSH: 12561
tTrue: 804537
R-near neighbors: 
Query: 63
Nearest neighbor-1: 11511
distanceLSH: 1633.77
distanceTrue: 1326.84
tLSH: 12641
tTrue: 830275
R-near neighbors: 
Query: 64
Nearest neighbor-1: 51558
distanceLSH: 1595.37
distanceTrue: 1459.39
tLSH: 12447
tTrue: 859818
R-near neighbors: 
Query: 65
Nearest neighbor-1: 17916
distanceLSH: 1215.42
distanceTrue: 1029.84
tLSH: 12453
tTrue: 796647
R-near neighbors: 
Query: 66
Nearest neighbor-1: 11386
distanceLSH: 1268.26
distanceTrue: 1254.9
tLSH: 12563
tTrue: 859381
R-near neighbors: 
Query: 67
Nearest neighbor-1: 15078
distanceLSH: 1769.27
distanceTrue: 1198.5
tLSH: 12555
tTrue: 849621
R-near neighbors: 
Query: 68
Nearest neighbor-1: 5588
distanceLSH: 1109.91
distanceTrue: 958.013
tLSH: 12547
tTrue: 839694
R-near neighbors: 
Query: 69
Nearest neighbor-1: 36146
distanceLSH: 1578.34
distanceTrue: 873.547
tLSH: 12658
tTrue: 881661
R-near neighbors: 
Query: 70
Nearest neighbor-1: 52256
distanceLSH: 1154.94
distanceTrue: 954.377
tLSH: 12561
tTrue: 831074
R-near neighbors: 
Query: 71
Nearest neighbor-1: 2100
distanceLSH: 1267.17
distanceTrue: 1013.71
tLSH: 12496
tTrue: 903431
R-near neighbors: 
Query: 72
Nearest neighbor-1: 33697
distanceLSH: 1718.12
distanceTrue: 1542.31
tLSH: 12550
tTrue: 867729
R-near neighbors: 
Query: 73
Nearest neighbor-1: 43183
distanceLSH: 1370.36
distanceTrue: 1123.18
tLSH: 12529
tTrue: 834742
R-near neighbors: 
Query: 74
Nearest neighbor-1: 9693
distanceLSH: 517.395
distanceTrue: 437.254
tLSH: 12608
tTrue: 793439
R-near neighbors: 
Query: 75
Nearest neighbor-1: 47568
distanceLSH: 1486.88
distanceTrue: 961.368
tLSH: 12626
tTrue: 826836
R-near neighbors: 
Query: 76
Nearest neighbor-1: 24336
distanceLSH: 1433.54
distanceTrue: 932.156
tLSH: 12429
tTrue: 816647
R-near neighbors: 
Query: 77
Nearest neighbor-1: 42092
distanceLSH: 2115.72
distanceTrue: 1366.16
tLSH: 12480
tTrue: 829469
R-near neighbors: 
Query: 78
Nearest neighbor-1: 27705
distanceLSH: 1302.32
distanceTrue: 981.83
tLSH: 12579
tTrue: 816163
R-near neighbors: 
Query: 79
Nearest neighbor-1: 39399
distanceLSH: 1304.45
distanceTrue: 869.289
tLSH: 12573
tTrue: 857486
R-near neighbors: 
Query: 80
Nearest neighbor-1: 9603
distanceLSH: 1173.76
distanceTrue: 1025
tLSH: 12509
tTrue: 818467
R-near neighbors: 
Query: 81
Nearest neighbor-1: 9619
distanceLSH: 1609.73
distanceTrue: 1081.65
tLSH: 12520
tTrue: 837088
R-near neighbors: 
Query: 82
Nearest neighbor-1: 39249
distanceLSH: 1356.14
distanceTrue: 1252.06
tLSH: 12617
tTrue: 872053
R-near neighbors: 
Query: 83
Nearest neighbor-1: 44803
distanceLSH: 871.23
distanceTrue: 851.563
tLSH: 12452
tTrue: 813839
R-near neighbors: 
Query: 84
Nearest neighbor-1: 33481
distanceLSH: 1577.34
distanceTrue: 1458.32
tLSH: 12868
tTrue: 865863
R-near neighbors: 
Query: 85
Nearest neighbor-1: 39638
distanceLSH: 1413.59
distanceTrue: 1312.89
tLSH: 12498
tTrue: 873542
R-near neighbors: 
Query: 86
Nearest neighbor-1: 2711
distanceLSH: 969.234
distanceTrue: 761.512
tLSH: 12701
tTrue: 822968
R-near neighbors: 
Query: 87
Nearest neighbor-1: 1378
distanceLSH: 1768.36
distanceTrue: 1480.01
tLSH: 12550
tTrue: 858911
R-near neighbors: 
Query: 88
Nearest neighbor-1: 50551
distanceLSH: 1345.53
distanceTrue: 1051.66
tLSH: 12488
tTrue: 864711
R-near neighbors: 
Query: 89
Nearest neighbor-1: 25112
distanceLSH: 589.283
distanceTrue: 589.283
tLSH: 12488
tTrue: 798531
R-near neighbors: 
Query: 90
Nearest neighbor-1: 30717
distanceLSH: 1138.33
distanceTrue: 1081.47
tLSH: 12729
tTrue: 844317
R-near neighbors: 
Query: 91
Nearest neighbor-1: 48740
distanceLSH: 1106.09
distanceTrue: 908.08
tLSH: 12451
tTrue: 827841
R-near neighbors: 
Query: 92
Nearest neighbor-1: 23743
distanceLSH: 1284.87
distanceTrue: 1045.25
tLSH: 12464
tTrue: 815918
R-near neighbors: 
Query: 93
Nearest neighbor-1: 50815
distanceLSH: 1319.68
distanceTrue: 1173.25
tLSH: 12454
tTrue: 842173
R-near neighbors: 
Query: 94
Nearest neighbor-1: 39362
distanceLSH: 896.234
distanceTrue: 709.255
tLSH: 12603
tTrue: 809217
R-near neighbors: 
Query: 95
Nearest neighbor-1: 8603
distanceLSH: 1902.17
distanceTrue: 1653.3
tLSH: 12566
tTrue: 888960
R-near neighbors: 
Query: 96
Nearest neighbor-1: 27455
distanceLSH: 984.352
distanceTrue: 705.661
tLSH: 12499
tTrue: 793542
R-near neighbors: 
Query: 97
Nearest neighbor-1: 46874
distanceLSH: 1638.35
distanceTrue: 1263.66
tLSH: 12567
tTrue: 848131
R-near neighbors: 
Query: 98
Nearest neighbor-1: 22986
distanceLSH: 1465.93
distanceTrue: 1122.06
tLSH: 13011
tTrue: 842240
R-near neighbors: 
Query: 99
Nearest neighbor-1: 22216
distanceLSH: 1062.41
distanceTrue: 990.712
tLSH: 12678
tTrue: 858077
R-near neighbors: 
tAverageApproximate: 12528
tAverageTrue: 837792
MAF: 2.42442
AAF: 1.28432
