Query: 0
Nearest neighbor-1: 6475
distanceLSH: 1119.27
distanceTrue: 670.112
tLSH: 364
tTrue: 811170
R-near neighbors: 
Query: 1
Nearest neighbor-1: 57442
distanceLSH: 1528.05
distanceTrue: 1162.93
tLSH: 347
tTrue: 863002
R-near neighbors: 
Query: 2
Nearest neighbor-1: 42546
distanceLSH: 802.513
distanceTrue: 321.663
tLSH: 375
tTrue: 783653
R-near neighbors: 
Query: 3
Nearest neighbor-1: 10821
distanceLSH: 1926.15
distanceTrue: 1221.58
tLSH: 374
tTrue: 865617
R-near neighbors: 
Query: 4
Nearest neighbor-1: 23150
distanceLSH: 1662.48
distanceTrue: 1092.53
tLSH: 432
tTrue: 832844
R-near neighbors: 
Query: 5
Nearest neighbor-1: 48175
distanceLSH: 870.722
distanceTrue: 298.124
tLSH: 367
tTrue: 792638
R-near neighbors: 
Query: 6
Nearest neighbor-1: 24874
distanceLSH: 1800.2
distanceTrue: 1302.71
tLSH: 344
tTrue: 838572
R-near neighbors: 
Query: 7
Nearest neighbor-1: 55552
distanceLSH: 1826.83
distanceTrue: 1249.16
tLSH: 404
tTrue: 829466
R-near neighbors: 
Query: 8
Nearest neighbor-1: 48451
distanceLSH: 2307.39
distanceTrue: 1735.34
tLSH: 405
tTrue: 861361
R-near neighbors: 
Query: 9
Nearest neighbor-1: 54955
distanceLSH: 1455.17
distanceTrue: 985.211
tLSH: 422
tTrue: 846704
R-near neighbors: 
Query: 10
Nearest neighbor-1: 34656
distanceLSH: 1258.86
distanceTrue: 1100.89
tLSH: 383
tTrue: 877159
R-near neighbors: 
Query: 11
Nearest neighbor-1: 26114
distanceLSH: 2319.69
distanceTrue: 1464.38
tLSH: 352
tTrue: 871913
R-near neighbors: 
Query: 12
Nearest neighbor-1: 30825
distanceLSH: 1310.14
distanceTrue: 804.688
tLSH: 377
tTrue: 819656
R-near neighbors: 
Query: 13
Nearest neighbor-1: 44000
distanceLSH: 1721.32
distanceTrue: 896.576
tLSH: 351
tTrue: 872539
R-near neighbors: 
Query: 14
Nearest neighbor-1: 18389
distanceLSH: 962.981
distanceTrue: 621.283
tLSH: 383
tTrue: 796920
R-near neighbors: 
Query: 15
Nearest neighbor-1: 57900
distanceLSH: 2200.39
distanceTrue: 1416.47
tLSH: 377
tTrue: 855775
R-near neighbors: 
Query: 16
Nearest neighbor-1: 25905
distanceLSH: 1515.96
distanceTrue: 881.039
tLSH: 402
tTrue: 841627
R-near neighbors: 
Query: 17
Nearest neighbor-1: 57858
distanceLSH: 1909.68
distanceTrue: 778.145
tLSH: 403
tTrue: 828962
R-near neighbors: 
Query: 18
Nearest neighbor-1: 38760
distanceLSH: 2541.49
distanceTrue: 1634.4
tLSH: 398
tTrue: 899496
R-near neighbors: 
Query: 19
Nearest neighbor-1: 23266
distanceLSH: 1439.46
distanceTrue: 912.137
tLSH: 374
tTrue: 813859
R-near neighbors: 
Query: 20
Nearest neighbor-1: 8345
distanceLSH: 1568.35
distanceTrue: 945.913
tLSH: 379
tTrue: 835101
R-near neighbors: 
Query: 21
Nearest neighbor-1: 106
distanceLSH: 1289.16
distanceTrue: 951.667
tLSH: 395
tTrue: 828038
R-near neighbors: 
Query: 22
Nearest neighbor-1: 22035
distanceLSH: 2181.79
distanceTrue: 1211.48
tLSH: 370
tTrue: 845916
R-near neighbors: 
Query: 23
Nearest neighbor-1: 32200
distanceLSH: 2058.93
distanceTrue: 1212.81
tLSH: 385
tTrue: 828572
R-near neighbors: 
Query: 24
Nearest neighbor-1: 4026
distanceLSH: 1505.02
distanceTrue: 1114.46
tLSH: 404
tTrue: 812470
R-near neighbors: 
Query: 25
Nearest neighbor-1: 47816
distanceLSH: 1777.87
distanceTrue: 1388.34
tLSH: 349
tTrue: 930123
R-near neighbors: 
Query: 26
Nearest neighbor-1: 44254
distanceLSH: 1360.22
distanceTrue: 915.757
tLSH: 386
tTrue: 810084
R-near neighbors: 
Query: 27
Nearest neighbor-1: 2832
distanceLSH: 1469.92
distanceTrue: 1039.88
tLSH: 386
tTrue: 823903
R-near neighbors: 
Query: 28
Nearest neighbor-1: 30929
distanceLSH: 1530.09
distanceTrue: 1153.52
tLSH: 373
tTrue: 876393
R-near neighbors: 
Query: 29
Nearest neighbor-1: 2316
distanceLSH: 663.907
distanceTrue: 489.344
tLSH: 406
tTrue: 785842
R-near neighbors: 
Query: 30
Nearest neighbor-1: 46902
distanceLSH: 1713.24
distanceTrue: 1217.13
tLSH: 405
tTrue: 825516
R-near neighbors: 
Query: 31
Nearest neighbor-1: 26774
distanceLSH: 571.966
distanceTrue: 431.441
tLSH: 395
tTrue: 782742
R-near neighbors: 
Query: 32
Nearest neighbor-1: 42898
distanceLSH: 1506.48
distanceTrue: 804.497
tLSH: 421
tTrue: 839776
R-near neighbors: 
Query: 33
Nearest neighbor-1: 31903
distanceLSH: 2243.55
distanceTrue: 1384.31
tLSH: 393
tTrue: 878737
R-near neighbors: 
Query: 34
Nearest neighbor-1: 4000
distanceLSH: 905.965
distanceTrue: 804.335
tLSH: 382
tTrue: 836335
R-near neighbors: 
Query: 35
Nearest neighbor-1: 53835
distanceLSH: 2213.96
distanceTrue: 1530.99
tLSH: 402
tTrue: 872637
R-near neighbors: 
Query: 36
Nearest neighbor-1: 56382
distanceLSH: 1439.27
distanceTrue: 1238.68
tLSH: 430
tTrue: 830397
R-near neighbors: 
Query: 37
Nearest neighbor-1: 52244
distanceLSH: 617.968
distanceTrue: 321.93
tLSH: 388
tTrue: 791085
R-near neighbors: 
Query: 38
Nearest neighbor-1: 29719
distanceLSH: 1895.88
distanceTrue: 1280.14
tLSH: 398
tTrue: 829022
R-near neighbors: 
Query: 39
Nearest neighbor-1: 19421
distanceLSH: 879.331
distanceTrue: 480.162
tLSH: 389
tTrue: 797371
R-near neighbors: 
Query: 40
Nearest neighbor-1: 34222
distanceLSH: 520.555
distanceTrue: 439.772
tLSH: 416
tTrue: 776143
R-near neighbors: 
Query: 41
Nearest neighbor-1: 56453
distanceLSH: 1400.69
distanceTrue: 1007.95
tLSH: 383
tTrue: 805182
R-near neighbors: 
Query: 42
Nearest neighbor-1: 3280
distanceLSH: 1292.13
distanceTrue: 1040.68
tLSH: 381
tTrue: 830126
R-near neighbors: 
Query: 43
Nearest neighbor-1: 56123
distanceLSH: 1755.81
distanceTrue: 1500.39
tLSH: 361
tTrue: 814845
R-near neighbors: 
Query: 44
Nearest neighbor-1: 3320
distanceLSH: 1903.39
distanceTrue: 1131.74
tLSH: 399
tTrue: 809552
R-near neighbors: 
Query: 45
Nearest neighbor-1: 54331
distanceLSH: 1532.93
distanceTrue: 1263.78
tLSH: 377
tTrue: 829057
R-near neighbors: 
Query: 46
Nearest neighbor-1: 15154
distanceLSH: 934.305
distanceTrue: 635.8
tLSH: 392
tTrue: 809850
R-near neighbors: 
Query: 47
Nearest neighbor-1: 49857
distanceLSH: 1785.5
distanceTrue: 1312.14
tLSH: 425
tTrue: 830854
R-near neighbors: 
Query: 48
Nearest neighbor-1: 22768
distanceLSH: 1541.7
distanceTrue: 1272.27
tLSH: 406
tTrue: 870438
R-near neighbors: 
Query: 49
Nearest neighbor-1: 16450
distanceLSH: 1846.15
distanceTrue: 1054.42
tLSH: 405
tTrue: 846543
R-near neighbors: 
Query: 50
Nearest neighbor-1: 35683
distanceLSH: 1456.47
distanceTrue: 953.655
tLSH: 408
tTrue: 818407
R-near neighbors: 
Query: 51
Nearest neighbor-1: 15246
distanceLSH: 2110.25
distanceTrue: 1285.62
tLSH: 406
tTrue: 879119
R-near neighbors: 
Query: 52
Nearest neighbor-1: 26387
distanceLSH: 1633.36
distanceTrue: 1219.93
tLSH: 405
tTrue: 842200
R-near neighbors: 
Query: 53
Nearest neighbor-1: 46924
distanceLSH: 1568.37
distanceTrue: 1168.57
tLSH: 389
tTrue: 837317
R-near neighbors: 
Query: 54
Nearest neighbor-1: 26511
distanceLSH: 2437.11
distanceTrue: 1242.94
tLSH: 371
tTrue: 905264
R-near neighbors: 
Query: 55
Nearest neighbor-1: 6645
distanceLSH: 1790.49
distanceTrue: 730.933
tLSH: 439
tTrue: 845622
R-near neighbors: 
Query: 56
Nearest neighbor-1: 10310
distanceLSH: 1682.91
distanceTrue: 1204.69
tLSH: 385
tTrue: 858028
R-near neighbors: 
Query: 57
Nearest neighbor-1: 50225
distanceLSH: 861.322
distanceTrue: 390.574
tLSH: 419
tTrue: 779409
R-near neighbors: 
Query: 58
Nearest neighbor-1: 15693
distanceLSH: 1319.4
distanceTrue: 875.187
tLSH: 401
tTrue: 838892
R-near neighbors: 
Query: 59
Nearest neighbor-1: 44964
distanceLSH: 1693.2
distanceTrue: 1027.37
tLSH: 421
tTrue: 808131
R-near neighbors: 
Query: 60
Nearest neighbor-1: 14741
distanceLSH: 1401.45
distanceTrue: 1158.07
tLSH: 362
tTrue: 832603
R-near neighbors: 
Query: 61
Nearest neighbor-1: 19475
distanceLSH: 1950.29
distanceTrue: 1657.31
tLSH: 407
tTrue: 856215
R-near neighbors: 
Query: 62
Nearest neighbor-1: 22116
distanceLSH: 1527.76
distanceTrue: 1042.9
tLSH: 407
tTrue: 802123
R-near neighbors: 
Query: 63
Nearest neighbor-1: 31544
distanceLSH: 1870.32
distanceTrue: 1326.84
tLSH: 372
tTrue: 826160
R-near neighbors: 
Query: 64
Nearest neighbor-1: 49315
distanceLSH: 1877.86
distanceTrue: 1459.39
tLSH: 378
tTrue: 861971
R-near neighbors: 
Query: 65
Nearest neighbor-1: 9938
distanceLSH: 1471.92
distanceTrue: 1029.84
tLSH: 372
tTrue: 794176
R-near neighbors: 
Query: 66
Nearest neighbor-1: 33006
distanceLSH: 1745.44
distanceTrue: 1254.9
tLSH: 375
tTrue: 853373
R-near neighbors: 
Query: 67
Nearest neighbor-1: 45173
distanceLSH: 2085.23
distanceTrue: 1198.5
tLSH: 347
tTrue: 847284
R-near neighbors: 
Query: 68
Nearest neighbor-1: 18770
distanceLSH: 1704.31
distanceTrue: 958.013
tLSH: 373
tTrue: 837537
R-near neighbors: 
Query: 69
Nearest neighbor-1: 23210
distanceLSH: 1532.71
distanceTrue: 873.547
tLSH: 379
tTrue: 878745
R-near neighbors: 
Query: 70
Nearest neighbor-1: 36479
distanceLSH: 1708.84
distanceTrue: 954.377
tLSH: 348
tTrue: 830589
R-near neighbors: 
Query: 71
Nearest neighbor-1: 293
distanceLSH: 1534.21
distanceTrue: 1013.71
tLSH: 365
tTrue: 900354
R-near neighbors: 
Query: 72
Nearest neighbor-1: 50695
distanceLSH: 2133.16
distanceTrue: 1542.31
tLSH: 411
tTrue: 865953
R-near neighbors: 
Query: 73
Nearest neighbor-1: 22423
distanceLSH: 1497.09
distanceTrue: 1123.18
tLSH: 404
tTrue: 833678
R-near neighbors: 
Query: 74
Nearest neighbor-1: 34206
distanceLSH: 599.161
distanceTrue: 437.254
tLSH: 415
tTrue: 791569
R-near neighbors: 
Query: 75
Nearest neighbor-1: 49846
distanceLSH: 1854.75
distanceTrue: 961.368
tLSH: 389
tTrue: 825350
R-near neighbors: 
Query: 76
Nearest neighbor-1: 53846
distanceLSH: 1554.11
distanceTrue: 932.156
tLSH: 398
tTrue: 818107
R-near neighbors: 
Query: 77
Nearest neighbor-1: 1988
distanceLSH: 1735.39
distanceTrue: 1366.16
tLSH: 389
tTrue: 826544
R-near neighbors: 
Query: 78
Nearest neighbor-1: 33981
distanceLSH: 1329.29
distanceTrue: 981.83
tLSH: 327
tTrue: 813268
R-near neighbors: 
Query: 79
Nearest neighbor-1: 48593
distanceLSH: 1490.06
distanceTrue: 869.289
tLSH: 366
tTrue: 859770
R-near neighbors: 
Query: 80
Nearest neighbor-1: 49956
distanceLSH: 1538.04
distanceTrue: 1025
tLSH: 372
tTrue: 812760
R-near neighbors: 
Query: 81
Nearest neighbor-1: 1849
distanceLSH: 1540.26
distanceTrue: 1081.65
tLSH: 423
tTrue: 835584
R-near neighbors: 
Query: 82
Nearest neighbor-1: 53733
distanceLSH: 1925.99
distanceTrue: 1252.06
tLSH: 396
tTrue: 877138
R-near neighbors: 
Query: 83
Nearest neighbor-1: 53680
distanceLSH: 1601.77
distanceTrue: 851.563
tLSH: 396
tTrue: 814012
R-near neighbors: 
Query: 84
Nearest neighbor-1: 34804
distanceLSH: 2404.77
distanceTrue: 1458.32
tLSH: 409
tTrue: 864356
R-near neighbors: 
Query: 85
Nearest neighbor-1: 27979
distanceLSH: 1998.66
distanceTrue: 1312.89
tLSH: 383
tTrue: 873754
R-near neighbors: 
Query: 86
Nearest neighbor-1: 8362
distanceLSH: 1218.09
distanceTrue: 761.512
tLSH: 410
tTrue: 820686
R-near neighbors: 
Query: 87
Nearest neighbor-1: 23357
distanceLSH: 1721.17
distanceTrue: 1480.01
tLSH: 432
tTrue: 851301
R-near neighbors: 
Query: 88
Nearest neighbor-1: 35714
distanceLSH: 1754.8
distanceTrue: 1051.66
tLSH: 353
tTrue: 866901
R-near neighbors: 
Query: 89
Nearest neighbor-1: 48871
distanceLSH: 874.552
distanceTrue: 589.283
tLSH: 409
tTrue: 796614
R-near neighbors: 
Query: 90
Nearest neighbor-1: 33655
distanceLSH: 1576.89
distanceTrue: 1081.47
tLSH: 350
tTrue: 845319
R-near neighbors: 
Query: 91
Nearest neighbor-1: 11263
distanceLSH: 1499.31
distanceTrue: 908.08
tLSH: 346
tTrue: 827325
R-near neighbors: 
Query: 92
Nearest neighbor-1: 30121
distanceLSH: 1622.37
distanceTrue: 1045.25
tLSH: 384
tTrue: 813703
R-near neighbors: 
Query: 93
Nearest neighbor-1: 15482
distanceLSH: 1485.98
distanceTrue: 1173.25
tLSH: 321
tTrue: 842863
R-near neighbors: 
Query: 94
Nearest neighbor-1: 14061
distanceLSH: 1138.76
distanceTrue: 709.255
tLSH: 387
tTrue: 806610
R-near neighbors: 
Query: 95
Nearest neighbor-1: 36641
distanceLSH: 1738.07
distanceTrue: 1653.3
tLSH: 400
tTrue: 881932
R-near neighbors: 
Query: 96
Nearest neighbor-1: 1786
distanceLSH: 1271.83
distanceTrue: 705.661
tLSH: 398
tTrue: 790653
R-near neighbors: 
Query: 97
Nearest neighbor-1: 10295
distanceLSH: 2057.76
distanceTrue: 1263.66
tLSH: 353
tTrue: 849030
R-near neighbors: 
Query: 98
Nearest neighbor-1: 44394
distanceLSH: 1695.82
distanceTrue: 1122.06
tLSH: 373
tTrue: 840945
R-near neighbors: 
Query: 99
Nearest neighbor-1: 11376
distanceLSH: 1469.61
distanceTrue: 990.712
tLSH: 366
tTrue: 857710
R-near neighbors: 
tAverageApproximate: 334
tAverageTrue: 836181
MAF: 2.92067
AAF: 1.54852
